<!DOCTYPE html>
<html lang="zh-CN">
<head>
    <meta charset="UTF-8">
    <meta name="viewport" content="width=device-width, initial-scale=1.0">
    <title>自动化测试聚合报告</title>
    <link href="https://cdn.jsdelivr.net/npm/bootstrap@5.1.3/dist/css/bootstrap.min.css" rel="stylesheet">
    <link href="https://cdn.jsdelivr.net/npm/bootstrap-icons@1.8.1/font/bootstrap-icons.css" rel="stylesheet">
    <script src="https://cdn.jsdelivr.net/npm/echarts@5.3.2/dist/echarts.min.js"></script>
    <style>
        :root {
            --primary-bg: #f8f9fa;
            --card-bg: #ffffff;
            --text-main: #2c3e50;
        }
        body { background-color: var(--primary-bg); color: var(--text-main); font-family: 'Segoe UI', Roboto, Arial, sans-serif; font-size: 0.875rem; }
        .dashboard-header { background: #fff; padding: 12px 20px; box-shadow: 0 1px 3px rgba(0,0,0,0.05); margin-bottom: 20px; }
        .stat-card { border: none; border-radius: 8px; box-shadow: 0 2px 4px rgba(0,0,0,0.05); transition: transform 0.2s; }
        .stat-card:hover { transform: translateY(-3px); }
        .stat-card .card-body { padding: 16px; }
        .stat-icon { font-size: 1.8rem; opacity: 0.8; }
        .module-card { border: none; border-radius: 8px; margin-bottom: 10px; box-shadow: 0 1px 3px rgba(0,0,0,0.02); }
        .pass-badge { background-color: #e6f9ee; color: #00b894; padding: 3px 8px; border-radius: 12px; font-weight: 600; font-size: 0.75rem; }
        .fail-badge { background-color: #fff0f0; color: #d63031; padding: 3px 8px; border-radius: 12px; font-weight: 600; font-size: 0.75rem; }
        .warn-badge { background-color: #fffce6; color: #fdcb6e; padding: 3px 8px; border-radius: 12px; font-weight: 600; font-size: 0.75rem; }
        .table th { font-weight: 600; color: #636e72; font-size: 0.825rem; padding: 8px 12px; }
        .table td { padding: 8px 12px; font-size: 0.875rem; }
        .log-preview { background: #2d3436; color: #dfe6e9; padding: 8px; border-radius: 4px; font-size: 0.75rem; max-height: 150px; overflow-y: auto; display: none; }
        .chart-container { background: #fff; border-radius: 8px; padding: 16px; box-shadow: 0 2px 4px rgba(0,0,0,0.05); height: 300px; }
        .key-log-line { color: #ff7675; font-weight: bold; }
        .accordion-button { padding: 10px 12px; font-size: 0.875rem; }
        .accordion-body { padding: 12px; }
    </style>
</head>
<body>

    <!-- 顶部导航 -->
    <div class="dashboard-header">
        <div class="container-fluid d-flex justify-content-between align-items-center">
            <h4 class="mb-0"><i class="bi bi-speedometer2 text-primary me-2"></i>自动化测试聚合报告</h4>
            <div class="text-muted small">
                生成时间: 2026-02-19 15:30:32
            </div>
        </div>
    </div>

    <div class="container-fluid px-3">
        <!-- 统计卡片 -->
        <div class="row g-3 mb-3">
            <div class="col-md-3">
                <div class="card stat-card bg-white h-100">
                    <div class="card-body d-flex align-items-center justify-content-between">
                        <div>
                            <h6 class="text-muted mb-2">覆盖模块</h6>
                            <h2 class="mb-0 fw-bold">5</h2>
                        </div>
                        <i class="bi bi-collection text-primary stat-icon"></i>
                    </div>
                </div>
            </div>
            <div class="col-md-3">
                <div class="card stat-card bg-white h-100">
                    <div class="card-body d-flex align-items-center justify-content-between">
                        <div>
                            <h6 class="text-muted mb-2">总通过率</h6>
                            <h2 class="mb-0 fw-bold text-danger">
                                75.76%
                            </h2>
                        </div>
                        <i class="bi bi-pie-chart-fill stat-icon text-danger"></i>
                    </div>
                </div>
            </div>
            <div class="col-md-3">
                <div class="card stat-card bg-white h-100">
                    <div class="card-body d-flex align-items-center justify-content-between">
                        <div>
                            <h6 class="text-muted mb-2">总用例数</h6>
                            <h2 class="mb-0 fw-bold">499</h2>
                        </div>
                        <i class="bi bi-list-check text-info stat-icon"></i>
                    </div>
                </div>
            </div>
            <div class="col-md-3">
                <div class="card stat-card bg-white h-100">
                    <div class="card-body d-flex align-items-center justify-content-between">
                        <div>
                            <h6 class="text-muted mb-2">需修复 (Fail/Err)</h6>
                            <h2 class="mb-0 fw-bold text-danger">120</h2>
                        </div>
                        <i class="bi bi-bug-fill text-danger stat-icon"></i>
                    </div>
                </div>
            </div>
        </div>

        <!-- 图表区 -->
        <div class="row mb-3">
            <div class="col-md-8">
                <div class="chart-container">
                    <h6 class="card-title mb-2">模块通过率趋势</h6>
                    <div id="trendChart" style="width: 100%; height: 240px;"></div>
                </div>
            </div>
            <div class="col-md-4">
                <div class="chart-container">
                    <h6 class="card-title mb-2">失败原因分析</h6>
                    <div id="failurePieChart" style="width: 100%; height: 240px;"></div>
                </div>
            </div>
        </div>

        <!-- 详细列表 -->
        <div class="card border-0 shadow-sm mb-3">
            <div class="card-header bg-white border-bottom-0 py-2">
                <div class="d-flex justify-content-between align-items-center">
                    <h6 class="mb-0">模块详细报告</h6>
                    <input type="text" id="searchInput" class="form-control form-control-sm w-auto" placeholder="搜索模块...">
                </div>
            </div>
            <div class="card-body p-0">
                <div class="table-responsive">
                    <table class="table table-hover align-middle mb-0">
                        <thead class="table-light">
                            <tr>
                                <th class="ps-4">模块名称</th>
                                <th>最新运行时间</th>
                                <th class="text-center">总计</th>
                                <th class="text-center text-success">通过</th>
                                <th class="text-center text-danger">失败</th>
                                <th class="text-center text-warning">错误</th>
                                <th class="text-center">通过率</th>
                                <th>报告链接</th>
                                <th>操作</th>
                            </tr>
                        </thead>
                        <tbody id="reportTableBody">
                            <!-- JS 填充 -->
                        </tbody>
                    </table>
                </div>
            </div>
        </div>

        <!-- 失败详情模态框 -->
        <div class="modal fade" id="failureModal" tabindex="-1">
            <div class="modal-dialog modal-lg">
                <div class="modal-content">
                    <div class="modal-header py-2">
                        <h6 class="modal-title mb-0">失败详情分析</h6>
                        <button type="button" class="btn-close" data-bs-dismiss="modal"></button>
                    </div>
                    <div class="modal-body py-2" id="modalContent">
                    </div>
                </div>
            </div>
        </div>

    </div>

    <script>
        const reportData = {"cps(uat)": {"filename": "cps%5Buat%5D_2026_02_10_07_09_27_result.html", "timestamp": "2026_02_10_07_09_27", "stats": {"total": 32, "pass": 24, "fail": 2, "error": 3, "skip": 3, "rate": "82.76%", "failure_details": [{"test_name": "test_Pickup_Manage_Cancel_01", "status": "Error", "type": "bug", "subtype": "logic", "description": "\u4ee3\u7801\u903b\u8f91/\u7c7b\u578b\u9519\u8bef", "short_log": "et1.2.1: Traceback (most recent call last):\n  File \"/var/lib/jenkins/workspace/SpeedxSeldom@2/speedxseldom/test_dir/api/cps/testcase/test_pickup_manage_cancel.py\", line 28, in test_Pickup_Manage_Cancel_01\n    self.cancel.pickup_Manage_Cancel([self.cps_id])\n                                      ^^^^^^^^^^^\nAttributeError: 'Test_Pickup_Manage_Cancel' object has no attribute 'cps_id'", "key_log_info": "et1.2.1: Traceback (most recent call last):\nAttributeError: 'Test_Pickup_Manage_Cancel' object has no attribute 'cps_id'"}, {"test_name": "test_Pickup_Manage_create_01", "status": "Error", "type": "bug", "subtype": "logic", "description": "\u4ee3\u7801\u903b\u8f91/\u7c7b\u578b\u9519\u8bef", "short_log": "et1.3.1: 2026-02-10 07:09:30 | INFO     | http.py | MainThread | \u51fd\u6570 pickup_Manage_Create_origin \u8c03\u7528api_request, \u5c1d\u8bd5\u7b2c 1 \u6b21\n2026-02-10 07:09:30 | INFO     | request.py | MainThread | -------------- [\ud83d\udce4] Request -----------------\n2026-02-10 07:09:30 | INFO     | request.py | MainThread | [method]: POST      [url]: https://cps-uat.speedx.io/cps-api/pickup/manage/create \n2026-02-10 07:09:30 | DEBUG    | request.py | MainThread | [headers]:\n{\n  \"Content-Type\": \"application/json\",\n  \"Accept\": \"application/json\",\n  \"inner-api-key\": \"8BMZDwKUpT8sDQweZrgTN7Em8tqkKQQHjBgp\",\n  \"Authorization\": \"eyJhbGciOiJIUzUxMiJ9.eyJ0eXBlIjoiYWNjZXNzIiwiZXhwIjoxNzcwNzUwNTY4LCJ1c2VySWQiOjEsImlhdCI6MTc3MDcwNzM2OCwidXNlcm5hbWUiOiJ0ZXN0MTEifQ.aZ6n0Z09FH80aTvOOmvko20Mwl65JJpMIqmpNs8VWbzqQngDvQgaqsidP0JXO-P24pb293GjaHd5xqx7H-", "key_log_info": "2026-02-10 07:09:35 | INFO     | request.py | MainThread | successful with status 200\n2026-02-10 07:09:35 | DEBUG    | request.py | MainThread | [response]:\nTraceback (most recent call last):\nTypeError: cannot unpack non-iterable NoneType object"}, {"test_name": "test_Pickup_Manage_DownloadDetail_01", "status": "Error", "type": "bug", "subtype": "logic", "description": "\u4ee3\u7801\u903b\u8f91/\u7c7b\u578b\u9519\u8bef", "short_log": "et1.4.1: Traceback (most recent call last):\n  File \"/var/lib/jenkins/workspace/SpeedxSeldom@2/speedxseldom/test_dir/api/cps/testcase/test_pickup_manage_downloadDetail.py\", line 26, in test_Pickup_Manage_DownloadDetail_01\n    response = self.download.pickup_Manage_DownloadDetail(self.cps_id)\n                                                          ^^^^^^^^^^^\nAttributeError: 'Test_Pickup_Manage_DownloadDetail' object has no attribute 'cps_id'", "key_log_info": "et1.4.1: Traceback (most recent call last):\nresponse = self.download.pickup_Manage_DownloadDetail(self.cps_id)\nAttributeError: 'Test_Pickup_Manage_DownloadDetail' object has no attribute 'cps_id'"}, {"test_name": "test_Pickup_Manage_List_01", "status": "Fail", "type": "bug", "subtype": "assertion", "description": "\u65ad\u8a00\u5931\u8d25 (\u529f\u80fd\u7f3a\u9677)", "short_log": "ft1.5.1: 2026-02-10 07:09:35 | INFO     | http.py | MainThread | \u51fd\u6570 pickup_Manage_list_origin \u8c03\u7528api_request, \u5c1d\u8bd5\u7b2c 1 \u6b21\n2026-02-10 07:09:35 | INFO     | request.py | MainThread | -------------- [\ud83d\udce4] Request -----------------\n2026-02-10 07:09:35 | INFO     | request.py | MainThread | [method]: POST      [url]: https://cps-uat.speedx.io/cps-api/pickup/manage/list \n2026-02-10 07:09:35 | DEBUG    | request.py | MainThread | [headers]:\n{\n  \"Content-Type\": \"application/json\",\n  \"Accept\": \"application/json\",\n  \"inner-api-key\": \"8BMZDwKUpT8sDQweZrgTN7Em8tqkKQQHjBgp\",\n  \"Authorization\": \"eyJhbGciOiJIUzUxMiJ9.eyJ0eXBlIjoiYWNjZXNzIiwiZXhwIjoxNzcwNzUwNTY4LCJ1c2VySWQiOjEsImlhdCI6MTc3MDcwNzM2OCwidXNlcm5hbWUiOiJ0ZXN0MTEifQ.aZ6n0Z09FH80aTvOOmvko20Mwl65JJpMIqmpNs8VWbzqQngDvQgaqsidP0JXO-P24pb293GjaHd5xqx7H-iflg", "key_log_info": "2026-02-10 07:09:35 | INFO     | request.py | MainThread | successful with status 200\n2026-02-10 07:09:35 | DEBUG    | request.py | MainThread | [response]:\nTraceback (most recent call last):\nself.assertEqual(True, len(self.response[\"data\"][\"list\"])> 0)\nAssertionError: True != False"}, {"test_name": "test_Pickup_Manage_List_02", "status": "Fail", "type": "bug", "subtype": "assertion", "description": "\u65ad\u8a00\u5931\u8d25 (\u529f\u80fd\u7f3a\u9677)", "short_log": "ft1.5.2: 2026-02-10 07:09:35 | INFO     | http.py | MainThread | \u51fd\u6570 pickup_Manage_list_origin \u8c03\u7528api_request, \u5c1d\u8bd5\u7b2c 1 \u6b21\n2026-02-10 07:09:35 | INFO     | request.py | MainThread | -------------- [\ud83d\udce4] Request -----------------\n2026-02-10 07:09:35 | INFO     | request.py | MainThread | [method]: POST      [url]: https://cps-uat.speedx.io/cps-api/pickup/manage/list \n2026-02-10 07:09:35 | DEBUG    | request.py | MainThread | [headers]:\n{\n  \"Content-Type\": \"application/json\",\n  \"Accept\": \"application/json\",\n  \"inner-api-key\": \"8BMZDwKUpT8sDQweZrgTN7Em8tqkKQQHjBgp\",\n  \"Authorization\": \"eyJhbGciOiJIUzUxMiJ9.eyJ0eXBlIjoiYWNjZXNzIiwiZXhwIjoxNzcwNzUwNTY4LCJ1c2VySWQiOjEsImlhdCI6MTc3MDcwNzM2OCwidXNlcm5hbWUiOiJ0ZXN0MTEifQ.aZ6n0Z09FH80aTvOOmvko20Mwl65JJpMIqmpNs8VWbzqQngDvQgaqsidP0JXO-P24pb293GjaHd5xqx7H-iflg", "key_log_info": "2026-02-10 07:09:35 | INFO     | request.py | MainThread | successful with status 200\n2026-02-10 07:09:35 | DEBUG    | request.py | MainThread | [response]:\nTraceback (most recent call last):\nself.assertEqual(True, self.response[\"data\"][\"pageSize\"] > 0)\nAssertionError: True != False"}]}}, "pos-admin(uat)": {"filename": "pos-admin%5Buat%5D_2026_02_10_08_41_07_result.html", "timestamp": "2026_02_10_08_41_07", "stats": {"total": 9, "pass": 9, "fail": 0, "error": 0, "skip": 0, "rate": "100.00%", "failure_details": []}}, "rps(uat)": {"filename": "rps%5Buat%5D_2026_02_12_11_30_51_result.html", "timestamp": "2026_02_12_11_30_51", "stats": {"total": 74, "pass": 53, "fail": 5, "error": 16, "skip": 0, "rate": "71.62%", "failure_details": [{"test_name": "test_create_label_01", "status": "Fail", "type": "environment", "subtype": "service", "description": "\u670d\u52a1\u4e0d\u53ef\u7528/50x\u9519\u8bef", "short_log": "ft1.2.1: 2026-02-12 11:30:53 | INFO     | DbHandle.py | MainThread | \u6267\u884csql\uff1aSELECT * FROM rps_db.lm_subscribers WHERE orgkey = '41fa44-1c8689-9bd1a5-8f62a2-1ab614'  ORDER BY id DESC LIMIT 100;\n2026-02-12 11:30:53 | INFO     | DbHandle.py | MainThread | \u6267\u884csql\uff1aSELECT * FROM rps_db.rps_subscribers_ext WHERE org_id = 421  ORDER BY id DESC LIMIT 100;\n2026-02-12 11:30:54 | INFO     | DbHandle.py | MainThread | \u6267\u884csql\uff1aSELECT * FROM rps_db.lm_subscribers WHERE orgkey = '41fa44-1c8689-9bd1a5-8f62a2-1ab614'  ORDER BY id DESC LIMIT 100;\n2026-02-12 11:30:54 | INFO     | cache.py | MainThread | cache_data is None\n2026-02-12 11:30:54 | INFO     | login_service.py | MainThread | \u5f00\u59cb\u8c03\u7528\u51fd\u6570\uff1aoms_login (\u5c1d\u8bd5 1/5)\n2026-02-12 11:30:54 | INFO     | request.py | MainThread | -------------- [\ud83d\udce4] Request -----------------", "key_log_info": "2026-02-12 11:30:54 | INFO     | request.py | MainThread | successful with status 200\n2026-02-12 11:30:54 | DEBUG    | request.py | MainThread | [response]:\n\"message\": \"ProductMatrixError, PickupID:421 - Products found for account 421 with product code RET, facility code LAX and country code US, but none match zip code 90746.\",\nTraceback (most recent call last):\nAssertionError: 500 != 200"}, {"test_name": "test_create_label_05", "status": "Fail", "type": "environment", "subtype": "service", "description": "\u670d\u52a1\u4e0d\u53ef\u7528/50x\u9519\u8bef", "short_log": "ft1.2.5: 2026-02-12 11:30:55 | INFO     | DbHandle.py | MainThread | \u6267\u884csql\uff1aSELECT * FROM rps_db.lm_subscribers WHERE orgkey = '41fa44-1c8689-9bd1a5-8f62a2-1ab614'  ORDER BY id DESC LIMIT 100;\n2026-02-12 11:30:55 | INFO     | DbHandle.py | MainThread | \u6267\u884csql\uff1aSELECT * FROM rps_db.rps_subscribers_ext WHERE org_id = 421  ORDER BY id DESC LIMIT 100;\n2026-02-12 11:30:55 | INFO     | cache.py | MainThread | \ud83d\udcbe Get cache data: 41fa44-1c8689-9bd1a5-8f62a2-1ab614 = {'poe': 'LAX', 'courier_code': 'DGD', 'zip_code': '92502'}\n2026-02-12 11:30:55 | INFO     | cache.py | MainThread | \ud83d\udcbe Get cache data: 41fa44-1c8689-9bd1a5-8f62a2-1ab614 = {'poe': 'LAX', 'courier_code': 'DGD', 'zip_code': '92502'}\n2026-02-12 11:30:55 | INFO     | rps_sort_code.py | MainThread | \u4ece\u7f13\u5b58\u4e2d\u83b7\u53d6LAX\u7684\u90ae\u7f16\u4fe1\u606f\n2026-02-12 11:30:55 | INFO", "key_log_info": "2026-02-12 11:30:55 | INFO     | request.py | MainThread | successful with status 200\n2026-02-12 11:30:55 | DEBUG    | request.py | MainThread | [response]:\n\"message\": \"ProductMatrixError, PickupID:421 - Products found for account 421 with product code RET, facility code LAX and country code US, but none match zip code 90746.\",\nTraceback (most recent call last):\nAssertionError: 500 != 200"}, {"test_name": "test_create_label_06", "status": "Error", "type": "environment", "subtype": "service", "description": "\u670d\u52a1\u4e0d\u53ef\u7528/50x\u9519\u8bef", "short_log": "et1.2.6: 2026-02-12 11:30:55 | INFO     | DbHandle.py | MainThread | \u6267\u884csql\uff1aSELECT * FROM rps_db.lm_subscribers WHERE orgkey = '41fa45-1B8689-9bd1a5-8f62a2-1ab625'  ORDER BY id DESC LIMIT 100;\n2026-02-12 11:30:55 | INFO     | DbHandle.py | MainThread | \u6267\u884csql\uff1aSELECT * FROM rps_db.rps_subscribers_ext WHERE org_id = 422  ORDER BY id DESC LIMIT 100;\n2026-02-12 11:30:55 | INFO     | DbHandle.py | MainThread | \u6267\u884csql\uff1aSELECT * FROM rps_db.lm_subscribers WHERE orgkey = '41fa45-1B8689-9bd1a5-8f62a2-1ab625'  ORDER BY id DESC LIMIT 100;\n2026-02-12 11:30:55 | INFO     | cache.py | MainThread | \ud83d\udcbe Get cache data: spxadmin_authorization_omsAdmin = {'cookies': '44266004-00d8-47c6-8a3d-ef769390bb06', 'timestamp': 1770895854.0777526}\n2026-02-12 11:30:55 | INFO     | http.py | MainThread | \u51fd\u6570 get_product_matri", "key_log_info": "2026-02-12 11:30:55 | INFO     | request.py | MainThread | successful with status 200\n2026-02-12 11:30:55 | DEBUG    | request.py | MainThread | [response]:\n2026-02-12 11:30:56 | INFO     | request.py | MainThread | successful with status 200\n2026-02-12 11:30:56 | DEBUG    | request.py | MainThread | [response]:\nTraceback (most recent call last):\nIndexError: list index out of range"}, {"test_name": "test_create_label_temu_error_address", "status": "Fail", "type": "bug", "subtype": "assertion", "description": "\u65ad\u8a00\u5931\u8d25 (\u529f\u80fd\u7f3a\u9677)", "short_log": "ft1.2.8: 2026-02-12 11:30:56 | INFO     | http.py | MainThread | \u51fd\u6570 create_label_origin \u8c03\u7528api_request, \u5c1d\u8bd5\u7b2c 1 \u6b21\n2026-02-12 11:30:56 | INFO     | request.py | MainThread | -------------- [\ud83d\udce4] Request -----------------\n2026-02-12 11:30:56 | INFO     | request.py | MainThread | [method]: POST      [url]: https://gw-uat.speedx.io/rps-api/label/create-label \n2026-02-12 11:30:56 | DEBUG    | request.py | MainThread | [headers]:\n{\n  \"Content-Type\": \"application/json\",\n  \"Accept\": \"application/json\",\n  \"inner-api-key\": \"8BMZDwKUpT8sDQweZrgTN7Em8tqkKQQHjBgp\",\n  \"api-key\": \"59723c-eea77d-6b760d-f297e7-ddea4a\",\n  \"Authorization\": \"Bearer 44266004-00d8-47c6-8a3d-ef769390bb06\"\n}\n2026-02-12 11:30:56 | DEBUG    | request.py | MainThread | [json]:\n{\n  \"validateAddress\": true,\n  \"adulitSignature\": true,\n  \"i", "key_log_info": "2026-02-12 11:30:57 | INFO     | request.py | MainThread | successful with status 200\n2026-02-12 11:30:57 | DEBUG    | request.py | MainThread | [response]:\nTraceback (most recent call last):\nFile \"/var/lib/jenkins/workspace/SpeedxSeldom@2/speedxseldom/test_dir/api/rps/testcase/test_Create_Label.py\", line 205, in test_create_label_temu_error_address\nAssertionError: 200 != 602"}, {"test_name": "test_Get_Label_Pdf_v2_PickUpAccount_01", "status": "Error", "type": "bug", "subtype": "logic", "description": "\u4ee3\u7801\u903b\u8f91/\u7c7b\u578b\u9519\u8bef", "short_log": "et1.5.2: 2026-02-12 11:31:01 | INFO     | http.py | MainThread | \u51fd\u6570 get_label_pdf_v2 \u8c03\u7528api_request, \u5c1d\u8bd5\u7b2c 1 \u6b21\n2026-02-12 11:31:01 | INFO     | request.py | MainThread | -------------- [\ud83d\udce4] Request -----------------\n2026-02-12 11:31:01 | INFO     | request.py | MainThread | [method]: POST      [url]: https://gw-uat.speedx.io/rps-api/label/get-label-base64/v2 \n2026-02-12 11:31:01 | DEBUG    | request.py | MainThread | [headers]:\n{\n  \"Content-Type\": \"application/json\",\n  \"Accept\": \"application/json\",\n  \"inner-api-key\": \"8BMZDwKUpT8sDQweZrgTN7Em8tqkKQQHjBgp\",\n  \"api-key\": \"41fa44-1c8689-9bd1a5-8f62a2-1ab614\",\n  \"Authorization\": \"Bearer 44266004-00d8-47c6-8a3d-ef769390bb06\"\n}\n2026-02-12 11:31:01 | DEBUG    | request.py | MainThread | [json]:\n{\n  \"labelFormat\": \"PDF\",\n  \"trackingNumber\": \"SPXATL042", "key_log_info": "2026-02-12 11:31:01 | INFO     | request.py | MainThread | successful with status 200\n2026-02-12 11:31:01 | DEBUG    | request.py | MainThread | [response]:\n\"message\": \"query did not return a unique result: 2; nested exception is javax.persistence.NonUniqueResultException: query did not return a unique result: 2\",\nTraceback (most recent call last):\nKeyError: 'payload'"}, {"test_name": "test_Get_Label_Pdf_v2_PickUpAccount_02", "status": "Error", "type": "bug", "subtype": "logic", "description": "\u4ee3\u7801\u903b\u8f91/\u7c7b\u578b\u9519\u8bef", "short_log": "et1.5.3: 2026-02-12 11:31:01 | INFO     | http.py | MainThread | \u51fd\u6570 get_label_pdf_v2 \u8c03\u7528api_request, \u5c1d\u8bd5\u7b2c 1 \u6b21\n2026-02-12 11:31:01 | INFO     | request.py | MainThread | -------------- [\ud83d\udce4] Request -----------------\n2026-02-12 11:31:01 | INFO     | request.py | MainThread | [method]: POST      [url]: https://gw-uat.speedx.io/rps-api/label/get-label-base64/v2 \n2026-02-12 11:31:01 | DEBUG    | request.py | MainThread | [headers]:\n{\n  \"Content-Type\": \"application/json\",\n  \"Accept\": \"application/json\",\n  \"inner-api-key\": \"8BMZDwKUpT8sDQweZrgTN7Em8tqkKQQHjBgp\",\n  \"api-key\": \"01fa45-2B8681-9bd1a5-8f62a2-2ab626\",\n  \"Authorization\": \"Bearer 44266004-00d8-47c6-8a3d-ef769390bb06\"\n}\n2026-02-12 11:31:01 | DEBUG    | request.py | MainThread | [json]:\n{\n  \"labelFormat\": \"PDF\",\n  \"trackingNumber\": \"SPXATL042", "key_log_info": "2026-02-12 11:31:01 | INFO     | request.py | MainThread | successful with status 200\n2026-02-12 11:31:01 | DEBUG    | request.py | MainThread | [response]:\n\"message\": \"query did not return a unique result: 2; nested exception is javax.persistence.NonUniqueResultException: query did not return a unique result: 2\",\nTraceback (most recent call last):\nKeyError: 'payload'"}, {"test_name": "test_Label_Pdf_CheckIcon", "status": "Error", "type": "config", "subtype": "config", "description": "\u914d\u7f6e/\u6587\u4ef6\u7f3a\u5931", "short_log": "et1.8.1: ImportError: Failed to import test module: test_Label_Pdf_CheckIcon\nTraceback (most recent call last):\n  File \"/usr/local/lib/python3.11/unittest/loader.py\", line 419, in _find_test_path\n    module = self._get_module_from_name(name)\n             ^^^^^^^^^^^^^^^^^^^^^^^^^^^^^^^^\n  File \"/usr/local/lib/python3.11/unittest/loader.py\", line 362, in _get_module_from_name\n    __import__(name)\n  File \"/var/lib/jenkins/workspace/SpeedxSeldom@2/speedxseldom/test_dir/api/rps/testcase/test_Label_Pdf_CheckIcon.py\", line 3, in <module>\n    from common.pdf import check_icon\n  File \"/var/lib/jenkins/workspace/SpeedxSeldom@2/speedxseldom/common/pdf.py\", line 5, in <module>\n    import cv2\n  File \"/usr/local/lib/python3.11/site-packages/cv2/__init__.py\", line 181, in <module>\n    bootstrap()\n  File", "key_log_info": "et1.8.1: ImportError: Failed to import test module: test_Label_Pdf_CheckIcon\nTraceback (most recent call last):\nImportError: libGL.so.1: cannot open shared object file: No such file or directory"}, {"test_name": "test_pickup_create_and_cancel_01", "status": "Error", "type": "bug", "subtype": "logic", "description": "\u4ee3\u7801\u903b\u8f91/\u7c7b\u578b\u9519\u8bef", "short_log": "et1.9.1: Traceback (most recent call last):\n  File \"/var/lib/jenkins/workspace/SpeedxSeldom@2/speedxseldom/test_dir/api/rps/testcase/test_Pickup_Create.py\", line 35, in test_pickup_create_and_cancel_01\n    results = pickup.pickup_create(self.tracking_num_list, self.receptacleCode)\n                                   ^^^^^^^^^^^^^^^^^^^^^^\nAttributeError: 'Test_Pickup_Create_and_Cancel' object has no attribute 'tracking_num_list'", "key_log_info": "et1.9.1: Traceback (most recent call last):\nAttributeError: 'Test_Pickup_Create_and_Cancel' object has no attribute 'tracking_num_list'"}, {"test_name": "test_pickup_create_and_cancel_02", "status": "Error", "type": "bug", "subtype": "logic", "description": "\u4ee3\u7801\u903b\u8f91/\u7c7b\u578b\u9519\u8bef", "short_log": "et1.9.2: Traceback (most recent call last):\n  File \"/var/lib/jenkins/workspace/SpeedxSeldom@2/speedxseldom/test_dir/api/rps/testcase/test_Pickup_Create.py\", line 57, in test_pickup_create_and_cancel_02\n    if not self.case_1:\n           ^^^^^^^^^^^\nAttributeError: 'Test_Pickup_Create_and_Cancel' object has no attribute 'case_1'", "key_log_info": "et1.9.2: Traceback (most recent call last):\nAttributeError: 'Test_Pickup_Create_and_Cancel' object has no attribute 'case_1'"}, {"test_name": "test_pickup_create_and_cancel_03", "status": "Error", "type": "bug", "subtype": "logic", "description": "\u4ee3\u7801\u903b\u8f91/\u7c7b\u578b\u9519\u8bef", "short_log": "et1.9.3: Traceback (most recent call last):\n  File \"/var/lib/jenkins/workspace/SpeedxSeldom@2/speedxseldom/test_dir/api/rps/testcase/test_Pickup_Create.py\", line 66, in test_pickup_create_and_cancel_03\n    if not self.case_1:\n           ^^^^^^^^^^^\nAttributeError: 'Test_Pickup_Create_and_Cancel' object has no attribute 'case_1'", "key_log_info": "et1.9.3: Traceback (most recent call last):\nAttributeError: 'Test_Pickup_Create_and_Cancel' object has no attribute 'case_1'"}, {"test_name": "test_pickup_create_and_cancel_04", "status": "Error", "type": "bug", "subtype": "logic", "description": "\u4ee3\u7801\u903b\u8f91/\u7c7b\u578b\u9519\u8bef", "short_log": "et1.9.4: Traceback (most recent call last):\n  File \"/var/lib/jenkins/workspace/SpeedxSeldom@2/speedxseldom/test_dir/api/rps/testcase/test_Pickup_Create.py\", line 83, in test_pickup_create_and_cancel_04\n    if not self.case_3:\n           ^^^^^^^^^^^\nAttributeError: 'Test_Pickup_Create_and_Cancel' object has no attribute 'case_3'", "key_log_info": "et1.9.4: Traceback (most recent call last):\nAttributeError: 'Test_Pickup_Create_and_Cancel' object has no attribute 'case_3'"}, {"test_name": "test_pickup_create_and_cancel_05", "status": "Error", "type": "bug", "subtype": "logic", "description": "\u4ee3\u7801\u903b\u8f91/\u7c7b\u578b\u9519\u8bef", "short_log": "et1.9.5: Traceback (most recent call last):\n  File \"/var/lib/jenkins/workspace/SpeedxSeldom@2/speedxseldom/test_dir/api/rps/testcase/test_Pickup_Create.py\", line 93, in test_pickup_create_and_cancel_05\n    results = pickup_cancel.pickup_cancel(self.api_key, self.receptacleCode + \"123\")\n                                                        ^^^^^^^^^^^^^^^^^^^\nAttributeError: 'Test_Pickup_Create_and_Cancel' object has no attribute 'receptacleCode'", "key_log_info": "et1.9.5: Traceback (most recent call last):\nAttributeError: 'Test_Pickup_Create_and_Cancel' object has no attribute 'receptacleCode'"}, {"test_name": "test_pickup_create_and_cancel_06", "status": "Error", "type": "bug", "subtype": "logic", "description": "\u4ee3\u7801\u903b\u8f91/\u7c7b\u578b\u9519\u8bef", "short_log": "et1.9.6: Traceback (most recent call last):\n  File \"/var/lib/jenkins/workspace/SpeedxSeldom@2/speedxseldom/test_dir/api/rps/testcase/test_Pickup_Create.py\", line 100, in test_pickup_create_and_cancel_06\n    if not self.case_1:\n           ^^^^^^^^^^^\nAttributeError: 'Test_Pickup_Create_and_Cancel' object has no attribute 'case_1'", "key_log_info": "et1.9.6: Traceback (most recent call last):\nAttributeError: 'Test_Pickup_Create_and_Cancel' object has no attribute 'case_1'"}, {"test_name": "test_submit_manifest_01", "status": "Error", "type": "bug", "subtype": "logic", "description": "\u4ee3\u7801\u903b\u8f91/\u7c7b\u578b\u9519\u8bef", "short_log": "et1.12.1: Traceback (most recent call last):\n  File \"/var/lib/jenkins/workspace/SpeedxSeldom@2/speedxseldom/test_dir/api/rps/testcase/test_Submit_Manifest.py\", line 41, in test_submit_manifest_01\n    body = manifest.assemble_request_body(self.trackingNumber)\n                                          ^^^^^^^^^^^^^^^^^^^\nAttributeError: 'Test_Submit_Manifest' object has no attribute 'trackingNumber'", "key_log_info": "et1.12.1: Traceback (most recent call last):\nAttributeError: 'Test_Submit_Manifest' object has no attribute 'trackingNumber'"}, {"test_name": "test_submit_manifest_02", "status": "Error", "type": "bug", "subtype": "logic", "description": "\u4ee3\u7801\u903b\u8f91/\u7c7b\u578b\u9519\u8bef", "short_log": "et1.12.2: Traceback (most recent call last):\n  File \"/var/lib/jenkins/workspace/SpeedxSeldom@2/speedxseldom/test_dir/api/rps/testcase/test_Submit_Manifest.py\", line 48, in test_submit_manifest_02\n    is_true, _ = manifest.submit_manifest_with_retry(10, manifest.assemble_request_body(self.trackingNumber_pickup), self.api_key)\n                                                                                        ^^^^^^^^^^^^^^^^^^^^^^^^^^\nAttributeError: 'Test_Submit_Manifest' object has no attribute 'trackingNumber_pickup'", "key_log_info": "et1.12.2: Traceback (most recent call last):\nAttributeError: 'Test_Submit_Manifest' object has no attribute 'trackingNumber_pickup'"}, {"test_name": "test_Update_Label_01", "status": "Fail", "type": "bug", "subtype": "assertion", "description": "\u65ad\u8a00\u5931\u8d25 (\u529f\u80fd\u7f3a\u9677)", "short_log": "ft1.16.1: 2026-02-12 11:32:07 | INFO     | http.py | MainThread | \u51fd\u6570 update_label_origin \u8c03\u7528api_request, \u5c1d\u8bd5\u7b2c 1 \u6b21\n2026-02-12 11:32:07 | INFO     | request.py | MainThread | -------------- [\ud83d\udce4] Request -----------------\n2026-02-12 11:32:07 | INFO     | request.py | MainThread | [method]: POST      [url]: https://gw-uat.speedx.io/rps-api/label/update-label \n2026-02-12 11:32:07 | DEBUG    | request.py | MainThread | [headers]:\n{\n  \"Content-Type\": \"application/json\",\n  \"Accept\": \"application/json\",\n  \"inner-api-key\": \"8BMZDwKUpT8sDQweZrgTN7Em8tqkKQQHjBgp\",\n  \"api-key\": \"41fa44-1c8689-9bd1a5-8f62a2-1ab614\",\n  \"Authorization\": \"Bearer 44266004-00d8-47c6-8a3d-ef769390bb06\"\n}\n2026-02-12 11:32:07 | DEBUG    | request.py | MainThread | [json]:\n{\n  \"autoReplaceLabel\": false,\n  \"trackingNumber\": \"0710510", "key_log_info": "2026-02-12 11:32:07 | INFO     | request.py | MainThread | successful with status 200\n2026-02-12 11:32:07 | DEBUG    | request.py | MainThread | [response]:\n\"message\": \"System config error: lookup Rate error, please contact support.\",\nTraceback (most recent call last):\nAssertionError: False != True"}, {"test_name": "test_Update_Label_Validation", "status": "Fail", "type": "bug", "subtype": "assertion", "description": "\u65ad\u8a00\u5931\u8d25 (\u529f\u80fd\u7f3a\u9677)", "short_log": "ft1.16.3: 2026-02-12 11:32:07 | INFO     | http.py | MainThread | \u51fd\u6570 update_label_origin \u8c03\u7528api_request, \u5c1d\u8bd5\u7b2c 1 \u6b21\n2026-02-12 11:32:07 | INFO     | request.py | MainThread | -------------- [\ud83d\udce4] Request -----------------\n2026-02-12 11:32:07 | INFO     | request.py | MainThread | [method]: POST      [url]: https://gw-uat.speedx.io/rps-api/label/update-label \n2026-02-12 11:32:07 | DEBUG    | request.py | MainThread | [headers]:\n{\n  \"Content-Type\": \"application/json\",\n  \"Accept\": \"application/json\",\n  \"inner-api-key\": \"8BMZDwKUpT8sDQweZrgTN7Em8tqkKQQHjBgp\",\n  \"api-key\": \"01fa45-2B8681-9bd1a5-8f62a2-2ab626\",\n  \"Authorization\": \"Bearer 44266004-00d8-47c6-8a3d-ef769390bb06\"\n}\n2026-02-12 11:32:07 | DEBUG    | request.py | MainThread | [json]:\n{\n  \"autoReplaceLabel\": false,\n  \"trackingNumber\": \"SPXATL0", "key_log_info": "2026-02-12 11:32:07 | INFO     | request.py | MainThread | successful with status 200\n2026-02-12 11:32:07 | DEBUG    | request.py | MainThread | [response]:\nTraceback (most recent call last):\nself.assertEqual(ResponseResult.status_code, status_code, msg=msg)\nAssertionError: 200 != 601"}, {"test_name": "test_void_label_01", "status": "Error", "type": "bug", "subtype": "logic", "description": "\u4ee3\u7801\u903b\u8f91/\u7c7b\u578b\u9519\u8bef", "short_log": "et1.18.1: Traceback (most recent call last):\n  File \"/var/lib/jenkins/workspace/SpeedxSeldom@2/speedxseldom/test_dir/api/rps/testcase/test_Void_Label.py\", line 47, in test_void_label_01\n    label_service.void_label(self.api_key, [self.trackingNumber])\n                                            ^^^^^^^^^^^^^^^^^^^\nAttributeError: 'Test_Void_Label' object has no attribute 'trackingNumber'", "key_log_info": "et1.18.1: Traceback (most recent call last):\nAttributeError: 'Test_Void_Label' object has no attribute 'trackingNumber'"}, {"test_name": "test_void_label_PickupAccount_01", "status": "Error", "type": "bug", "subtype": "logic", "description": "\u4ee3\u7801\u903b\u8f91/\u7c7b\u578b\u9519\u8bef", "short_log": "et1.18.2: Traceback (most recent call last):\n  File \"/var/lib/jenkins/workspace/SpeedxSeldom@2/speedxseldom/test_dir/api/rps/testcase/test_Void_Label.py\", line 69, in test_void_label_PickupAccount_01\n    results = label_service.void_label(self.api_key, [self.trackingNumber_pickup])\n                                                      ^^^^^^^^^^^^^^^^^^^^^^^^^^\nAttributeError: 'Test_Void_Label' object has no attribute 'trackingNumber_pickup'", "key_log_info": "et1.18.2: Traceback (most recent call last):\nAttributeError: 'Test_Void_Label' object has no attribute 'trackingNumber_pickup'"}, {"test_name": "test_void_label_PickupAccount_02", "status": "Error", "type": "bug", "subtype": "logic", "description": "\u4ee3\u7801\u903b\u8f91/\u7c7b\u578b\u9519\u8bef", "short_log": "et1.18.3: Traceback (most recent call last):\n  File \"/var/lib/jenkins/workspace/SpeedxSeldom@2/speedxseldom/test_dir/api/rps/testcase/test_Void_Label.py\", line 80, in test_void_label_PickupAccount_02\n    label_service.void_label_by_customerRefId(self.api_key, self.customer_ref_id_2)\n                                                            ^^^^^^^^^^^^^^^^^^^^^^\nAttributeError: 'Test_Void_Label' object has no attribute 'customer_ref_id_2'", "key_log_info": "et1.18.3: Traceback (most recent call last):\nAttributeError: 'Test_Void_Label' object has no attribute 'customer_ref_id_2'"}, {"test_name": "test_void_label_customerRefId_01", "status": "Error", "type": "bug", "subtype": "logic", "description": "\u4ee3\u7801\u903b\u8f91/\u7c7b\u578b\u9519\u8bef", "short_log": "et1.18.4: Traceback (most recent call last):\n  File \"/var/lib/jenkins/workspace/SpeedxSeldom@2/speedxseldom/test_dir/api/rps/testcase/test_Void_Label.py\", line 59, in test_void_label_customerRefId_01\n    label_service.void_label_by_customerRefId(self.api_key, self.customer_ref_id_1)\n                                                            ^^^^^^^^^^^^^^^^^^^^^^\nAttributeError: 'Test_Void_Label' object has no attribute 'customer_ref_id_1'", "key_log_info": "et1.18.4: Traceback (most recent call last):\nAttributeError: 'Test_Void_Label' object has no attribute 'customer_ref_id_1'"}]}}, "pos(uat)": {"filename": "pos%5Buat%5D_2026_02_11_07_14_07_result.html", "timestamp": "2026_02_11_07_14_07", "stats": {"total": 146, "pass": 90, "fail": 13, "error": 42, "skip": 1, "rate": "62.07%", "failure_details": [{"test_name": "test_Audit_2_Scan_Child_01", "status": "Error", "type": "bug", "subtype": "logic", "description": "\u4ee3\u7801\u903b\u8f91/\u7c7b\u578b\u9519\u8bef", "short_log": "et1.2.1: Traceback (most recent call last):\n  File \"/var/lib/jenkins/workspace/SpeedxSeldom@2/speedxseldom/test_dir/api/pos/testcase/test_audit_2_scan_child.py\", line 49, in test_Audit_2_Scan_Child_01\n    self.assertEqual(len(self.tracking_number_list)>0, True, \"Test_Audit_2_Scan - \u68c0\u67e5tracking_number_list\u662f\u5426\u521b\u5efa\u5b8c\u6210\")\n                     ^^^^^^^^^^^^^^^^^^^^^^^^^^^^^^\nTypeError: object of type 'NoneType' has no len()", "key_log_info": "et1.2.1: Traceback (most recent call last):\nTypeError: object of type 'NoneType' has no len()"}, {"test_name": "test_Audit_2_Scan_Child_02", "status": "Error", "type": "bug", "subtype": "logic", "description": "\u4ee3\u7801\u903b\u8f91/\u7c7b\u578b\u9519\u8bef", "short_log": "et1.2.2: 2026-02-11 07:14:10 | INFO     | DbHandle.py | MainThread | \u6267\u884csql\uff1aSELECT * FROM pos.pos_label pos WHERE NOT EXISTS (SELECT 1 FROM pos.pos_self_pickup AS p WHERE p.tracking_number = pos.tracking_number)  AND NOT EXISTS (SELECT 1 FROM pos.pos_return_parcel AS p WHERE p.tracking_number = pos.tracking_number)  AND pos.tracking_number like 'SPX%' AND pos.label_status in (\"DELIVERED\", \"ENCODED\") ORDER BY pos.id DESC LIMIT 10;\nTraceback (most recent call last):\n  File \"/var/lib/jenkins/workspace/SpeedxSeldom@2/speedxseldom/test_dir/api/pos/testcase/test_audit_2_scan_child.py\", line 72, in test_Audit_2_Scan_Child_02\n    res = audit_step1.Parcel_AuditScan2ByTrackNo(self.inboundId, self.child_batch_code, tracking_number)\n                                                 ^^^^^^^^^^^^^^\nAttrib", "key_log_info": "et1.2.2: 2026-02-11 07:14:10 | INFO     | DbHandle.py | MainThread | \u6267\u884csql\uff1aSELECT * FROM pos.pos_label pos WHERE NOT EXISTS (SELECT 1 FROM pos.pos_self_pickup AS p WHERE p.tracking_number = pos.tracking_number)  AND NOT EXISTS (SELECT 1 FROM pos.pos_return_parcel AS p WHERE p.tracking_number = pos.tracking_number)  AND pos.tracking_number like 'SPX%' AND pos.label_status in (\"DELIVERED\", \"ENCODED\") ORDER BY pos.id DESC LIMIT 10;\nTraceback (most recent call last):\nAttributeError: 'Test_Audit_2_Scan_Child' object has no attribute 'inboundId'"}, {"test_name": "test_Audit_2_Scan_Child_03", "status": "Error", "type": "bug", "subtype": "null_pointer", "description": "\u7a7a\u6307\u9488/\u7a7a\u503c\u5f02\u5e38", "short_log": "et1.2.3: Traceback (most recent call last):\n  File \"/var/lib/jenkins/workspace/SpeedxSeldom@2/speedxseldom/test_dir/api/pos/testcase/test_audit_2_scan_child.py\", line 77, in test_Audit_2_Scan_Child_03\n    tracking_number = self.tracking_number_list[1]\n                      ~~~~~~~~~~~~~~~~~~~~~~~~~^^^\nTypeError: 'NoneType' object is not subscriptable", "key_log_info": "et1.2.3: Traceback (most recent call last):\nTypeError: 'NoneType' object is not subscriptable"}, {"test_name": "test_Audit_2_Scan_Child_04", "status": "Error", "type": "bug", "subtype": "logic", "description": "\u4ee3\u7801\u903b\u8f91/\u7c7b\u578b\u9519\u8bef", "short_log": "et1.2.4: Traceback (most recent call last):\n  File \"/var/lib/jenkins/workspace/SpeedxSeldom@2/speedxseldom/test_dir/api/pos/testcase/test_audit_2_scan_child.py\", line 88, in test_Audit_2_Scan_Child_04\n    self.assertEqual(len(self.tracking_number_list)>0, True, \"Test_Audit_2_Scan - \u68c0\u67e5tracking_number_list\u662f\u5426\u521b\u5efa\u5b8c\u6210\")\n                     ^^^^^^^^^^^^^^^^^^^^^^^^^^^^^^\nTypeError: object of type 'NoneType' has no len()", "key_log_info": "et1.2.4: Traceback (most recent call last):\nTypeError: object of type 'NoneType' has no len()"}, {"test_name": "test_Audit_2_Scan_Child_05", "status": "Error", "type": "bug", "subtype": "logic", "description": "\u4ee3\u7801\u903b\u8f91/\u7c7b\u578b\u9519\u8bef", "short_log": "et1.2.5: Traceback (most recent call last):\n  File \"/var/lib/jenkins/workspace/SpeedxSeldom@2/speedxseldom/test_dir/api/pos/testcase/test_audit_2_scan_child.py\", line 108, in test_Audit_2_Scan_Child_05\n    self.assertEqual(len(self.tracking_number_list)>0, True, \"Test_Audit_2_Scan - \u68c0\u67e5tracking_number_list\u662f\u5426\u521b\u5efa\u5b8c\u6210\")\n                     ^^^^^^^^^^^^^^^^^^^^^^^^^^^^^^\nTypeError: object of type 'NoneType' has no len()", "key_log_info": "et1.2.5: Traceback (most recent call last):\nTypeError: object of type 'NoneType' has no len()"}, {"test_name": "test_Audit_2_Scan_Child_06", "status": "Error", "type": "bug", "subtype": "logic", "description": "\u4ee3\u7801\u903b\u8f91/\u7c7b\u578b\u9519\u8bef", "short_log": "et1.2.6: Traceback (most recent call last):\n  File \"/var/lib/jenkins/workspace/SpeedxSeldom@2/speedxseldom/test_dir/api/pos/testcase/test_audit_2_scan_child.py\", line 123, in test_Audit_2_Scan_Child_06\n    self.assertEqual(len(self.tracking_number_list)>0, True, \"Test_Audit_2_Scan - \u68c0\u67e5tracking_number_list\u662f\u5426\u521b\u5efa\u5b8c\u6210\")\n                     ^^^^^^^^^^^^^^^^^^^^^^^^^^^^^^\nTypeError: object of type 'NoneType' has no len()", "key_log_info": "et1.2.6: Traceback (most recent call last):\nTypeError: object of type 'NoneType' has no len()"}, {"test_name": "test_Audit_2_Scan_Parent_01", "status": "Error", "type": "bug", "subtype": "logic", "description": "\u4ee3\u7801\u903b\u8f91/\u7c7b\u578b\u9519\u8bef", "short_log": "et1.3.1: Traceback (most recent call last):\n  File \"/var/lib/jenkins/workspace/SpeedxSeldom@2/speedxseldom/test_dir/api/pos/testcase/test_audit_2_scan_parent.py\", line 47, in test_Audit_2_Scan_Parent_01\n    self.assertEqual(len(self.tracking_number_list)>0, True, \"Test_Audit_2_Scan - \u68c0\u67e5tracking_number_list\u662f\u5426\u521b\u5efa\u5b8c\u6210\")\n                     ^^^^^^^^^^^^^^^^^^^^^^^^^^^^^^\nTypeError: object of type 'NoneType' has no len()", "key_log_info": "et1.3.1: Traceback (most recent call last):\nTypeError: object of type 'NoneType' has no len()"}, {"test_name": "test_Audit_2_Scan_Parent_02", "status": "Error", "type": "bug", "subtype": "logic", "description": "\u4ee3\u7801\u903b\u8f91/\u7c7b\u578b\u9519\u8bef", "short_log": "et1.3.2: 2026-02-11 07:14:10 | INFO     | DbHandle.py | MainThread | \u6267\u884csql\uff1aSELECT * FROM pos.pos_label pos WHERE NOT EXISTS (SELECT 1 FROM pos.pos_self_pickup AS p WHERE p.tracking_number = pos.tracking_number)  AND NOT EXISTS (SELECT 1 FROM pos.pos_return_parcel AS p WHERE p.tracking_number = pos.tracking_number)  AND pos.tracking_number like 'SPX%' AND pos.label_status in (\"DELIVERED\", \"ENCODED\") ORDER BY pos.id DESC LIMIT 10;\nTraceback (most recent call last):\n  File \"/var/lib/jenkins/workspace/SpeedxSeldom@2/speedxseldom/test_dir/api/pos/testcase/test_audit_2_scan_parent.py\", line 70, in test_Audit_2_Scan_Parent_02\n    res = audit_step1.parcel_ParentAuditScan2(self.parent_batch_code, tracking_number)\n                                              ^^^^^^^^^^^^^^^^^^^^^^\nAttributeError: '", "key_log_info": "et1.3.2: 2026-02-11 07:14:10 | INFO     | DbHandle.py | MainThread | \u6267\u884csql\uff1aSELECT * FROM pos.pos_label pos WHERE NOT EXISTS (SELECT 1 FROM pos.pos_self_pickup AS p WHERE p.tracking_number = pos.tracking_number)  AND NOT EXISTS (SELECT 1 FROM pos.pos_return_parcel AS p WHERE p.tracking_number = pos.tracking_number)  AND pos.tracking_number like 'SPX%' AND pos.label_status in (\"DELIVERED\", \"ENCODED\") ORDER BY pos.id DESC LIMIT 10;\nTraceback (most recent call last):\nAttributeError: 'Test_Audit_2_Scan_Parent' object has no attribute 'parent_batch_code'"}, {"test_name": "test_Audit_2_Scan_Parent_03", "status": "Error", "type": "bug", "subtype": "null_pointer", "description": "\u7a7a\u6307\u9488/\u7a7a\u503c\u5f02\u5e38", "short_log": "et1.3.3: Traceback (most recent call last):\n  File \"/var/lib/jenkins/workspace/SpeedxSeldom@2/speedxseldom/test_dir/api/pos/testcase/test_audit_2_scan_parent.py\", line 75, in test_Audit_2_Scan_Parent_03\n    tracking_number = self.tracking_number_list[1]\n                      ~~~~~~~~~~~~~~~~~~~~~~~~~^^^\nTypeError: 'NoneType' object is not subscriptable", "key_log_info": "et1.3.3: Traceback (most recent call last):\nTypeError: 'NoneType' object is not subscriptable"}, {"test_name": "test_audit_scan_parcel_01", "status": "Error", "type": "bug", "subtype": "logic", "description": "\u4ee3\u7801\u903b\u8f91/\u7c7b\u578b\u9519\u8bef", "short_log": "et1.5.1: Traceback (most recent call last):\n  File \"/var/lib/jenkins/workspace/SpeedxSeldom@2/speedxseldom/test_dir/api/pos/testcase/test_audit_scan_parcel.py\", line 35, in test_audit_scan_parcel_01\n    result = scan_parcel.scan_parcel(self.audit_batchcode, self.tracking_num)\n                                     ^^^^^^^^^^^^^^^^^^^^\nAttributeError: 'Test_Audit_Scan_Parcel' object has no attribute 'audit_batchcode'", "key_log_info": "et1.5.1: Traceback (most recent call last):\nAttributeError: 'Test_Audit_Scan_Parcel' object has no attribute 'audit_batchcode'"}, {"test_name": "test_audit_scan_parcel_02", "status": "Error", "type": "bug", "subtype": "logic", "description": "\u4ee3\u7801\u903b\u8f91/\u7c7b\u578b\u9519\u8bef", "short_log": "et1.5.2: Traceback (most recent call last):\n  File \"/var/lib/jenkins/workspace/SpeedxSeldom@2/speedxseldom/test_dir/api/pos/testcase/test_audit_scan_parcel.py\", line 52, in test_audit_scan_parcel_02\n    result = scan_parcel.scan_parcel(self.audit_batchcode, self.no_ascan_tracking_num)\n                                     ^^^^^^^^^^^^^^^^^^^^\nAttributeError: 'Test_Audit_Scan_Parcel' object has no attribute 'audit_batchcode'", "key_log_info": "et1.5.2: Traceback (most recent call last):\nAttributeError: 'Test_Audit_Scan_Parcel' object has no attribute 'audit_batchcode'"}, {"test_name": "test_audit_scan_parcel_03", "status": "Error", "type": "bug", "subtype": "logic", "description": "\u4ee3\u7801\u903b\u8f91/\u7c7b\u578b\u9519\u8bef", "short_log": "et1.5.3: Traceback (most recent call last):\n  File \"/var/lib/jenkins/workspace/SpeedxSeldom@2/speedxseldom/test_dir/api/pos/testcase/test_audit_scan_parcel.py\", line 59, in test_audit_scan_parcel_03\n    result = scan_parcel.scan_parcel(self.audit_batchcode, self.tracking_num)\n                                     ^^^^^^^^^^^^^^^^^^^^\nAttributeError: 'Test_Audit_Scan_Parcel' object has no attribute 'audit_batchcode'", "key_log_info": "et1.5.3: Traceback (most recent call last):\nAttributeError: 'Test_Audit_Scan_Parcel' object has no attribute 'audit_batchcode'"}, {"test_name": "test_beans_callback_01", "status": "Error", "type": "bug", "subtype": "runtime_error", "description": "\u8fd0\u884c\u65f6\u9519\u8bef (\u672a\u6355\u83b7\u5f02\u5e38)", "short_log": "et1.6.1: 2026-02-11 07:14:12 | INFO     | callback_receive_service.py | MainThread | \u5f00\u59cb\u8c03\u7528\u51fd\u6570\uff1abeans_callback_receive_origin\n2026-02-11 07:14:12 | INFO     | request.py | MainThread | -------------- [\ud83d\udce4] Request -----------------\n2026-02-11 07:14:12 | INFO     | request.py | MainThread | [method]: POST      [url]: https://gw-uat.speedx.io/pos-exchange-api/external/beans/callback/receive \n2026-02-11 07:14:12 | DEBUG    | request.py | MainThread | [headers]:\n{\n  \"Content-Type\": \"application/json\",\n  \"Accept\": \"application/json\",\n  \"inner-api-key\": \"8BMZDwKUpT8sDQweZrgTN7Em8tqkKQQHjBgp\",\n  \"api-key\": \"41fa44-1c8689-9bd1a5-8f62a2-1ab614\",\n  \"Authorization\": \"Bearer 874ab984-d7b9-4b1f-8347-23d54b82a9dd\"\n}\n2026-02-11 07:14:12 | DEBUG    | request.py | MainThread | [json]:\n{\n  \"type\": \"ROUTE\",\n  \"act", "key_log_info": "\"status\": \"OPEN\",\n2026-02-11 07:14:12 | INFO     | request.py | MainThread | successful with status 200\n2026-02-11 07:14:12 | DEBUG    | request.py | MainThread | [response]:\n2026-02-11 07:14:13 | ERROR    | spx_utils.py | MainThread | Attempt 1 failed: Operation returned an empty result\n2026-02-11 07:14:17 | ERROR    | spx_utils.py | MainThread | Attempt 2 failed: Operation returned an empty result\n2026-02-11 07:14:21 | ERROR    | spx_utils.py | MainThread | Attempt 3 failed: Operation returned an empty result\n2026-02-11 07:14:25 | ERROR    | spx_utils.py | MainThread | Attempt 4 failed: Operation returned an empty result\n2026-02-11 07:14:29 | ERROR    | spx_utils.py | MainThread | Attempt 5 failed: Operation returned an empty result\n2026-02-11 07:14:33 | ERROR    | spx_utils.py | MainThread | Attempt 6 failed: Operation returned an empty result\n2026-02-11 07:14:37 | ERROR    | spx_utils.py | MainThread | Attempt 7 failed: Operation returned an empty result\n2026-02-11 07:14:41 | ERROR    | spx_utils.py | MainThread | Attempt 8 failed: Operation returned an empty result\n2026-02-11 07:14:45 | ERROR    | spx_utils.py | MainThread | Attempt 9 failed: Operation returned an empty result\n2026-02-11 07:14:49 | ERROR    | spx_utils.py | MainThread | Attempt 10 failed: Operation returned an empty result\n2026-02-11 07:14:49 | ERROR    | spx_utils.py | MainThread | Operation failed after 10 attempts\nTraceback (most recent call last):\nraise Exception(\"Operation returned an empty result\")\nException: Operation returned an empty result"}, {"test_name": "test_beans_callback_02", "status": "Error", "type": "bug", "subtype": "runtime_error", "description": "\u8fd0\u884c\u65f6\u9519\u8bef (\u672a\u6355\u83b7\u5f02\u5e38)", "short_log": "et1.6.2: 2026-02-11 07:14:49 | INFO     | callback_receive_service.py | MainThread | \u5f00\u59cb\u8c03\u7528\u51fd\u6570\uff1abeans_callback_receive_origin\n2026-02-11 07:14:49 | INFO     | request.py | MainThread | -------------- [\ud83d\udce4] Request -----------------\n2026-02-11 07:14:49 | INFO     | request.py | MainThread | [method]: POST      [url]: https://gw-uat.speedx.io/pos-exchange-api/external/beans/callback/receive \n2026-02-11 07:14:49 | DEBUG    | request.py | MainThread | [headers]:\n{\n  \"Content-Type\": \"application/json\",\n  \"Accept\": \"application/json\",\n  \"inner-api-key\": \"8BMZDwKUpT8sDQweZrgTN7Em8tqkKQQHjBgp\",\n  \"api-key\": \"41fa44-1c8689-9bd1a5-8f62a2-1ab614\",\n  \"Authorization\": \"Bearer 874ab984-d7b9-4b1f-8347-23d54b82a9dd\"\n}\n2026-02-11 07:14:49 | DEBUG    | request.py | MainThread | [json]:\n{\n  \"type\": \"ROUTE\",\n  \"act", "key_log_info": "\"status\": \"OPEN\",\n2026-02-11 07:14:49 | INFO     | request.py | MainThread | successful with status 200\n2026-02-11 07:14:49 | DEBUG    | request.py | MainThread | [response]:\n2026-02-11 07:14:50 | INFO     | request.py | MainThread | successful with status 200\n2026-02-11 07:14:50 | DEBUG    | request.py | MainThread | [response]:\n\"status\": \"NEW\",\n\"status_updated_at\": \"1770794091021\",\n2026-02-11 07:14:51 | INFO     | request.py | MainThread | successful with status 200\n2026-02-11 07:14:51 | DEBUG    | request.py | MainThread | [response]:\n2026-02-11 07:14:52 | INFO     | request.py | MainThread | successful with status 200\n2026-02-11 07:14:52 | DEBUG    | request.py | MainThread | [response]:\n2026-02-11 07:14:53 | ERROR    | spx_utils.py | MainThread | Attempt 1 failed: Operation returned an empty result\n2026-02-11 07:14:57 | ERROR    | spx_utils.py | MainThread | Attempt 2 failed: Operation returned an empty result\n2026-02-11 07:15:01 | ERROR    | spx_utils.py | MainThread | Attempt 3 failed: Operation returned an empty result\n2026-02-11 07:15:05 | ERROR    | spx_utils.py | MainThread | Attempt 4 failed: Operation returned an empty result\n2026-02-11 07:15:09 | ERROR    | spx_utils.py | MainThread | Attempt 5 failed: Operation returned an empty result\n2026-02-11 07:15:13 | ERROR    | spx_utils.py | MainThread | Attempt 6 failed: Operation returned an empty result\n2026-02-11 07:15:17 | ERROR    | spx_utils.py | MainThread | Attempt 7 failed: Operation returned an empty result\n2026-02-11 07:15:21 | ERROR    | spx_utils.py | MainThread | Attempt 8 failed: Operation returned an empty result\n2026-02-11 07:15:25 | ERROR    | spx_utils.py | MainThread | Attempt 9 failed: Operation returned an empty result\n2026-02-11 07:15:29 | ERROR    | spx_utils.py | MainThread | Attempt 10 failed: Operation returned an empty result\n2026-02-11 07:15:29 | ERROR    | spx_utils.py | MainThread | Operation failed after 10 attempts\nTraceback (most recent call last):\nraise Exception(\"Operation returned an empty result\")\nException: Operation returned an empty result"}, {"test_name": "test_container_create_scan_close_01", "status": "Error", "type": "bug", "subtype": "logic", "description": "\u4ee3\u7801\u903b\u8f91/\u7c7b\u578b\u9519\u8bef", "short_log": "et1.7.1: Traceback (most recent call last):\n  File \"/var/lib/jenkins/workspace/SpeedxSeldom@2/speedxseldom/test_dir/api/pos/testcase/test_container_create_sacn_close.py\", line 56, in test_container_create_scan_close_01\n    tracking_number = self.tracking_number_list[0]\n                      ^^^^^^^^^^^^^^^^^^^^^^^^^\nAttributeError: 'Test_Container_Create_Scan_Close' object has no attribute 'tracking_number_list'", "key_log_info": "et1.7.1: Traceback (most recent call last):\nAttributeError: 'Test_Container_Create_Scan_Close' object has no attribute 'tracking_number_list'"}, {"test_name": "test_container_create_scan_close_03", "status": "Error", "type": "bug", "subtype": "logic", "description": "\u4ee3\u7801\u903b\u8f91/\u7c7b\u578b\u9519\u8bef", "short_log": "et1.7.3: Traceback (most recent call last):\n  File \"/var/lib/jenkins/workspace/SpeedxSeldom@2/speedxseldom/test_dir/api/pos/testcase/test_container_create_sacn_close.py\", line 70, in test_container_create_scan_close_03\n    self.check_container_exists()\n  File \"/var/lib/jenkins/workspace/SpeedxSeldom@2/speedxseldom/test_dir/api/pos/testcase/test_container_create_sacn_close.py\", line 34, in check_container_exists\n    tracking_number = self.tracking_number_list[0]\n                      ^^^^^^^^^^^^^^^^^^^^^^^^^\nAttributeError: 'Test_Container_Create_Scan_Close' object has no attribute 'tracking_number_list'", "key_log_info": "et1.7.3: Traceback (most recent call last):\nAttributeError: 'Test_Container_Create_Scan_Close' object has no attribute 'tracking_number_list'"}, {"test_name": "test_container_create_scan_close_04", "status": "Error", "type": "bug", "subtype": "logic", "description": "\u4ee3\u7801\u903b\u8f91/\u7c7b\u578b\u9519\u8bef", "short_log": "et1.7.4: Traceback (most recent call last):\n  File \"/var/lib/jenkins/workspace/SpeedxSeldom@2/speedxseldom/test_dir/api/pos/testcase/test_container_create_sacn_close.py\", line 82, in test_container_create_scan_close_04\n    self.check_container_exists()\n  File \"/var/lib/jenkins/workspace/SpeedxSeldom@2/speedxseldom/test_dir/api/pos/testcase/test_container_create_sacn_close.py\", line 34, in check_container_exists\n    tracking_number = self.tracking_number_list[0]\n                      ^^^^^^^^^^^^^^^^^^^^^^^^^\nAttributeError: 'Test_Container_Create_Scan_Close' object has no attribute 'tracking_number_list'", "key_log_info": "et1.7.4: Traceback (most recent call last):\nAttributeError: 'Test_Container_Create_Scan_Close' object has no attribute 'tracking_number_list'"}, {"test_name": "test_container_create_scan_close_05", "status": "Error", "type": "bug", "subtype": "logic", "description": "\u4ee3\u7801\u903b\u8f91/\u7c7b\u578b\u9519\u8bef", "short_log": "et1.7.5: Traceback (most recent call last):\n  File \"/var/lib/jenkins/workspace/SpeedxSeldom@2/speedxseldom/test_dir/api/pos/testcase/test_container_create_sacn_close.py\", line 91, in test_container_create_scan_close_05\n    self.check_container_exists()\n  File \"/var/lib/jenkins/workspace/SpeedxSeldom@2/speedxseldom/test_dir/api/pos/testcase/test_container_create_sacn_close.py\", line 34, in check_container_exists\n    tracking_number = self.tracking_number_list[0]\n                      ^^^^^^^^^^^^^^^^^^^^^^^^^\nAttributeError: 'Test_Container_Create_Scan_Close' object has no attribute 'tracking_number_list'", "key_log_info": "et1.7.5: Traceback (most recent call last):\nAttributeError: 'Test_Container_Create_Scan_Close' object has no attribute 'tracking_number_list'"}, {"test_name": "test_container_create_01", "status": "Error", "type": "bug", "subtype": "runtime_error", "description": "\u8fd0\u884c\u65f6\u9519\u8bef (\u672a\u6355\u83b7\u5f02\u5e38)", "short_log": "et1.8.1: 2026-02-11 07:16:03 | INFO     | label_Factory_Prod.py | MainThread | \u5f00\u59cb\u751f\u6210\u6807\u7b7e...\n2026-02-11 07:16:03 | INFO     | http.py | MainThread | \u51fd\u6570 create_label_origin \u8c03\u7528api_request, \u5c1d\u8bd5\u7b2c 1 \u6b21\n2026-02-11 07:16:03 | INFO     | request.py | MainThread | -------------- [\ud83d\udce4] Request -----------------\n2026-02-11 07:16:03 | INFO     | request.py | MainThread | [method]: POST      [url]: https://gw-uat.speedx.io/rps-api/label/create-label \n2026-02-11 07:16:03 | DEBUG    | request.py | MainThread | [headers]:\n{\n  \"Content-Type\": \"application/json\",\n  \"Accept\": \"application/json\",\n  \"inner-api-key\": \"8BMZDwKUpT8sDQweZrgTN7Em8tqkKQQHjBgp\",\n  \"api-key\": \"41fa44-1c8689-9bd1a5-8f62a2-1ab614\",\n  \"Authorization\": \"Bearer 874ab984-d7b9-4b1f-8347-23d54b82a9dd\"\n}\n2026-02-11 07:16:03 | DEBUG    | request.py | M", "key_log_info": "2026-02-11 07:16:03 | INFO     | request.py | MainThread | successful with status 200\n2026-02-11 07:16:03 | DEBUG    | request.py | MainThread | [response]:\n2026-02-11 07:16:03 | ERROR    | label_Factory_Prod.py | MainThread | \u751f\u6210\u6807\u7b7e\u5931\u8d25: 'payload'\nTraceback (most recent call last):\nraise Exception(f\"\u6240\u6709\u6807\u7b7e\u521b\u5efa\u5931\u8d25\uff0c\u5931\u8d25\u5217\u8868: {tracking_num_list}\")\nException: \u6240\u6709\u6807\u7b7e\u521b\u5efa\u5931\u8d25\uff0c\u5931\u8d25\u5217\u8868: []"}, {"test_name": "test_dispatch_01", "status": "Error", "type": "bug", "subtype": "runtime_error", "description": "\u8fd0\u884c\u65f6\u9519\u8bef (\u672a\u6355\u83b7\u5f02\u5e38)", "short_log": "et1.10.1: 2026-02-11 07:16:03 | INFO     | label_Factory_Prod.py | MainThread | \u5f00\u59cb\u751f\u6210\u6807\u7b7e...\n2026-02-11 07:16:03 | INFO     | http.py | MainThread | \u51fd\u6570 create_label_origin \u8c03\u7528api_request, \u5c1d\u8bd5\u7b2c 1 \u6b21\n2026-02-11 07:16:03 | INFO     | request.py | MainThread | -------------- [\ud83d\udce4] Request -----------------\n2026-02-11 07:16:03 | INFO     | request.py | MainThread | [method]: POST      [url]: https://gw-uat.speedx.io/rps-api/label/create-label \n2026-02-11 07:16:03 | DEBUG    | request.py | MainThread | [headers]:\n{\n  \"Content-Type\": \"application/json\",\n  \"Accept\": \"application/json\",\n  \"inner-api-key\": \"8BMZDwKUpT8sDQweZrgTN7Em8tqkKQQHjBgp\",\n  \"api-key\": \"41fa44-1c8689-9bd1a5-8f62a2-1ab614\",\n  \"Authorization\": \"Bearer 874ab984-d7b9-4b1f-8347-23d54b82a9dd\"\n}\n2026-02-11 07:16:03 | DEBUG    | request.py |", "key_log_info": "2026-02-11 07:16:03 | INFO     | request.py | MainThread | successful with status 200\n2026-02-11 07:16:03 | DEBUG    | request.py | MainThread | [response]:\n2026-02-11 07:16:03 | ERROR    | label_Factory_Prod.py | MainThread | \u751f\u6210\u6807\u7b7e\u5931\u8d25: 'payload'\nTraceback (most recent call last):\nraise Exception(f\"\u6240\u6709\u6807\u7b7e\u521b\u5efa\u5931\u8d25\uff0c\u5931\u8d25\u5217\u8868: {tracking_num_list}\")\nException: \u6240\u6709\u6807\u7b7e\u521b\u5efa\u5931\u8d25\uff0c\u5931\u8d25\u5217\u8868: []"}, {"test_name": "test_dispatch_02", "status": "Fail", "type": "bug", "subtype": "assertion", "description": "\u65ad\u8a00\u5931\u8d25 (\u529f\u80fd\u7f3a\u9677)", "short_log": "ft1.10.2: 2026-02-11 07:16:03 | INFO     | http.py | MainThread | \u51fd\u6570 upload_Signature \u8c03\u7528api_request, \u5c1d\u8bd5\u7b2c 1 \u6b21\n2026-02-11 07:16:03 | INFO     | request.py | MainThread | -------------- [\ud83d\udce4] Request -----------------\n2026-02-11 07:16:03 | INFO     | request.py | MainThread | [method]: POST      [url]: https://gw-uat.speedx.io/pos-exchange-api/web/dispatch/uploadSignature \n2026-02-11 07:16:03 | DEBUG    | request.py | MainThread | [headers]:\n{\n  \"Content-Type\": \"application/json\",\n  \"Accept\": \"application/json\",\n  \"inner-api-key\": \"8BMZDwKUpT8sDQweZrgTN7Em8tqkKQQHjBgp\",\n  \"api-key\": \"41fa44-1c8689-9bd1a5-8f62a2-1ab614\",\n  \"Authorization\": \"Bearer 874ab984-d7b9-4b1f-8347-23d54b82a9dd\"\n}\n2026-02-11 07:16:03 | DEBUG    | request.py | MainThread | [cookies]:\n{\n  \"JSESSIONID\": \"a7a06b24-bfc1-47c1-b2", "key_log_info": "2026-02-11 07:16:03 | INFO     | request.py | MainThread | successful with status 200\n2026-02-11 07:16:03 | DEBUG    | request.py | MainThread | [response]:\nTraceback (most recent call last):\nself.assertEqual(response['code'], 200)\nAssertionError: 601 != 200"}, {"test_name": "test_batch_parentSave_01", "status": "Error", "type": "bug", "subtype": "logic", "description": "\u4ee3\u7801\u903b\u8f91/\u7c7b\u578b\u9519\u8bef", "short_log": "et1.17.1: Traceback (most recent call last):\n  File \"/var/lib/jenkins/workspace/SpeedxSeldom@2/speedxseldom/test_dir/api/pos/testcase/test_inbound_2_parentScan.py\", line 46, in test_batch_parentSave_01\n    tracking_number = self.tracking_number_list[0]\n                      ^^^^^^^^^^^^^^^^^^^^^^^^^\nAttributeError: 'Test_Inboud_ParentSave' object has no attribute 'tracking_number_list'", "key_log_info": "et1.17.1: Traceback (most recent call last):\nAttributeError: 'Test_Inboud_ParentSave' object has no attribute 'tracking_number_list'"}, {"test_name": "test_batch_parentSave_02", "status": "Error", "type": "bug", "subtype": "logic", "description": "\u4ee3\u7801\u903b\u8f91/\u7c7b\u578b\u9519\u8bef", "short_log": "et1.17.2: Traceback (most recent call last):\n  File \"/var/lib/jenkins/workspace/SpeedxSeldom@2/speedxseldom/test_dir/api/pos/testcase/test_inbound_2_parentScan.py\", line 59, in test_batch_parentSave_02\n    tracking_number = self.tracking_number_list[0]\n                      ^^^^^^^^^^^^^^^^^^^^^^^^^\nAttributeError: 'Test_Inboud_ParentSave' object has no attribute 'tracking_number_list'", "key_log_info": "et1.17.2: Traceback (most recent call last):\nAttributeError: 'Test_Inboud_ParentSave' object has no attribute 'tracking_number_list'"}, {"test_name": "test_batch_parentSave_03", "status": "Error", "type": "bug", "subtype": "logic", "description": "\u4ee3\u7801\u903b\u8f91/\u7c7b\u578b\u9519\u8bef", "short_log": "et1.17.3: Traceback (most recent call last):\n  File \"/var/lib/jenkins/workspace/SpeedxSeldom@2/speedxseldom/test_dir/api/pos/testcase/test_inbound_2_parentScan.py\", line 69, in test_batch_parentSave_03\n    Batch_ParentScan_Service().batch_ParentScan(self.parent_batch_code, tracking_number)\n                                                ^^^^^^^^^^^^^^^^^^^^^^\nAttributeError: 'Test_Inboud_ParentSave' object has no attribute 'parent_batch_code'", "key_log_info": "et1.17.3: Traceback (most recent call last):\nAttributeError: 'Test_Inboud_ParentSave' object has no attribute 'parent_batch_code'"}, {"test_name": "test_batch_parentSave_04", "status": "Error", "type": "bug", "subtype": "logic", "description": "\u4ee3\u7801\u903b\u8f91/\u7c7b\u578b\u9519\u8bef", "short_log": "et1.17.4: Traceback (most recent call last):\n  File \"/var/lib/jenkins/workspace/SpeedxSeldom@2/speedxseldom/test_dir/api/pos/testcase/test_inbound_2_parentScan.py\", line 76, in test_batch_parentSave_04\n    tracking_number = self.tracking_number_ewr\n                      ^^^^^^^^^^^^^^^^^^^^^^^^\nAttributeError: 'Test_Inboud_ParentSave' object has no attribute 'tracking_number_ewr'", "key_log_info": "et1.17.4: Traceback (most recent call last):\nAttributeError: 'Test_Inboud_ParentSave' object has no attribute 'tracking_number_ewr'"}, {"test_name": "test_batch_parentSave_05", "status": "Error", "type": "bug", "subtype": "logic", "description": "\u4ee3\u7801\u903b\u8f91/\u7c7b\u578b\u9519\u8bef", "short_log": "et1.17.5: Traceback (most recent call last):\n  File \"/var/lib/jenkins/workspace/SpeedxSeldom@2/speedxseldom/test_dir/api/pos/testcase/test_inbound_2_parentScan.py\", line 83, in test_batch_parentSave_05\n    tracking_number = self.tracking_number_sfo_del\n                      ^^^^^^^^^^^^^^^^^^^^^^^^^^^^\nAttributeError: 'Test_Inboud_ParentSave' object has no attribute 'tracking_number_sfo_del'", "key_log_info": "et1.17.5: Traceback (most recent call last):\nAttributeError: 'Test_Inboud_ParentSave' object has no attribute 'tracking_number_sfo_del'"}, {"test_name": "test_batch_parentSave_06", "status": "Error", "type": "bug", "subtype": "logic", "description": "\u4ee3\u7801\u903b\u8f91/\u7c7b\u578b\u9519\u8bef", "short_log": "et1.17.6: Traceback (most recent call last):\n  File \"/var/lib/jenkins/workspace/SpeedxSeldom@2/speedxseldom/test_dir/api/pos/testcase/test_inbound_2_parentScan.py\", line 91, in test_batch_parentSave_06\n    tracking_number = self.tracking_number_sfo_fal\n                      ^^^^^^^^^^^^^^^^^^^^^^^^^^^^\nAttributeError: 'Test_Inboud_ParentSave' object has no attribute 'tracking_number_sfo_fal'", "key_log_info": "et1.17.6: Traceback (most recent call last):\nAttributeError: 'Test_Inboud_ParentSave' object has no attribute 'tracking_number_sfo_fal'"}, {"test_name": "test_batch_routeReport_01", "status": "Fail", "type": "bug", "subtype": "assertion", "description": "\u65ad\u8a00\u5931\u8d25 (\u529f\u80fd\u7f3a\u9677)", "short_log": "ft1.23.1: 2026-02-11 07:16:06 | INFO     | batch_list_service.py | MainThread | \u5f00\u59cb\u8c03\u7528\u51fd\u6570\uff1aBatch_List\n2026-02-11 07:16:06 | INFO     | request.py | MainThread | -------------- [\ud83d\udce4] Request -----------------\n2026-02-11 07:16:06 | INFO     | request.py | MainThread | [method]: POST      [url]: https://gw-uat.speedx.io/pos-exchange-api/web/inbound/batch/list \n2026-02-11 07:16:06 | DEBUG    | request.py | MainThread | [cookies]:\n{\n  \"JSESSIONID\": \"a7a06b24-bfc1-47c1-b277-c4379eb8ac01\"\n}\n2026-02-11 07:16:06 | DEBUG    | request.py | MainThread | [json]:\n{\n  \"createDateEnd\": \"\",\n  \"createDateStart\": \"\",\n  \"pageIndex\": 0,\n  \"pageSize\": 20,\n  \"sidx\": \"id\",\n  \"order\": \"desc\",\n  \"batchCode\": \"batch20260211071410\",\n  \"status\": \"ACTIVE\"\n}\n2026-02-11 07:16:06 | INFO     | request.py | MainThread | ---------", "key_log_info": "\"status\": \"ACTIVE\"\n2026-02-11 07:16:06 | INFO     | request.py | MainThread | successful with status 200\n2026-02-11 07:16:06 | DEBUG    | request.py | MainThread | [response]:\n\"status\": \"ACTIVE\",\n2026-02-11 07:16:06 | DEBUG    | request.py | MainThread | [warning]: failed to convert res to json, try to convert to text\n2026-02-11 07:16:06 | INFO     | base_assert.py | MainThread | \ud83d\udc40 assertIn  -> ('batch20260211071410', 'error_info_20260211151606.xlsx')\nTraceback (most recent call last):\nAssertionError: 'batch20260211071410' not found in 'error_info_20260211151606.xlsx'"}, {"test_name": "test_label_update_address_01", "status": "Fail", "type": "environment", "subtype": "service", "description": "\u670d\u52a1\u4e0d\u53ef\u7528/50x\u9519\u8bef", "short_log": "ft1.28.1: 2026-02-11 07:16:08 | INFO     | DbHandle.py | MainThread | \u6267\u884csql\uff1aSELECT * FROM pos.pos_label WHERE org_id = 421 AND poe = 'LAX' AND label_status = 'GEOCODED' AND update_address = 0  ORDER BY id DESC LIMIT 100;\n2026-02-11 07:16:08 | INFO     | DbHandle.py | MainThread | \u6267\u884csql\uff1aSELECT * FROM pos.pos_label WHERE tracking_number = 'SPXLAX042104994247'  ORDER BY id DESC LIMIT 100;\n2026-02-11 07:16:08 | INFO     | http.py | MainThread | \u51fd\u6570 address_updateNew_origin \u8c03\u7528api_request, \u5c1d\u8bd5\u7b2c 1 \u6b21\n2026-02-11 07:16:08 | INFO     | request.py | MainThread | -------------- [\ud83d\udce4] Request -----------------\n2026-02-11 07:16:08 | INFO     | request.py | MainThread | [method]: POST      [url]: https://gw-uat.speedx.io/pos-exchange-api/address/updateNew \n2026-02-11 07:16:08 | DEBUG    | request.py | MainThr", "key_log_info": "ft1.28.1: 2026-02-11 07:16:08 | INFO     | DbHandle.py | MainThread | \u6267\u884csql\uff1aSELECT * FROM pos.pos_label WHERE org_id = 421 AND poe = 'LAX' AND label_status = 'GEOCODED' AND update_address = 0  ORDER BY id DESC LIMIT 100;\n2026-02-11 07:16:09 | INFO     | request.py | MainThread | successful with status 200\n2026-02-11 07:16:09 | DEBUG    | request.py | MainThread | [response]:\n\"message\": \"Failed to modify the address, please contact technical support.\",\nTraceback (most recent call last):\nself.assertEqual(200, response[\"code\"])\nAssertionError: 200 != 500"}, {"test_name": "test_Receiving_Batch_Do_Save_01", "status": "Error", "type": "bug", "subtype": "logic", "description": "\u4ee3\u7801\u903b\u8f91/\u7c7b\u578b\u9519\u8bef", "short_log": "et1.30.1: 2026-02-11 07:16:09 | INFO     | test_receiving_batch_do_save.py | MainThread | start Receiving_Batch_Do_Save_01\nTraceback (most recent call last):\n  File \"/var/lib/jenkins/workspace/SpeedxSeldom@2/speedxseldom/test_dir/api/pos/testcase/test_receiving_batch_do_save.py\", line 68, in test_Receiving_Batch_Do_Save_01\n    do_save.receiving_batch_DoSave(self.shipment_code)\n                                   ^^^^^^^^^^^^^^^^^^\nAttributeError: 'Test_Receiving_Batch_Do_Save' object has no attribute 'shipment_code'", "key_log_info": "Traceback (most recent call last):\nAttributeError: 'Test_Receiving_Batch_Do_Save' object has no attribute 'shipment_code'"}, {"test_name": "test_refreshroute_resetlabelstatus_01", "status": "Fail", "type": "bug", "subtype": "assertion", "description": "\u65ad\u8a00\u5931\u8d25 (\u529f\u80fd\u7f3a\u9677)", "short_log": "ft1.36.1: 2026-02-11 07:16:10 | INFO     | DbHandle.py | MainThread | \u6267\u884csql\uff1aSELECT * FROM pos.pos_label WHERE poe = 'LAX' AND label_status = 'GEOCODED' AND update_address = 0  ORDER BY id DESC LIMIT 100;\n/var/lib/jenkins/workspace/SpeedxSeldom@2/speedxseldom/test_data/reset_status.xls\n['SPXLAX056801961700']\n2026-02-11 07:16:10 | INFO     | spx_utils.py | MainThread | Excel\u6587\u4ef6 '/var/lib/jenkins/workspace/SpeedxSeldom@2/speedxseldom/test_data/reset_status.xls' \u4e2d\u7684\u884c '1' \u5df2\u6210\u529f\u62f7\u8d1d\u3002\n2026-02-11 07:16:10 | INFO     | spx_utils.py | MainThread | Excel\u6587\u4ef6 '/var/lib/jenkins/workspace/SpeedxSeldom@2/speedxseldom/test_data/reset_status.xls' \u4e2d\u7684\u884c '2' \u4e4b\u540e\u7684\u884c\u5df2\u6210\u529f\u5220\u9664\u3002\n2026-02-11 07:16:10 | INFO     | spx_utils.py | MainThread | Excel\u6587\u4ef6 '/var/lib/jenkins/workspace/SpeedxSeldom@2/speedxseldom/test_data/reset_status.xls", "key_log_info": "ft1.36.1: 2026-02-11 07:16:10 | INFO     | DbHandle.py | MainThread | \u6267\u884csql\uff1aSELECT * FROM pos.pos_label WHERE poe = 'LAX' AND label_status = 'GEOCODED' AND update_address = 0  ORDER BY id DESC LIMIT 100;\n/var/lib/jenkins/workspace/SpeedxSeldom@2/speedxseldom/test_data/reset_status.xls\n2026-02-11 07:16:10 | INFO     | spx_utils.py | MainThread | Excel\u6587\u4ef6 '/var/lib/jenkins/workspace/SpeedxSeldom@2/speedxseldom/test_data/reset_status.xls' \u4e2d\u7684\u884c '1' \u5df2\u6210\u529f\u62f7\u8d1d\u3002\n2026-02-11 07:16:10 | INFO     | spx_utils.py | MainThread | Excel\u6587\u4ef6 '/var/lib/jenkins/workspace/SpeedxSeldom@2/speedxseldom/test_data/reset_status.xls' \u4e2d\u7684\u884c '2' \u4e4b\u540e\u7684\u884c\u5df2\u6210\u529f\u5220\u9664\u3002\n2026-02-11 07:16:10 | INFO     | spx_utils.py | MainThread | Excel\u6587\u4ef6 '/var/lib/jenkins/workspace/SpeedxSeldom@2/speedxseldom/test_data/reset_status.xls' \u4e2d\u7684\u5217 'Tracking Number' \u5df2\u6210\u529f\u4fee\u6539\u3002\n2026-02-11 07:16:10 | INFO     | reset_label_status_service.py | MainThread | \u5f00\u59cb\u8c03\u7528\u51fd\u6570\uff1areset_label_status_origin\n2026-02-11 07:16:10 | INFO     | request.py | MainThread | [method]: POST      [url]: https://gw-uat.speedx.io/pos-exchange-api/refresh-route/reset-label-status\n{'file': ('/test_data/reset_status.xls', <_io.BufferedReader name='/var/lib/jenkins/workspace/SpeedxSeldom@2/speedxseldom/test_data/reset_status.xls'>, 'multipart/form-data')}\n2026-02-11 07:16:11 | INFO     | request.py | MainThread | successful with status 200\n2026-02-11 07:16:11 | DEBUG    | request.py | MainThread | [warning]: failed to convert res to json, try to convert to text\n2026-02-11 07:16:11 | DEBUG    | request.py | MainThread | [response]:\nTraceback (most recent call last):\nFile \"/var/lib/jenkins/workspace/SpeedxSeldom@2/speedxseldom/test_dir/api/pos/testcase/test_refreshroute_resetlabelstatus.py\", line 50, in test_refreshroute_resetlabelstatus_01\nFile \"/var/lib/jenkins/workspace/SpeedxSeldom@2/speedxseldom/test_dir/api/pos/testcase/test_refreshroute_resetlabelstatus.py\", line 32, in _check_loading_data\nAssertionError: False != True"}, {"test_name": "test_refreshroute_resetlabelstatus_02", "status": "Fail", "type": "bug", "subtype": "assertion", "description": "\u65ad\u8a00\u5931\u8d25 (\u529f\u80fd\u7f3a\u9677)", "short_log": "ft1.36.2: 2026-02-11 07:16:11 | INFO     | DbHandle.py | MainThread | \u6267\u884csql\uff1aSELECT * FROM pos.pos_label WHERE poe = 'LAX' AND label_status = 'ENCODED'  ORDER BY id DESC LIMIT 100;\n/var/lib/jenkins/workspace/SpeedxSeldom@2/speedxseldom/test_data/reset_status.xls\n['SPXLAX042300192744']\n2026-02-11 07:16:11 | INFO     | spx_utils.py | MainThread | Excel\u6587\u4ef6 '/var/lib/jenkins/workspace/SpeedxSeldom@2/speedxseldom/test_data/reset_status.xls' \u4e2d\u7684\u884c '1' \u5df2\u6210\u529f\u62f7\u8d1d\u3002\n2026-02-11 07:16:11 | INFO     | spx_utils.py | MainThread | Excel\u6587\u4ef6 '/var/lib/jenkins/workspace/SpeedxSeldom@2/speedxseldom/test_data/reset_status.xls' \u4e2d\u7684\u884c '2' \u4e4b\u540e\u7684\u884c\u5df2\u6210\u529f\u5220\u9664\u3002\n2026-02-11 07:16:11 | INFO     | spx_utils.py | MainThread | Excel\u6587\u4ef6 '/var/lib/jenkins/workspace/SpeedxSeldom@2/speedxseldom/test_data/reset_status.xls' \u4e2d\u7684\u5217 'Tracking Number'", "key_log_info": "ft1.36.2: 2026-02-11 07:16:11 | INFO     | DbHandle.py | MainThread | \u6267\u884csql\uff1aSELECT * FROM pos.pos_label WHERE poe = 'LAX' AND label_status = 'ENCODED'  ORDER BY id DESC LIMIT 100;\n/var/lib/jenkins/workspace/SpeedxSeldom@2/speedxseldom/test_data/reset_status.xls\n2026-02-11 07:16:11 | INFO     | spx_utils.py | MainThread | Excel\u6587\u4ef6 '/var/lib/jenkins/workspace/SpeedxSeldom@2/speedxseldom/test_data/reset_status.xls' \u4e2d\u7684\u884c '1' \u5df2\u6210\u529f\u62f7\u8d1d\u3002\n2026-02-11 07:16:11 | INFO     | spx_utils.py | MainThread | Excel\u6587\u4ef6 '/var/lib/jenkins/workspace/SpeedxSeldom@2/speedxseldom/test_data/reset_status.xls' \u4e2d\u7684\u884c '2' \u4e4b\u540e\u7684\u884c\u5df2\u6210\u529f\u5220\u9664\u3002\n2026-02-11 07:16:11 | INFO     | spx_utils.py | MainThread | Excel\u6587\u4ef6 '/var/lib/jenkins/workspace/SpeedxSeldom@2/speedxseldom/test_data/reset_status.xls' \u4e2d\u7684\u5217 'Tracking Number' \u5df2\u6210\u529f\u4fee\u6539\u3002\n2026-02-11 07:16:11 | INFO     | reset_label_status_service.py | MainThread | \u5f00\u59cb\u8c03\u7528\u51fd\u6570\uff1areset_label_status_origin\n2026-02-11 07:16:11 | INFO     | request.py | MainThread | [method]: POST      [url]: https://gw-uat.speedx.io/pos-exchange-api/refresh-route/reset-label-status\n{'file': ('/test_data/reset_status.xls', <_io.BufferedReader name='/var/lib/jenkins/workspace/SpeedxSeldom@2/speedxseldom/test_data/reset_status.xls'>, 'multipart/form-data')}\n2026-02-11 07:16:11 | INFO     | request.py | MainThread | successful with status 200\n2026-02-11 07:16:11 | DEBUG    | request.py | MainThread | [warning]: failed to convert res to json, try to convert to text\n2026-02-11 07:16:11 | DEBUG    | request.py | MainThread | [response]:\nTraceback (most recent call last):\nFile \"/var/lib/jenkins/workspace/SpeedxSeldom@2/speedxseldom/test_dir/api/pos/testcase/test_refreshroute_resetlabelstatus.py\", line 58, in test_refreshroute_resetlabelstatus_02\nFile \"/var/lib/jenkins/workspace/SpeedxSeldom@2/speedxseldom/test_dir/api/pos/testcase/test_refreshroute_resetlabelstatus.py\", line 32, in _check_loading_data\nAssertionError: False != True"}, {"test_name": "test_refreshroute_resetlabelstatus_03", "status": "Fail", "type": "bug", "subtype": "assertion", "description": "\u65ad\u8a00\u5931\u8d25 (\u529f\u80fd\u7f3a\u9677)", "short_log": "ft1.36.3: 2026-02-11 07:16:11 | INFO     | DbHandle.py | MainThread | \u6267\u884csql\uff1aSELECT * FROM pos.pos_label WHERE poe = 'LAX' AND label_status = 'GEOCODE_FAILED'  ORDER BY id DESC LIMIT 100;\n/var/lib/jenkins/workspace/SpeedxSeldom@2/speedxseldom/test_data/reset_status.xls\n['SPXONT042211192669']\n2026-02-11 07:16:11 | INFO     | spx_utils.py | MainThread | Excel\u6587\u4ef6 '/var/lib/jenkins/workspace/SpeedxSeldom@2/speedxseldom/test_data/reset_status.xls' \u4e2d\u7684\u884c '1' \u5df2\u6210\u529f\u62f7\u8d1d\u3002\n2026-02-11 07:16:11 | INFO     | spx_utils.py | MainThread | Excel\u6587\u4ef6 '/var/lib/jenkins/workspace/SpeedxSeldom@2/speedxseldom/test_data/reset_status.xls' \u4e2d\u7684\u884c '2' \u4e4b\u540e\u7684\u884c\u5df2\u6210\u529f\u5220\u9664\u3002\n2026-02-11 07:16:11 | INFO     | spx_utils.py | MainThread | Excel\u6587\u4ef6 '/var/lib/jenkins/workspace/SpeedxSeldom@2/speedxseldom/test_data/reset_status.xls' \u4e2d\u7684\u5217 'Tracking N", "key_log_info": "ft1.36.3: 2026-02-11 07:16:11 | INFO     | DbHandle.py | MainThread | \u6267\u884csql\uff1aSELECT * FROM pos.pos_label WHERE poe = 'LAX' AND label_status = 'GEOCODE_FAILED'  ORDER BY id DESC LIMIT 100;\n/var/lib/jenkins/workspace/SpeedxSeldom@2/speedxseldom/test_data/reset_status.xls\n2026-02-11 07:16:11 | INFO     | spx_utils.py | MainThread | Excel\u6587\u4ef6 '/var/lib/jenkins/workspace/SpeedxSeldom@2/speedxseldom/test_data/reset_status.xls' \u4e2d\u7684\u884c '1' \u5df2\u6210\u529f\u62f7\u8d1d\u3002\n2026-02-11 07:16:11 | INFO     | spx_utils.py | MainThread | Excel\u6587\u4ef6 '/var/lib/jenkins/workspace/SpeedxSeldom@2/speedxseldom/test_data/reset_status.xls' \u4e2d\u7684\u884c '2' \u4e4b\u540e\u7684\u884c\u5df2\u6210\u529f\u5220\u9664\u3002\n2026-02-11 07:16:11 | INFO     | spx_utils.py | MainThread | Excel\u6587\u4ef6 '/var/lib/jenkins/workspace/SpeedxSeldom@2/speedxseldom/test_data/reset_status.xls' \u4e2d\u7684\u5217 'Tracking Number' \u5df2\u6210\u529f\u4fee\u6539\u3002\n2026-02-11 07:16:11 | INFO     | reset_label_status_service.py | MainThread | \u5f00\u59cb\u8c03\u7528\u51fd\u6570\uff1areset_label_status_origin\n2026-02-11 07:16:11 | INFO     | request.py | MainThread | [method]: POST      [url]: https://gw-uat.speedx.io/pos-exchange-api/refresh-route/reset-label-status\n{'file': ('/test_data/reset_status.xls', <_io.BufferedReader name='/var/lib/jenkins/workspace/SpeedxSeldom@2/speedxseldom/test_data/reset_status.xls'>, 'multipart/form-data')}\n2026-02-11 07:16:11 | INFO     | request.py | MainThread | successful with status 200\n2026-02-11 07:16:11 | DEBUG    | request.py | MainThread | [warning]: failed to convert res to json, try to convert to text\n2026-02-11 07:16:11 | DEBUG    | request.py | MainThread | [response]:\nTraceback (most recent call last):\nFile \"/var/lib/jenkins/workspace/SpeedxSeldom@2/speedxseldom/test_dir/api/pos/testcase/test_refreshroute_resetlabelstatus.py\", line 67, in test_refreshroute_resetlabelstatus_03\nFile \"/var/lib/jenkins/workspace/SpeedxSeldom@2/speedxseldom/test_dir/api/pos/testcase/test_refreshroute_resetlabelstatus.py\", line 32, in _check_loading_data\nAssertionError: False != True"}, {"test_name": "test_shein_batch_create_01", "status": "Fail", "type": "bug", "subtype": "assertion", "description": "\u65ad\u8a00\u5931\u8d25 (\u529f\u80fd\u7f3a\u9677)", "short_log": "ft1.43.1: 2026-02-11 07:16:14 | INFO     | shein_batch_create_service.py | MainThread | \u5f00\u59cb\u8c03\u7528\u51fd\u6570\uff1ashein_batch_create\n2026-02-11 07:16:14 | INFO     | request.py | MainThread | -------------- [\ud83d\udce4] Request -----------------\n2026-02-11 07:16:14 | INFO     | request.py | MainThread | [method]: POST      [url]: https://gw-uat.speedx.io/pos-exchange-api/shein-batch/create \n2026-02-11 07:16:14 | DEBUG    | request.py | MainThread | [cookies]:\n{}\n2026-02-11 07:16:14 | DEBUG    | request.py | MainThread | [json]:\n{\n  \"sorterType\": \"DAMON\"\n}\n2026-02-11 07:16:14 | INFO     | request.py | MainThread | -------------- [\ud83d\udce8] Response ----------------\n2026-02-11 07:16:14 | INFO     | request.py | MainThread | successful with status 200\n2026-02-11 07:16:14 | DEBUG    | request.py | MainThread | [type]: json", "key_log_info": "2026-02-11 07:16:14 | INFO     | request.py | MainThread | successful with status 200\n2026-02-11 07:16:14 | DEBUG    | request.py | MainThread | [response]:\nTraceback (most recent call last):\nself.assertEqual(response[\"code\"], 200)\nAssertionError: 401 != 200"}, {"test_name": "test_shein_batch_query_02", "status": "Fail", "type": "bug", "subtype": "assertion", "description": "\u65ad\u8a00\u5931\u8d25 (\u529f\u80fd\u7f3a\u9677)", "short_log": "ft1.43.2: 2026-02-11 07:16:14 | INFO     | shein_batch_query_service.py | MainThread | \u5f00\u59cb\u8c03\u7528\u51fd\u6570\uff1ashein_batch_query\n2026-02-11 07:16:14 | INFO     | request.py | MainThread | -------------- [\ud83d\udce4] Request -----------------\n2026-02-11 07:16:14 | INFO     | request.py | MainThread | [method]: POST      [url]: https://gw-uat.speedx.io/pos-exchange-api/shein-batch/query \n2026-02-11 07:16:14 | DEBUG    | request.py | MainThread | [cookies]:\n{}\n2026-02-11 07:16:14 | DEBUG    | request.py | MainThread | [json]:\n{\n  \"status\": \"ACTIVE\",\n  \"createdAtStart\": 1770768000000,\n  \"createdAtEnd\": 1770854399000,\n  \"sidx\": \"id\",\n  \"order\": \"desc\",\n  \"pageSize\": 20,\n  \"pageNum\": 1\n}\n2026-02-11 07:16:14 | INFO     | request.py | MainThread | -------------- [\ud83d\udce8] Response ----------------\n2026-02-11 07:16:14 | INFO", "key_log_info": "\"status\": \"ACTIVE\",\n2026-02-11 07:16:14 | INFO     | request.py | MainThread | successful with status 200\n2026-02-11 07:16:14 | DEBUG    | request.py | MainThread | [response]:\nTraceback (most recent call last):\nself.assertEqual(response[\"code\"], 200)\nAssertionError: 401 != 200"}, {"test_name": "test_shein_batch_scan_03", "status": "Fail", "type": "bug", "subtype": "assertion", "description": "\u65ad\u8a00\u5931\u8d25 (\u529f\u80fd\u7f3a\u9677)", "short_log": "ft1.43.3: 2026-02-11 07:16:14 | INFO     | shein_batch_gaylord_parcel_sort_service.py | MainThread | \u5f00\u59cb\u8c03\u7528\u51fd\u6570\uff1ashein_batch_gaylord_parcel_sort\n2026-02-11 07:16:14 | INFO     | request.py | MainThread | -------------- [\ud83d\udce4] Request -----------------\n2026-02-11 07:16:14 | INFO     | request.py | MainThread | [method]: POST      [url]: https://gw-uat.speedx.io/pos-exchange-api/shein-batch-gaylord-parcel/sort \n2026-02-11 07:16:14 | DEBUG    | request.py | MainThread | [cookies]:\n{}\n2026-02-11 07:16:14 | DEBUG    | request.py | MainThread | [json]:\n{\n  \"batchName\": null,\n  \"barcode\": \"420231509261290109770100119700\"\n}\n2026-02-11 07:16:15 | INFO     | request.py | MainThread | -------------- [\ud83d\udce8] Response ----------------\n2026-02-11 07:16:15 | INFO     | request.py | MainThread | successful with statu", "key_log_info": "2026-02-11 07:16:15 | INFO     | request.py | MainThread | successful with status 200\n2026-02-11 07:16:15 | DEBUG    | request.py | MainThread | [response]:\nTraceback (most recent call last):\nself.assertEqual(response[\"code\"], 200)\nAssertionError: 401 != 200"}, {"test_name": "test_shein_batch_scan_04", "status": "Fail", "type": "environment", "subtype": "service", "description": "\u670d\u52a1\u4e0d\u53ef\u7528/50x\u9519\u8bef", "short_log": "ft1.43.4: 2026-02-11 07:16:15 | INFO     | shein_batch_gaylord_parcel_sort_service.py | MainThread | \u5f00\u59cb\u8c03\u7528\u51fd\u6570\uff1ashein_batch_gaylord_parcel_sort\n2026-02-11 07:16:15 | INFO     | request.py | MainThread | -------------- [\ud83d\udce4] Request -----------------\n2026-02-11 07:16:15 | INFO     | request.py | MainThread | [method]: POST      [url]: https://gw-uat.speedx.io/pos-exchange-api/shein-batch-gaylord-parcel/sort \n2026-02-11 07:16:15 | DEBUG    | request.py | MainThread | [cookies]:\n{}\n2026-02-11 07:16:15 | DEBUG    | request.py | MainThread | [json]:\n{\n  \"batchName\": null,\n  \"barcode\": \"111112222333\"\n}\n2026-02-11 07:16:15 | INFO     | request.py | MainThread | -------------- [\ud83d\udce8] Response ----------------\n2026-02-11 07:16:15 | INFO     | request.py | MainThread | successful with status 200\n2026-02-11 0", "key_log_info": "2026-02-11 07:16:15 | INFO     | request.py | MainThread | successful with status 200\n2026-02-11 07:16:15 | DEBUG    | request.py | MainThread | [response]:\nTraceback (most recent call last):\nself.assertEqual(response[\"code\"], 500)\nAssertionError: 401 != 500"}, {"test_name": "test_shein_batch_scan_05", "status": "Fail", "type": "bug", "subtype": "assertion", "description": "\u65ad\u8a00\u5931\u8d25 (\u529f\u80fd\u7f3a\u9677)", "short_log": "ft1.43.5: 2026-02-11 07:16:15 | INFO     | shein_batch_gaylord_query_service.py | MainThread | \u5f00\u59cb\u8c03\u7528\u51fd\u6570\uff1ashein_batch_gaylord_query\n2026-02-11 07:16:15 | INFO     | request.py | MainThread | -------------- [\ud83d\udce4] Request -----------------\n2026-02-11 07:16:15 | INFO     | request.py | MainThread | [method]: POST      [url]: https://gw-uat.speedx.io/pos-exchange-api/shein-batch-gaylord/query \n2026-02-11 07:16:15 | DEBUG    | request.py | MainThread | [cookies]:\n{}\n2026-02-11 07:16:15 | DEBUG    | request.py | MainThread | [json]:\n{\n  \"batchName\": null,\n  \"sidx\": \"desc\",\n  \"order\": \"id\"\n}\n2026-02-11 07:16:15 | INFO     | request.py | MainThread | -------------- [\ud83d\udce8] Response ----------------\n2026-02-11 07:16:15 | INFO     | request.py | MainThread | successful with status 200\n2026-02-11 07:16:15 | DE", "key_log_info": "2026-02-11 07:16:15 | INFO     | request.py | MainThread | successful with status 200\n2026-02-11 07:16:15 | DEBUG    | request.py | MainThread | [response]:\nTraceback (most recent call last):\nself.assertEqual(response[\"code\"], 200)\nAssertionError: 401 != 200"}, {"test_name": "test_shein_batch_scan_06", "status": "Fail", "type": "bug", "subtype": "assertion", "description": "\u65ad\u8a00\u5931\u8d25 (\u529f\u80fd\u7f3a\u9677)", "short_log": "ft1.43.6: 2026-02-11 07:16:15 | INFO     | shein_batch_gaylord_full_by_no_service.py | MainThread | \u5f00\u59cb\u8c03\u7528\u51fd\u6570\uff1ashein_batch_gaylord_full_by_no\n2026-02-11 07:16:15 | INFO     | request.py | MainThread | -------------- [\ud83d\udce4] Request -----------------\n2026-02-11 07:16:15 | INFO     | request.py | MainThread | [method]: POST      [url]: https://gw-uat.speedx.io/pos-exchange-api/shein-batch-gaylord/full-by-no \n2026-02-11 07:16:15 | DEBUG    | request.py | MainThread | [cookies]:\n{}\n2026-02-11 07:16:15 | DEBUG    | request.py | MainThread | [json]:\n{\n  \"batchName\": null,\n  \"gaylordId\": null\n}\n2026-02-11 07:16:15 | INFO     | request.py | MainThread | -------------- [\ud83d\udce8] Response ----------------\n2026-02-11 07:16:15 | INFO     | request.py | MainThread | successful with status 200\n2026-02-11 07:16:15 | D", "key_log_info": "2026-02-11 07:16:15 | INFO     | request.py | MainThread | successful with status 200\n2026-02-11 07:16:15 | DEBUG    | request.py | MainThread | [response]:\nTraceback (most recent call last):\nself.assertEqual(response[\"code\"], 200)\nAssertionError: 401 != 200"}, {"test_name": "test_shein_batch_scan_07", "status": "Fail", "type": "bug", "subtype": "assertion", "description": "\u65ad\u8a00\u5931\u8d25 (\u529f\u80fd\u7f3a\u9677)", "short_log": "ft1.43.7: 2026-02-11 07:16:15 | INFO     | shein_batch_close_service.py | MainThread | \u5f00\u59cb\u8c03\u7528\u51fd\u6570\uff1ashein_batch_close\n2026-02-11 07:16:15 | INFO     | request.py | MainThread | -------------- [\ud83d\udce4] Request -----------------\n2026-02-11 07:16:15 | INFO     | request.py | MainThread | [method]: POST      [url]: https://gw-uat.speedx.io/pos-exchange-api/shein-batch/close \n2026-02-11 07:16:15 | DEBUG    | request.py | MainThread | [cookies]:\n{}\n2026-02-11 07:16:15 | DEBUG    | request.py | MainThread | [json]:\n{\n  \"batchName\": null\n}\n2026-02-11 07:16:15 | INFO     | request.py | MainThread | -------------- [\ud83d\udce8] Response ----------------\n2026-02-11 07:16:15 | INFO     | request.py | MainThread | successful with status 200\n2026-02-11 07:16:15 | DEBUG    | request.py | MainThread | [type]: json      [time]", "key_log_info": "2026-02-11 07:16:15 | INFO     | request.py | MainThread | successful with status 200\n2026-02-11 07:16:15 | DEBUG    | request.py | MainThread | [response]:\nTraceback (most recent call last):\nself.assertEqual(response[\"code\"], 200)\nAssertionError: 401 != 200"}, {"test_name": "test_exceptionParcel_sacn_01", "status": "Error", "type": "bug", "subtype": "logic", "description": "\u4ee3\u7801\u903b\u8f91/\u7c7b\u578b\u9519\u8bef", "short_log": "et1.45.1: Traceback (most recent call last):\n  File \"/var/lib/jenkins/workspace/SpeedxSeldom@2/speedxseldom/test_dir/api/pos/testcase/test_web_exceptionParcel_sacn.py\", line 44, in test_exceptionParcel_sacn_01\n    scan.exceptionParcel_sacn(self.tracking_number_list[0], EventCode().Undelivered_Invalid_Address)\n                              ^^^^^^^^^^^^^^^^^^^^^^^^^\nAttributeError: 'Test_ExceptionParcel_Sacn' object has no attribute 'tracking_number_list'", "key_log_info": "et1.45.1: Traceback (most recent call last):\nFile \"/var/lib/jenkins/workspace/SpeedxSeldom@2/speedxseldom/test_dir/api/pos/testcase/test_web_exceptionParcel_sacn.py\", line 44, in test_exceptionParcel_sacn_01\nscan.exceptionParcel_sacn(self.tracking_number_list[0], EventCode().Undelivered_Invalid_Address)\nAttributeError: 'Test_ExceptionParcel_Sacn' object has no attribute 'tracking_number_list'"}, {"test_name": "test_exceptionParcel_sacn_02", "status": "Error", "type": "bug", "subtype": "logic", "description": "\u4ee3\u7801\u903b\u8f91/\u7c7b\u578b\u9519\u8bef", "short_log": "et1.45.2: Traceback (most recent call last):\n  File \"/var/lib/jenkins/workspace/SpeedxSeldom@2/speedxseldom/test_dir/api/pos/testcase/test_web_exceptionParcel_sacn.py\", line 56, in test_exceptionParcel_sacn_02\n    scan.exceptionParcel_sacn(self.tracking_number_list[1], EventCode().Address_Correction)\n                              ^^^^^^^^^^^^^^^^^^^^^^^^^\nAttributeError: 'Test_ExceptionParcel_Sacn' object has no attribute 'tracking_number_list'", "key_log_info": "et1.45.2: Traceback (most recent call last):\nFile \"/var/lib/jenkins/workspace/SpeedxSeldom@2/speedxseldom/test_dir/api/pos/testcase/test_web_exceptionParcel_sacn.py\", line 56, in test_exceptionParcel_sacn_02\nscan.exceptionParcel_sacn(self.tracking_number_list[1], EventCode().Address_Correction)\nAttributeError: 'Test_ExceptionParcel_Sacn' object has no attribute 'tracking_number_list'"}, {"test_name": "test_exceptionParcel_sacn_03", "status": "Error", "type": "bug", "subtype": "logic", "description": "\u4ee3\u7801\u903b\u8f91/\u7c7b\u578b\u9519\u8bef", "short_log": "et1.45.3: Traceback (most recent call last):\n  File \"/var/lib/jenkins/workspace/SpeedxSeldom@2/speedxseldom/test_dir/api/pos/testcase/test_web_exceptionParcel_sacn.py\", line 68, in test_exceptionParcel_sacn_03\n    scan.exceptionParcel_sacn(self.tracking_number_list[2], EventCode().On_Hold)\n                              ^^^^^^^^^^^^^^^^^^^^^^^^^\nAttributeError: 'Test_ExceptionParcel_Sacn' object has no attribute 'tracking_number_list'", "key_log_info": "et1.45.3: Traceback (most recent call last):\nFile \"/var/lib/jenkins/workspace/SpeedxSeldom@2/speedxseldom/test_dir/api/pos/testcase/test_web_exceptionParcel_sacn.py\", line 68, in test_exceptionParcel_sacn_03\nscan.exceptionParcel_sacn(self.tracking_number_list[2], EventCode().On_Hold)\nAttributeError: 'Test_ExceptionParcel_Sacn' object has no attribute 'tracking_number_list'"}, {"test_name": "test_exceptionParcel_sacn_04", "status": "Error", "type": "bug", "subtype": "logic", "description": "\u4ee3\u7801\u903b\u8f91/\u7c7b\u578b\u9519\u8bef", "short_log": "et1.45.4: Traceback (most recent call last):\n  File \"/var/lib/jenkins/workspace/SpeedxSeldom@2/speedxseldom/test_dir/api/pos/testcase/test_web_exceptionParcel_sacn.py\", line 80, in test_exceptionParcel_sacn_04\n    scan.exceptionParcel_sacn(self.tracking_number_list[3], EventCode().Request_Reassignment)\n                              ^^^^^^^^^^^^^^^^^^^^^^^^^\nAttributeError: 'Test_ExceptionParcel_Sacn' object has no attribute 'tracking_number_list'", "key_log_info": "et1.45.4: Traceback (most recent call last):\nFile \"/var/lib/jenkins/workspace/SpeedxSeldom@2/speedxseldom/test_dir/api/pos/testcase/test_web_exceptionParcel_sacn.py\", line 80, in test_exceptionParcel_sacn_04\nscan.exceptionParcel_sacn(self.tracking_number_list[3], EventCode().Request_Reassignment)\nAttributeError: 'Test_ExceptionParcel_Sacn' object has no attribute 'tracking_number_list'"}, {"test_name": "test_exceptionParcel_sacn_05", "status": "Error", "type": "bug", "subtype": "logic", "description": "\u4ee3\u7801\u903b\u8f91/\u7c7b\u578b\u9519\u8bef", "short_log": "et1.45.5: Traceback (most recent call last):\n  File \"/var/lib/jenkins/workspace/SpeedxSeldom@2/speedxseldom/test_dir/api/pos/testcase/test_web_exceptionParcel_sacn.py\", line 92, in test_exceptionParcel_sacn_05\n    scan.exceptionParcel_sacn(self.tracking_number_list[4], EventCode().Return_to_Shipper)\n                              ^^^^^^^^^^^^^^^^^^^^^^^^^\nAttributeError: 'Test_ExceptionParcel_Sacn' object has no attribute 'tracking_number_list'", "key_log_info": "et1.45.5: Traceback (most recent call last):\nFile \"/var/lib/jenkins/workspace/SpeedxSeldom@2/speedxseldom/test_dir/api/pos/testcase/test_web_exceptionParcel_sacn.py\", line 92, in test_exceptionParcel_sacn_05\nscan.exceptionParcel_sacn(self.tracking_number_list[4], EventCode().Return_to_Shipper)\nAttributeError: 'Test_ExceptionParcel_Sacn' object has no attribute 'tracking_number_list'"}, {"test_name": "test_exceptionParcel_sacn_06", "status": "Error", "type": "bug", "subtype": "logic", "description": "\u4ee3\u7801\u903b\u8f91/\u7c7b\u578b\u9519\u8bef", "short_log": "et1.45.6: Traceback (most recent call last):\n  File \"/var/lib/jenkins/workspace/SpeedxSeldom@2/speedxseldom/test_dir/api/pos/testcase/test_web_exceptionParcel_sacn.py\", line 104, in test_exceptionParcel_sacn_06\n    scan.exceptionParcel_sacn(self.tracking_number_list[5], EventCode().Parcel_Disposal)\n                              ^^^^^^^^^^^^^^^^^^^^^^^^^\nAttributeError: 'Test_ExceptionParcel_Sacn' object has no attribute 'tracking_number_list'", "key_log_info": "et1.45.6: Traceback (most recent call last):\nFile \"/var/lib/jenkins/workspace/SpeedxSeldom@2/speedxseldom/test_dir/api/pos/testcase/test_web_exceptionParcel_sacn.py\", line 104, in test_exceptionParcel_sacn_06\nscan.exceptionParcel_sacn(self.tracking_number_list[5], EventCode().Parcel_Disposal)\nAttributeError: 'Test_ExceptionParcel_Sacn' object has no attribute 'tracking_number_list'"}, {"test_name": "test_exceptionParcel_sacn_08", "status": "Error", "type": "bug", "subtype": "logic", "description": "\u4ee3\u7801\u903b\u8f91/\u7c7b\u578b\u9519\u8bef", "short_log": "et1.45.7: Traceback (most recent call last):\n  File \"/var/lib/jenkins/workspace/SpeedxSeldom@2/speedxseldom/test_dir/api/pos/testcase/test_web_exceptionParcel_sacn.py\", line 117, in test_exceptionParcel_sacn_08\n    scan.exceptionParcel_sacn(self.tracking_number_list[6], EventCode().Overweight)\n                              ^^^^^^^^^^^^^^^^^^^^^^^^^\nAttributeError: 'Test_ExceptionParcel_Sacn' object has no attribute 'tracking_number_list'", "key_log_info": "et1.45.7: Traceback (most recent call last):\nFile \"/var/lib/jenkins/workspace/SpeedxSeldom@2/speedxseldom/test_dir/api/pos/testcase/test_web_exceptionParcel_sacn.py\", line 117, in test_exceptionParcel_sacn_08\nscan.exceptionParcel_sacn(self.tracking_number_list[6], EventCode().Overweight)\nAttributeError: 'Test_ExceptionParcel_Sacn' object has no attribute 'tracking_number_list'"}, {"test_name": "test_exceptionParcel_sacn_09", "status": "Error", "type": "bug", "subtype": "logic", "description": "\u4ee3\u7801\u903b\u8f91/\u7c7b\u578b\u9519\u8bef", "short_log": "et1.45.8: Traceback (most recent call last):\n  File \"/var/lib/jenkins/workspace/SpeedxSeldom@2/speedxseldom/test_dir/api/pos/testcase/test_web_exceptionParcel_sacn.py\", line 129, in test_exceptionParcel_sacn_09\n    scan.exceptionParcel_sacn(self.tracking_number_list[7], EventCode().Oversize)\n                              ^^^^^^^^^^^^^^^^^^^^^^^^^\nAttributeError: 'Test_ExceptionParcel_Sacn' object has no attribute 'tracking_number_list'", "key_log_info": "et1.45.8: Traceback (most recent call last):\nFile \"/var/lib/jenkins/workspace/SpeedxSeldom@2/speedxseldom/test_dir/api/pos/testcase/test_web_exceptionParcel_sacn.py\", line 129, in test_exceptionParcel_sacn_09\nscan.exceptionParcel_sacn(self.tracking_number_list[7], EventCode().Oversize)\nAttributeError: 'Test_ExceptionParcel_Sacn' object has no attribute 'tracking_number_list'"}, {"test_name": "test_exceptionParcel_sacn_10", "status": "Error", "type": "bug", "subtype": "logic", "description": "\u4ee3\u7801\u903b\u8f91/\u7c7b\u578b\u9519\u8bef", "short_log": "et1.45.9: Traceback (most recent call last):\n  File \"/var/lib/jenkins/workspace/SpeedxSeldom@2/speedxseldom/test_dir/api/pos/testcase/test_web_exceptionParcel_sacn.py\", line 141, in test_exceptionParcel_sacn_10\n    scan.exceptionParcel_sacn(self.tracking_number_list[8], EventCode().Out_packing_Damage)\n                              ^^^^^^^^^^^^^^^^^^^^^^^^^\nAttributeError: 'Test_ExceptionParcel_Sacn' object has no attribute 'tracking_number_list'", "key_log_info": "et1.45.9: Traceback (most recent call last):\nFile \"/var/lib/jenkins/workspace/SpeedxSeldom@2/speedxseldom/test_dir/api/pos/testcase/test_web_exceptionParcel_sacn.py\", line 141, in test_exceptionParcel_sacn_10\nscan.exceptionParcel_sacn(self.tracking_number_list[8], EventCode().Out_packing_Damage)\nAttributeError: 'Test_ExceptionParcel_Sacn' object has no attribute 'tracking_number_list'"}, {"test_name": "test_exceptionParcel_sacn_11", "status": "Error", "type": "bug", "subtype": "logic", "description": "\u4ee3\u7801\u903b\u8f91/\u7c7b\u578b\u9519\u8bef", "short_log": "et1.45.10: Traceback (most recent call last):\n  File \"/var/lib/jenkins/workspace/SpeedxSeldom@2/speedxseldom/test_dir/api/pos/testcase/test_web_exceptionParcel_sacn.py\", line 153, in test_exceptionParcel_sacn_11\n    scan.exceptionParcel_sacn(self.tracking_number_list[9], EventCode().Repack)\n                              ^^^^^^^^^^^^^^^^^^^^^^^^^\nAttributeError: 'Test_ExceptionParcel_Sacn' object has no attribute 'tracking_number_list'", "key_log_info": "et1.45.10: Traceback (most recent call last):\nFile \"/var/lib/jenkins/workspace/SpeedxSeldom@2/speedxseldom/test_dir/api/pos/testcase/test_web_exceptionParcel_sacn.py\", line 153, in test_exceptionParcel_sacn_11\nscan.exceptionParcel_sacn(self.tracking_number_list[9], EventCode().Repack)\nAttributeError: 'Test_ExceptionParcel_Sacn' object has no attribute 'tracking_number_list'"}, {"test_name": "test_exceptionParcel_sacn_12", "status": "Error", "type": "bug", "subtype": "logic", "description": "\u4ee3\u7801\u903b\u8f91/\u7c7b\u578b\u9519\u8bef", "short_log": "et1.45.11: Traceback (most recent call last):\n  File \"/var/lib/jenkins/workspace/SpeedxSeldom@2/speedxseldom/test_dir/api/pos/testcase/test_web_exceptionParcel_sacn.py\", line 165, in test_exceptionParcel_sacn_12\n    scan.exceptionParcel_sacn(self.tracking_number_list[10], EventCode().Duplicated_Labels)\n                              ^^^^^^^^^^^^^^^^^^^^^^^^^\nAttributeError: 'Test_ExceptionParcel_Sacn' object has no attribute 'tracking_number_list'", "key_log_info": "et1.45.11: Traceback (most recent call last):\nFile \"/var/lib/jenkins/workspace/SpeedxSeldom@2/speedxseldom/test_dir/api/pos/testcase/test_web_exceptionParcel_sacn.py\", line 165, in test_exceptionParcel_sacn_12\nscan.exceptionParcel_sacn(self.tracking_number_list[10], EventCode().Duplicated_Labels)\nAttributeError: 'Test_ExceptionParcel_Sacn' object has no attribute 'tracking_number_list'"}, {"test_name": "test_exceptionParcel_sacn_13", "status": "Error", "type": "bug", "subtype": "logic", "description": "\u4ee3\u7801\u903b\u8f91/\u7c7b\u578b\u9519\u8bef", "short_log": "et1.45.12: Traceback (most recent call last):\n  File \"/var/lib/jenkins/workspace/SpeedxSeldom@2/speedxseldom/test_dir/api/pos/testcase/test_web_exceptionParcel_sacn.py\", line 177, in test_exceptionParcel_sacn_13\n    scan.exceptionParcel_sacn(self.tracking_number_list[11], EventCode().Awaiting_for_feedback_from_customer)\n                              ^^^^^^^^^^^^^^^^^^^^^^^^^\nAttributeError: 'Test_ExceptionParcel_Sacn' object has no attribute 'tracking_number_list'", "key_log_info": "et1.45.12: Traceback (most recent call last):\nFile \"/var/lib/jenkins/workspace/SpeedxSeldom@2/speedxseldom/test_dir/api/pos/testcase/test_web_exceptionParcel_sacn.py\", line 177, in test_exceptionParcel_sacn_13\nscan.exceptionParcel_sacn(self.tracking_number_list[11], EventCode().Awaiting_for_feedback_from_customer)\nAttributeError: 'Test_ExceptionParcel_Sacn' object has no attribute 'tracking_number_list'"}, {"test_name": "test_exceptionParcel_sacn_14", "status": "Error", "type": "bug", "subtype": "logic", "description": "\u4ee3\u7801\u903b\u8f91/\u7c7b\u578b\u9519\u8bef", "short_log": "et1.45.13: Traceback (most recent call last):\n  File \"/var/lib/jenkins/workspace/SpeedxSeldom@2/speedxseldom/test_dir/api/pos/testcase/test_web_exceptionParcel_sacn.py\", line 189, in test_exceptionParcel_sacn_14\n    scan.exceptionParcel_sacn(self.tracking_number_list[12], EventCode().Mis_sorted_at_Dispatch)\n                              ^^^^^^^^^^^^^^^^^^^^^^^^^\nAttributeError: 'Test_ExceptionParcel_Sacn' object has no attribute 'tracking_number_list'", "key_log_info": "et1.45.13: Traceback (most recent call last):\nFile \"/var/lib/jenkins/workspace/SpeedxSeldom@2/speedxseldom/test_dir/api/pos/testcase/test_web_exceptionParcel_sacn.py\", line 189, in test_exceptionParcel_sacn_14\nscan.exceptionParcel_sacn(self.tracking_number_list[12], EventCode().Mis_sorted_at_Dispatch)\nAttributeError: 'Test_ExceptionParcel_Sacn' object has no attribute 'tracking_number_list'"}, {"test_name": "test_exceptionParcel_sacn_15", "status": "Error", "type": "bug", "subtype": "logic", "description": "\u4ee3\u7801\u903b\u8f91/\u7c7b\u578b\u9519\u8bef", "short_log": "et1.45.14: Traceback (most recent call last):\n  File \"/var/lib/jenkins/workspace/SpeedxSeldom@2/speedxseldom/test_dir/api/pos/testcase/test_web_exceptionParcel_sacn.py\", line 201, in test_exceptionParcel_sacn_15\n    scan.exceptionParcel_sacn(self.tracking_number_list[13], EventCode().Unable_to_read_a_barcode)\n                              ^^^^^^^^^^^^^^^^^^^^^^^^^\nAttributeError: 'Test_ExceptionParcel_Sacn' object has no attribute 'tracking_number_list'", "key_log_info": "et1.45.14: Traceback (most recent call last):\nFile \"/var/lib/jenkins/workspace/SpeedxSeldom@2/speedxseldom/test_dir/api/pos/testcase/test_web_exceptionParcel_sacn.py\", line 201, in test_exceptionParcel_sacn_15\nscan.exceptionParcel_sacn(self.tracking_number_list[13], EventCode().Unable_to_read_a_barcode)\nAttributeError: 'Test_ExceptionParcel_Sacn' object has no attribute 'tracking_number_list'"}, {"test_name": "test_exceptionParcel_sacn_16", "status": "Error", "type": "bug", "subtype": "logic", "description": "\u4ee3\u7801\u903b\u8f91/\u7c7b\u578b\u9519\u8bef", "short_log": "et1.45.15: Traceback (most recent call last):\n  File \"/var/lib/jenkins/workspace/SpeedxSeldom@2/speedxseldom/test_dir/api/pos/testcase/test_web_exceptionParcel_sacn.py\", line 213, in test_exceptionParcel_sacn_16\n    scan.exceptionParcel_sacn(self.tracking_number_list[14], EventCode().Ready_for_Return_to_Shipper)\n                              ^^^^^^^^^^^^^^^^^^^^^^^^^\nAttributeError: 'Test_ExceptionParcel_Sacn' object has no attribute 'tracking_number_list'", "key_log_info": "et1.45.15: Traceback (most recent call last):\nFile \"/var/lib/jenkins/workspace/SpeedxSeldom@2/speedxseldom/test_dir/api/pos/testcase/test_web_exceptionParcel_sacn.py\", line 213, in test_exceptionParcel_sacn_16\nscan.exceptionParcel_sacn(self.tracking_number_list[14], EventCode().Ready_for_Return_to_Shipper)\nAttributeError: 'Test_ExceptionParcel_Sacn' object has no attribute 'tracking_number_list'"}]}}, "oms(uat)": {"filename": "oms%5Buat%5D_2026_02_13_07_49_48_result.html", "timestamp": "2026_02_13_07_49_48", "stats": {"total": 238, "pass": 199, "fail": 8, "error": 31, "skip": 0, "rate": "83.61%", "failure_details": [{"test_name": "test_oms_cancel_ar_receivable", "status": "Error", "type": "environment", "subtype": "service", "description": "\u670d\u52a1\u4e0d\u53ef\u7528/50x\u9519\u8bef", "short_log": "et1.1.1: 2026-02-13 07:49:49 | INFO     | DbHandle.py | MainThread | \u6267\u884csql\uff1aSELECT * FROM rps_db.lm_subscribers WHERE orgkey = '41fa44-1c8689-9bd1a5-8f62a2-1ab614'  ORDER BY id DESC LIMIT 100;\n2026-02-13 07:49:49 | INFO     | cache.py | MainThread | \ud83d\udcbe Get cache data: spxadmin_authorization_omsAdmin = {'cookies': '2af64dba-b5a1-4938-b1c0-fdf0017ea122', 'timestamp': 1770968989.2121027}\n2026-02-13 07:49:49 | INFO     | http.py | MainThread | \u51fd\u6570 get_product_matrices \u8c03\u7528api_request, \u5c1d\u8bd5\u7b2c 1 \u6b21\n2026-02-13 07:49:49 | INFO     | request.py | MainThread | -------------- [\ud83d\udce4] Request -----------------\n2026-02-13 07:49:49 | INFO     | request.py | MainThread | [method]: GET      [url]: https://shipping-admin-uat.speedx.io/oms-api/admin/product-matrices \n2026-02-13 07:49:49 | DEBUG    | request.py | MainThr", "key_log_info": "2026-02-13 07:49:49 | INFO     | request.py | MainThread | successful with status 200\n2026-02-13 07:49:49 | DEBUG    | request.py | MainThread | [response]:\n\"message\": \"ProductMatrixError, PickupID:421 - Products found for account 421 with product code RET, facility code LAX and country code US, but none match zip code 90746.\",\nTraceback (most recent call last):\nraise KeyError(\"Missing expected keys in the response\")\nKeyError: 'Missing expected keys in the response'"}, {"test_name": "test_oms_confirm_ar_receivable", "status": "Error", "type": "bug", "subtype": "logic", "description": "\u4ee3\u7801\u903b\u8f91/\u7c7b\u578b\u9519\u8bef", "short_log": "et1.1.2: 2026-02-13 07:49:49 | INFO     | cache.py | MainThread | \ud83d\udcbe Get cache data: 41fa44-1c8689-9bd1a5-8f62a2-1ab614 = {'poe': 'LAX', 'courier_code': 'DGD', 'zip_code': '92502'}\n2026-02-13 07:49:49 | INFO     | cache.py | MainThread | \ud83d\udcbe Get cache data: 41fa44-1c8689-9bd1a5-8f62a2-1ab614 = {'poe': 'LAX', 'courier_code': 'DGD', 'zip_code': '92502'}\n2026-02-13 07:49:49 | INFO     | rps_sort_code.py | MainThread | \u4ece\u7f13\u5b58\u4e2d\u83b7\u53d6LAX\u7684\u90ae\u7f16\u4fe1\u606f\n2026-02-13 07:49:49 | INFO     | DbHandle.py | MainThread | \u6267\u884csql\uff1aselect * from rps_db.rps_zip_code_info where zip_code='{0}'\n2026-02-13 07:49:49 | INFO     | http.py | MainThread | \u51fd\u6570 create_label_origin \u8c03\u7528api_request, \u5c1d\u8bd5\u7b2c 1 \u6b21\n2026-02-13 07:49:49 | INFO     | request.py | MainThread | -------------- [\ud83d\udce4] Request -----------------\n2026-02-13 07:49:49 | INFO     | requ", "key_log_info": "2026-02-13 07:49:49 | INFO     | request.py | MainThread | successful with status 200\n2026-02-13 07:49:49 | DEBUG    | request.py | MainThread | [response]:\n\"message\": \"ProductMatrixError, PickupID:421 - Products found for account 421 with product code RET, facility code LAX and country code US, but none match zip code 90746.\",\nTraceback (most recent call last):\nraise KeyError(\"Missing expected keys in the response\")\nKeyError: 'Missing expected keys in the response'"}, {"test_name": "test_oms_create_adjustment_for_receivable", "status": "Error", "type": "bug", "subtype": "logic", "description": "\u4ee3\u7801\u903b\u8f91/\u7c7b\u578b\u9519\u8bef", "short_log": "et1.1.3: 2026-02-13 07:49:49 | INFO     | cache.py | MainThread | \ud83d\udcbe Get cache data: 41fa44-1c8689-9bd1a5-8f62a2-1ab614 = {'poe': 'LAX', 'courier_code': 'DGD', 'zip_code': '92502'}\n2026-02-13 07:49:49 | INFO     | cache.py | MainThread | \ud83d\udcbe Get cache data: 41fa44-1c8689-9bd1a5-8f62a2-1ab614 = {'poe': 'LAX', 'courier_code': 'DGD', 'zip_code': '92502'}\n2026-02-13 07:49:49 | INFO     | rps_sort_code.py | MainThread | \u4ece\u7f13\u5b58\u4e2d\u83b7\u53d6LAX\u7684\u90ae\u7f16\u4fe1\u606f\n2026-02-13 07:49:49 | INFO     | DbHandle.py | MainThread | \u6267\u884csql\uff1aselect * from rps_db.rps_zip_code_info where zip_code='{0}'\n2026-02-13 07:49:49 | INFO     | http.py | MainThread | \u51fd\u6570 create_label_origin \u8c03\u7528api_request, \u5c1d\u8bd5\u7b2c 1 \u6b21\n2026-02-13 07:49:49 | INFO     | request.py | MainThread | -------------- [\ud83d\udce4] Request -----------------\n2026-02-13 07:49:49 | INFO     | requ", "key_log_info": "2026-02-13 07:49:49 | INFO     | request.py | MainThread | successful with status 200\n2026-02-13 07:49:49 | DEBUG    | request.py | MainThread | [response]:\n\"message\": \"ProductMatrixError, PickupID:421 - Products found for account 421 with product code RET, facility code LAX and country code US, but none match zip code 90746.\",\nTraceback (most recent call last):\nraise KeyError(\"Missing expected keys in the response\")\nKeyError: 'Missing expected keys in the response'"}, {"test_name": "test_oms_create_ar_receivable", "status": "Error", "type": "bug", "subtype": "logic", "description": "\u4ee3\u7801\u903b\u8f91/\u7c7b\u578b\u9519\u8bef", "short_log": "et1.1.4: 2026-02-13 07:49:49 | INFO     | cache.py | MainThread | \ud83d\udcbe Get cache data: 41fa44-1c8689-9bd1a5-8f62a2-1ab614 = {'poe': 'LAX', 'courier_code': 'DGD', 'zip_code': '92502'}\n2026-02-13 07:49:49 | INFO     | cache.py | MainThread | \ud83d\udcbe Get cache data: 41fa44-1c8689-9bd1a5-8f62a2-1ab614 = {'poe': 'LAX', 'courier_code': 'DGD', 'zip_code': '92502'}\n2026-02-13 07:49:49 | INFO     | rps_sort_code.py | MainThread | \u4ece\u7f13\u5b58\u4e2d\u83b7\u53d6LAX\u7684\u90ae\u7f16\u4fe1\u606f\n2026-02-13 07:49:49 | INFO     | DbHandle.py | MainThread | \u6267\u884csql\uff1aselect * from rps_db.rps_zip_code_info where zip_code='{0}'\n2026-02-13 07:49:49 | INFO     | http.py | MainThread | \u51fd\u6570 create_label_origin \u8c03\u7528api_request, \u5c1d\u8bd5\u7b2c 1 \u6b21\n2026-02-13 07:49:49 | INFO     | request.py | MainThread | -------------- [\ud83d\udce4] Request -----------------\n2026-02-13 07:49:49 | INFO     | requ", "key_log_info": "2026-02-13 07:49:50 | INFO     | request.py | MainThread | successful with status 200\n2026-02-13 07:49:50 | DEBUG    | request.py | MainThread | [response]:\n\"message\": \"ProductMatrixError, PickupID:421 - Products found for account 421 with product code RET, facility code LAX and country code US, but none match zip code 90746.\",\nTraceback (most recent call last):\nraise KeyError(\"Missing expected keys in the response\")\nKeyError: 'Missing expected keys in the response'"}, {"test_name": "test_oms_deduct_ar_receivable", "status": "Error", "type": "bug", "subtype": "logic", "description": "\u4ee3\u7801\u903b\u8f91/\u7c7b\u578b\u9519\u8bef", "short_log": "et1.1.5: 2026-02-13 07:49:50 | INFO     | cache.py | MainThread | \ud83d\udcbe Get cache data: 41fa44-1c8689-9bd1a5-8f62a2-1ab614 = {'poe': 'LAX', 'courier_code': 'DGD', 'zip_code': '92502'}\n2026-02-13 07:49:50 | INFO     | cache.py | MainThread | \ud83d\udcbe Get cache data: 41fa44-1c8689-9bd1a5-8f62a2-1ab614 = {'poe': 'LAX', 'courier_code': 'DGD', 'zip_code': '92502'}\n2026-02-13 07:49:50 | INFO     | rps_sort_code.py | MainThread | \u4ece\u7f13\u5b58\u4e2d\u83b7\u53d6LAX\u7684\u90ae\u7f16\u4fe1\u606f\n2026-02-13 07:49:50 | INFO     | DbHandle.py | MainThread | \u6267\u884csql\uff1aselect * from rps_db.rps_zip_code_info where zip_code='{0}'\n2026-02-13 07:49:50 | INFO     | http.py | MainThread | \u51fd\u6570 create_label_origin \u8c03\u7528api_request, \u5c1d\u8bd5\u7b2c 1 \u6b21\n2026-02-13 07:49:50 | INFO     | request.py | MainThread | -------------- [\ud83d\udce4] Request -----------------\n2026-02-13 07:49:50 | INFO     | requ", "key_log_info": "2026-02-13 07:49:50 | INFO     | request.py | MainThread | successful with status 200\n2026-02-13 07:49:50 | DEBUG    | request.py | MainThread | [response]:\n\"message\": \"ProductMatrixError, PickupID:421 - Products found for account 421 with product code RET, facility code LAX and country code US, but none match zip code 90746.\",\nTraceback (most recent call last):\nraise KeyError(\"Missing expected keys in the response\")\nKeyError: 'Missing expected keys in the response'"}, {"test_name": "test_oms_delete_adjustment_for_receivable", "status": "Error", "type": "bug", "subtype": "logic", "description": "\u4ee3\u7801\u903b\u8f91/\u7c7b\u578b\u9519\u8bef", "short_log": "et1.1.6: 2026-02-13 07:49:50 | INFO     | cache.py | MainThread | \ud83d\udcbe Get cache data: 41fa44-1c8689-9bd1a5-8f62a2-1ab614 = {'poe': 'LAX', 'courier_code': 'DGD', 'zip_code': '92502'}\n2026-02-13 07:49:50 | INFO     | cache.py | MainThread | \ud83d\udcbe Get cache data: 41fa44-1c8689-9bd1a5-8f62a2-1ab614 = {'poe': 'LAX', 'courier_code': 'DGD', 'zip_code': '92502'}\n2026-02-13 07:49:50 | INFO     | rps_sort_code.py | MainThread | \u4ece\u7f13\u5b58\u4e2d\u83b7\u53d6LAX\u7684\u90ae\u7f16\u4fe1\u606f\n2026-02-13 07:49:50 | INFO     | DbHandle.py | MainThread | \u6267\u884csql\uff1aselect * from rps_db.rps_zip_code_info where zip_code='{0}'\n2026-02-13 07:49:50 | INFO     | http.py | MainThread | \u51fd\u6570 create_label_origin \u8c03\u7528api_request, \u5c1d\u8bd5\u7b2c 1 \u6b21\n2026-02-13 07:49:50 | INFO     | request.py | MainThread | -------------- [\ud83d\udce4] Request -----------------\n2026-02-13 07:49:50 | INFO     | requ", "key_log_info": "2026-02-13 07:49:50 | INFO     | request.py | MainThread | successful with status 200\n2026-02-13 07:49:50 | DEBUG    | request.py | MainThread | [response]:\n\"message\": \"ProductMatrixError, PickupID:421 - Products found for account 421 with product code RET, facility code LAX and country code US, but none match zip code 90746.\",\nTraceback (most recent call last):\nraise KeyError(\"Missing expected keys in the response\")\nKeyError: 'Missing expected keys in the response'"}, {"test_name": "test_oms_get_ar_receivable", "status": "Error", "type": "bug", "subtype": "logic", "description": "\u4ee3\u7801\u903b\u8f91/\u7c7b\u578b\u9519\u8bef", "short_log": "et1.1.7: 2026-02-13 07:49:50 | INFO     | cache.py | MainThread | \ud83d\udcbe Get cache data: 41fa44-1c8689-9bd1a5-8f62a2-1ab614 = {'poe': 'LAX', 'courier_code': 'DGD', 'zip_code': '92502'}\n2026-02-13 07:49:50 | INFO     | cache.py | MainThread | \ud83d\udcbe Get cache data: 41fa44-1c8689-9bd1a5-8f62a2-1ab614 = {'poe': 'LAX', 'courier_code': 'DGD', 'zip_code': '92502'}\n2026-02-13 07:49:50 | INFO     | rps_sort_code.py | MainThread | \u4ece\u7f13\u5b58\u4e2d\u83b7\u53d6LAX\u7684\u90ae\u7f16\u4fe1\u606f\n2026-02-13 07:49:50 | INFO     | DbHandle.py | MainThread | \u6267\u884csql\uff1aselect * from rps_db.rps_zip_code_info where zip_code='{0}'\n2026-02-13 07:49:50 | INFO     | http.py | MainThread | \u51fd\u6570 create_label_origin \u8c03\u7528api_request, \u5c1d\u8bd5\u7b2c 1 \u6b21\n2026-02-13 07:49:50 | INFO     | request.py | MainThread | -------------- [\ud83d\udce4] Request -----------------\n2026-02-13 07:49:50 | INFO     | requ", "key_log_info": "2026-02-13 07:49:50 | INFO     | request.py | MainThread | successful with status 200\n2026-02-13 07:49:50 | DEBUG    | request.py | MainThread | [response]:\n\"message\": \"ProductMatrixError, PickupID:421 - Products found for account 421 with product code RET, facility code LAX and country code US, but none match zip code 90746.\",\nTraceback (most recent call last):\nraise KeyError(\"Missing expected keys in the response\")\nKeyError: 'Missing expected keys in the response'"}, {"test_name": "test_oms_pay_ar_receivable", "status": "Error", "type": "bug", "subtype": "logic", "description": "\u4ee3\u7801\u903b\u8f91/\u7c7b\u578b\u9519\u8bef", "short_log": "et1.1.8: 2026-02-13 07:49:50 | INFO     | cache.py | MainThread | \ud83d\udcbe Get cache data: 41fa44-1c8689-9bd1a5-8f62a2-1ab614 = {'poe': 'LAX', 'courier_code': 'DGD', 'zip_code': '92502'}\n2026-02-13 07:49:50 | INFO     | cache.py | MainThread | \ud83d\udcbe Get cache data: 41fa44-1c8689-9bd1a5-8f62a2-1ab614 = {'poe': 'LAX', 'courier_code': 'DGD', 'zip_code': '92502'}\n2026-02-13 07:49:50 | INFO     | rps_sort_code.py | MainThread | \u4ece\u7f13\u5b58\u4e2d\u83b7\u53d6LAX\u7684\u90ae\u7f16\u4fe1\u606f\n2026-02-13 07:49:50 | INFO     | DbHandle.py | MainThread | \u6267\u884csql\uff1aselect * from rps_db.rps_zip_code_info where zip_code='{0}'\n2026-02-13 07:49:50 | INFO     | http.py | MainThread | \u51fd\u6570 create_label_origin \u8c03\u7528api_request, \u5c1d\u8bd5\u7b2c 1 \u6b21\n2026-02-13 07:49:50 | INFO     | request.py | MainThread | -------------- [\ud83d\udce4] Request -----------------\n2026-02-13 07:49:50 | INFO     | requ", "key_log_info": "2026-02-13 07:49:50 | INFO     | request.py | MainThread | successful with status 200\n2026-02-13 07:49:50 | DEBUG    | request.py | MainThread | [response]:\n\"message\": \"ProductMatrixError, PickupID:421 - Products found for account 421 with product code RET, facility code LAX and country code US, but none match zip code 90746.\",\nTraceback (most recent call last):\nraise KeyError(\"Missing expected keys in the response\")\nKeyError: 'Missing expected keys in the response'"}, {"test_name": "test_oms_save_ar_receivable", "status": "Error", "type": "bug", "subtype": "logic", "description": "\u4ee3\u7801\u903b\u8f91/\u7c7b\u578b\u9519\u8bef", "short_log": "et1.1.9: 2026-02-13 07:49:50 | INFO     | cache.py | MainThread | \ud83d\udcbe Get cache data: 41fa44-1c8689-9bd1a5-8f62a2-1ab614 = {'poe': 'LAX', 'courier_code': 'DGD', 'zip_code': '92502'}\n2026-02-13 07:49:50 | INFO     | cache.py | MainThread | \ud83d\udcbe Get cache data: 41fa44-1c8689-9bd1a5-8f62a2-1ab614 = {'poe': 'LAX', 'courier_code': 'DGD', 'zip_code': '92502'}\n2026-02-13 07:49:50 | INFO     | rps_sort_code.py | MainThread | \u4ece\u7f13\u5b58\u4e2d\u83b7\u53d6LAX\u7684\u90ae\u7f16\u4fe1\u606f\n2026-02-13 07:49:50 | INFO     | DbHandle.py | MainThread | \u6267\u884csql\uff1aselect * from rps_db.rps_zip_code_info where zip_code='{0}'\n2026-02-13 07:49:50 | INFO     | http.py | MainThread | \u51fd\u6570 create_label_origin \u8c03\u7528api_request, \u5c1d\u8bd5\u7b2c 1 \u6b21\n2026-02-13 07:49:50 | INFO     | request.py | MainThread | -------------- [\ud83d\udce4] Request -----------------\n2026-02-13 07:49:50 | INFO     | requ", "key_log_info": "2026-02-13 07:49:50 | INFO     | request.py | MainThread | successful with status 200\n2026-02-13 07:49:50 | DEBUG    | request.py | MainThread | [response]:\n\"message\": \"ProductMatrixError, PickupID:421 - Products found for account 421 with product code RET, facility code LAX and country code US, but none match zip code 90746.\",\nTraceback (most recent call last):\nraise KeyError(\"Missing expected keys in the response\")\nKeyError: 'Missing expected keys in the response'"}, {"test_name": "test_oms_update_adjustment_for_receivable", "status": "Error", "type": "bug", "subtype": "logic", "description": "\u4ee3\u7801\u903b\u8f91/\u7c7b\u578b\u9519\u8bef", "short_log": "et1.1.10: 2026-02-13 07:49:50 | INFO     | cache.py | MainThread | \ud83d\udcbe Get cache data: 41fa44-1c8689-9bd1a5-8f62a2-1ab614 = {'poe': 'LAX', 'courier_code': 'DGD', 'zip_code': '92502'}\n2026-02-13 07:49:50 | INFO     | cache.py | MainThread | \ud83d\udcbe Get cache data: 41fa44-1c8689-9bd1a5-8f62a2-1ab614 = {'poe': 'LAX', 'courier_code': 'DGD', 'zip_code': '92502'}\n2026-02-13 07:49:50 | INFO     | rps_sort_code.py | MainThread | \u4ece\u7f13\u5b58\u4e2d\u83b7\u53d6LAX\u7684\u90ae\u7f16\u4fe1\u606f\n2026-02-13 07:49:50 | INFO     | DbHandle.py | MainThread | \u6267\u884csql\uff1aselect * from rps_db.rps_zip_code_info where zip_code='{0}'\n2026-02-13 07:49:50 | INFO     | http.py | MainThread | \u51fd\u6570 create_label_origin \u8c03\u7528api_request, \u5c1d\u8bd5\u7b2c 1 \u6b21\n2026-02-13 07:49:50 | INFO     | request.py | MainThread | -------------- [\ud83d\udce4] Request -----------------\n2026-02-13 07:49:50 | INFO     | req", "key_log_info": "2026-02-13 07:49:50 | INFO     | request.py | MainThread | successful with status 200\n2026-02-13 07:49:50 | DEBUG    | request.py | MainThread | [response]:\n\"message\": \"ProductMatrixError, PickupID:421 - Products found for account 421 with product code RET, facility code LAX and country code US, but none match zip code 90746.\",\nTraceback (most recent call last):\nraise KeyError(\"Missing expected keys in the response\")\nKeyError: 'Missing expected keys in the response'"}, {"test_name": "test_oms_update_invoice", "status": "Error", "type": "bug", "subtype": "logic", "description": "\u4ee3\u7801\u903b\u8f91/\u7c7b\u578b\u9519\u8bef", "short_log": "et1.1.11: 2026-02-13 07:49:50 | INFO     | cache.py | MainThread | \ud83d\udcbe Get cache data: 41fa44-1c8689-9bd1a5-8f62a2-1ab614 = {'poe': 'LAX', 'courier_code': 'DGD', 'zip_code': '92502'}\n2026-02-13 07:49:50 | INFO     | cache.py | MainThread | \ud83d\udcbe Get cache data: 41fa44-1c8689-9bd1a5-8f62a2-1ab614 = {'poe': 'LAX', 'courier_code': 'DGD', 'zip_code': '92502'}\n2026-02-13 07:49:50 | INFO     | rps_sort_code.py | MainThread | \u4ece\u7f13\u5b58\u4e2d\u83b7\u53d6LAX\u7684\u90ae\u7f16\u4fe1\u606f\n2026-02-13 07:49:50 | INFO     | DbHandle.py | MainThread | \u6267\u884csql\uff1aselect * from rps_db.rps_zip_code_info where zip_code='{0}'\n2026-02-13 07:49:50 | INFO     | http.py | MainThread | \u51fd\u6570 create_label_origin \u8c03\u7528api_request, \u5c1d\u8bd5\u7b2c 1 \u6b21\n2026-02-13 07:49:50 | INFO     | request.py | MainThread | -------------- [\ud83d\udce4] Request -----------------\n2026-02-13 07:49:50 | INFO     | req", "key_log_info": "2026-02-13 07:49:50 | INFO     | request.py | MainThread | successful with status 200\n2026-02-13 07:49:50 | DEBUG    | request.py | MainThread | [response]:\n\"message\": \"ProductMatrixError, PickupID:421 - Products found for account 421 with product code RET, facility code LAX and country code US, but none match zip code 90746.\",\nTraceback (most recent call last):\nraise KeyError(\"Missing expected keys in the response\")\nKeyError: 'Missing expected keys in the response'"}, {"test_name": "test_oms_ar_receivable_commercial_confirm", "status": "Fail", "type": "environment", "subtype": "service", "description": "\u670d\u52a1\u4e0d\u53ef\u7528/50x\u9519\u8bef", "short_log": "ft1.2.1: 2026-02-13 07:49:50 | INFO     | DbHandle.py | MainThread | \u6267\u884csql\uff1aSELECT * FROM rps_db.lm_subscribers WHERE orgkey = '152cc9-d95b32-77fb4c-e219a1-5bdf71'  ORDER BY id DESC LIMIT 100;\n2026-02-13 07:49:50 | INFO     | cache.py | MainThread | \ud83d\udcbe Get cache data: spxadmin_authorization_omsAdmin = {'cookies': '2af64dba-b5a1-4938-b1c0-fdf0017ea122', 'timestamp': 1770968989.2121027}\n2026-02-13 07:49:50 | INFO     | http.py | MainThread | \u51fd\u6570 get_product_matrices \u8c03\u7528api_request, \u5c1d\u8bd5\u7b2c 1 \u6b21\n2026-02-13 07:49:50 | INFO     | request.py | MainThread | -------------- [\ud83d\udce4] Request -----------------\n2026-02-13 07:49:50 | INFO     | request.py | MainThread | [method]: GET      [url]: https://shipping-admin-uat.speedx.io/oms-api/admin/product-matrices \n2026-02-13 07:49:50 | DEBUG    | request.py | MainThr", "key_log_info": "2026-02-13 07:49:50 | INFO     | request.py | MainThread | successful with status 200\n2026-02-13 07:49:50 | DEBUG    | request.py | MainThread | [response]:\n2026-02-13 07:49:51 | INFO     | request.py | MainThread | successful with status 200\n2026-02-13 07:49:51 | DEBUG    | request.py | MainThread | [response]:\n2026-02-13 07:49:51 | WARNING  | request.py | MainThread | unsuccessful with status 500\n\"msg\": \"system exception: Parcel not found: SPXONT061906549077\",\n2026-02-13 07:49:52 | INFO     | request.py | MainThread | successful with status 200\n2026-02-13 07:49:52 | DEBUG    | request.py | MainThread | [response]:\n\"status\": \"CREATED\",\n2026-02-13 07:49:52 | WARNING  | request.py | MainThread | unsuccessful with status 500\n\"msg\": \"system exception: Cannot confirm ArReceivable with id: 280\",\n\"msg\": \"system exception: Cannot commercial confirm ArReceivable with id: 280. Current status must be COMMERCIAL_CONFIRMING, but is: GENERATED\",\nTraceback (most recent call last):\nself.assertEqual(ResponseResult.status_code, status_code, msg=msg)\nAssertionError: 500 != 200"}, {"test_name": "test_oms_ar_receivable_commercial_confirming", "status": "Error", "type": "environment", "subtype": "service", "description": "\u670d\u52a1\u4e0d\u53ef\u7528/50x\u9519\u8bef", "short_log": "et1.2.2: 2026-02-13 07:49:52 | INFO     | cache.py | MainThread | \ud83d\udcbe Get cache data: 152cc9-d95b32-77fb4c-e219a1-5bdf71 = {'poe': 'LAX', 'courier_code': 'IGD', 'zip_code': '92502'}\n2026-02-13 07:49:52 | INFO     | cache.py | MainThread | \ud83d\udcbe Get cache data: 152cc9-d95b32-77fb4c-e219a1-5bdf71 = {'poe': 'LAX', 'courier_code': 'IGD', 'zip_code': '92502'}\n2026-02-13 07:49:52 | INFO     | rps_sort_code.py | MainThread | \u4ece\u7f13\u5b58\u4e2d\u83b7\u53d6LAX\u7684\u90ae\u7f16\u4fe1\u606f\n2026-02-13 07:49:52 | INFO     | DbHandle.py | MainThread | \u6267\u884csql\uff1aselect * from rps_db.rps_zip_code_info where zip_code='{0}'\n2026-02-13 07:49:52 | INFO     | http.py | MainThread | \u51fd\u6570 create_label_origin \u8c03\u7528api_request, \u5c1d\u8bd5\u7b2c 1 \u6b21\n2026-02-13 07:49:52 | INFO     | request.py | MainThread | -------------- [\ud83d\udce4] Request -----------------\n2026-02-13 07:49:52 | INFO     | requ", "key_log_info": "2026-02-13 07:49:53 | INFO     | request.py | MainThread | successful with status 200\n2026-02-13 07:49:53 | DEBUG    | request.py | MainThread | [response]:\n2026-02-13 07:49:53 | WARNING  | request.py | MainThread | unsuccessful with status 500\n\"msg\": \"system exception: Parcel not found: SPXONT061906549078\",\n2026-02-13 07:49:53 | WARNING  | request.py | MainThread | unsuccessful with status 400\n\"msg\": \"business exception: User does not have required permission.\",\n2026-02-13 07:49:53 | INFO     | http.py | MainThread | \u8bf7\u6c42\u5931\u8d25\uff0c\u6b63\u5728\u8fdb\u884c\u91cd\u8bd5...\n2026-02-13 07:49:53 | ERROR    | http.py | MainThread | \u8bf7\u6c42\u5931\u8d25\uff0c\u5df2\u8fbe\u5230\u6700\u5927\u91cd\u8bd5\u6b21\u6570\uff0c\u653e\u5f03\u8bf7\u6c42\u3002\nTraceback (most recent call last):\nreceivable_id = self.ar_response['data']['id']\nTypeError: 'NoneType' object is not subscriptable"}, {"test_name": "test_oms_ar_receivable_commercial_deny", "status": "Error", "type": "environment", "subtype": "service", "description": "\u670d\u52a1\u4e0d\u53ef\u7528/50x\u9519\u8bef", "short_log": "et1.2.3: 2026-02-13 07:49:53 | INFO     | cache.py | MainThread | \ud83d\udcbe Get cache data: 152cc9-d95b32-77fb4c-e219a1-5bdf71 = {'poe': 'LAX', 'courier_code': 'IGD', 'zip_code': '92502'}\n2026-02-13 07:49:53 | INFO     | cache.py | MainThread | \ud83d\udcbe Get cache data: 152cc9-d95b32-77fb4c-e219a1-5bdf71 = {'poe': 'LAX', 'courier_code': 'IGD', 'zip_code': '92502'}\n2026-02-13 07:49:53 | INFO     | rps_sort_code.py | MainThread | \u4ece\u7f13\u5b58\u4e2d\u83b7\u53d6LAX\u7684\u90ae\u7f16\u4fe1\u606f\n2026-02-13 07:49:53 | INFO     | DbHandle.py | MainThread | \u6267\u884csql\uff1aselect * from rps_db.rps_zip_code_info where zip_code='{0}'\n2026-02-13 07:49:53 | INFO     | http.py | MainThread | \u51fd\u6570 create_label_origin \u8c03\u7528api_request, \u5c1d\u8bd5\u7b2c 1 \u6b21\n2026-02-13 07:49:53 | INFO     | request.py | MainThread | -------------- [\ud83d\udce4] Request -----------------\n2026-02-13 07:49:53 | INFO     | requ", "key_log_info": "2026-02-13 07:49:53 | INFO     | request.py | MainThread | successful with status 200\n2026-02-13 07:49:53 | DEBUG    | request.py | MainThread | [response]:\n2026-02-13 07:49:53 | WARNING  | request.py | MainThread | unsuccessful with status 500\n\"msg\": \"system exception: Parcel not found: SPXONT061906549079\",\n2026-02-13 07:49:53 | WARNING  | request.py | MainThread | unsuccessful with status 400\n\"msg\": \"business exception: User does not have required permission.\",\n2026-02-13 07:49:53 | INFO     | http.py | MainThread | \u8bf7\u6c42\u5931\u8d25\uff0c\u6b63\u5728\u8fdb\u884c\u91cd\u8bd5...\n2026-02-13 07:49:54 | WARNING  | request.py | MainThread | unsuccessful with status 400\n2026-02-13 07:49:54 | DEBUG    | request.py | MainThread | [response]:\n2026-02-13 07:49:54 | INFO     | http.py | MainThread | \u8bf7\u6c42\u5931\u8d25\uff0c\u6b63\u5728\u8fdb\u884c\u91cd\u8bd5...\n2026-02-13 07:49:54 | ERROR    | http.py | MainThread | \u8bf7\u6c42\u5931\u8d25\uff0c\u5df2\u8fbe\u5230\u6700\u5927\u91cd\u8bd5\u6b21\u6570\uff0c\u653e\u5f03\u8bf7\u6c42\u3002\nTraceback (most recent call last):\nreceivable_id = self.ar_response['data']['id']\nTypeError: 'NoneType' object is not subscriptable"}, {"test_name": "test_OMS_Address_black_checkAddress_02", "status": "Fail", "type": "bug", "subtype": "assertion", "description": "\u65ad\u8a00\u5931\u8d25 (\u529f\u80fd\u7f3a\u9677)", "short_log": "ft1.4.2: 2026-02-13 07:49:54 | INFO     | http.py | MainThread | \u51fd\u6570 addressBlack_checkaddress \u8c03\u7528api_request, \u5c1d\u8bd5\u7b2c 1 \u6b21\n2026-02-13 07:49:54 | INFO     | request.py | MainThread | -------------- [\ud83d\udce4] Request -----------------\n2026-02-13 07:49:54 | INFO     | request.py | MainThread | [method]: POST      [url]: https://gw-uat.speedx.io/oms-api/address-black/checkAddress \n2026-02-13 07:49:54 | DEBUG    | request.py | MainThread | [headers]:\n{\n  \"Content-Type\": \"application/json\",\n  \"Accept\": \"application/json\",\n  \"inner-api-key\": \"8BMZDwKUpT8sDQweZrgTN7Em8tqkKQQHjBgp\",\n  \"Authorization\": \"Bearer dd7cb716-abf1-4f1a-ac47-04c324460bb9\",\n  \"api-key\": \"152cc9-d95b32-77fb4c-e219a1-5bdf71\"\n}\n2026-02-13 07:49:54 | DEBUG    | request.py | MainThread | [json]:\n{\n  \"address\": \"test\",\n  \"code\": \"PO_BOX\",\n  \"", "key_log_info": "2026-02-13 07:49:54 | INFO     | request.py | MainThread | successful with status 200\n2026-02-13 07:49:54 | DEBUG    | request.py | MainThread | [response]:\nTraceback (most recent call last):\nself.assertFalse(response.get('data'), '\u6709\u6548\u5730\u5740\u5e94\u901a\u8fc7\u9ed1\u540d\u5355\u6821\u9a8c\uff0c\u8fd4\u56defalse')\nAssertionError: True is not false : \u6709\u6548\u5730\u5740\u5e94\u901a\u8fc7\u9ed1\u540d\u5355\u6821\u9a8c\uff0c\u8fd4\u56defalse"}, {"test_name": "test_OMS_Admin_Account_Groups_02", "status": "Fail", "type": "bug", "subtype": "assertion", "description": "\u65ad\u8a00\u5931\u8d25 (\u529f\u80fd\u7f3a\u9677)", "short_log": "ft1.6.2: 2026-02-13 07:49:54 | INFO     | http.py | MainThread | \u51fd\u6570 get_account_groups \u8c03\u7528api_request, \u5c1d\u8bd5\u7b2c 1 \u6b21\n2026-02-13 07:49:54 | INFO     | request.py | MainThread | -------------- [\ud83d\udce4] Request -----------------\n2026-02-13 07:49:54 | INFO     | request.py | MainThread | [method]: GET      [url]: https://shipping-admin-uat.speedx.io/oms-api/admin/account-groups \n2026-02-13 07:49:54 | DEBUG    | request.py | MainThread | [headers]:\n{\n  \"Content-Type\": \"application/json\",\n  \"Accept\": \"application/json\",\n  \"inner-api-key\": \"8BMZDwKUpT8sDQweZrgTN7Em8tqkKQQHjBgp\",\n  \"Authorization\": \"Bearer 2af64dba-b5a1-4938-b1c0-fdf0017ea122\",\n  \"api-key\": \"152cc9-d95b32-77fb4c-e219a1-5bdf71\"\n}\n2026-02-13 07:49:54 | DEBUG    | request.py | MainThread | [params]:\n{\n  \"offset\": 0,\n  \"pageNumber\": 1,\n  \"pageSiz", "key_log_info": "2026-02-13 07:49:54 | INFO     | request.py | MainThread | successful with status 200\n2026-02-13 07:49:54 | DEBUG    | request.py | MainThread | [response]:\nTraceback (most recent call last):\nAssertionError: False is not true : Account group with ID 110 not found"}, {"test_name": "test_OMS_Admin_Batchquerytask__taskid__retry_02", "status": "Error", "type": "environment", "subtype": "service", "description": "\u670d\u52a1\u4e0d\u53ef\u7528/50x\u9519\u8bef", "short_log": "et1.10.2: 2026-02-13 07:49:55 | INFO     | DbHandle.py | MainThread | \u6267\u884csql\uff1aSELECT * FROM oms.batch_query_tasks ORDER BY id DESC LIMIT 100;\n2026-02-13 07:49:55 | INFO     | base_assert.py | MainThread | \ud83d\udc40 assertTrue  -> (True, '\u6570\u636e\u5e93\u4e2d\u5fc5\u987b\u5b58\u5728\u6279\u91cf\u67e5\u8be2\u4efb\u52a1\u6570\u636e')\n2026-02-13 07:49:55 | INFO     | http.py | MainThread | \u51fd\u6570 batchquerytask_retry \u8c03\u7528api_request, \u5c1d\u8bd5\u7b2c 1 \u6b21\n2026-02-13 07:49:55 | INFO     | request.py | MainThread | -------------- [\ud83d\udce4] Request -----------------\n2026-02-13 07:49:55 | INFO     | request.py | MainThread | [method]: POST      [url]: https://shipping-admin-uat.speedx.io/oms-api/admin/batchquerytask/43/retry \n2026-02-13 07:49:55 | DEBUG    | request.py | MainThread | [headers]:\n{\n  \"Content-Type\": \"application/json\",\n  \"Accept\": \"application/json\",\n  \"inner-api-key\": \"8BMZDwKUpT8sDQweZrgTN7", "key_log_info": "2026-02-13 07:49:55 | WARNING  | request.py | MainThread | unsuccessful with status 500\n2026-02-13 07:49:55 | DEBUG    | request.py | MainThread | [response]:\n\"msg\": \"system exception: Only failed and completed tasks can be retried. Current status: PROCESSING\",\nTraceback (most recent call last):\nTypeError: argument of type 'NoneType' is not iterable"}, {"test_name": "test_OMS_Admin_Batchquerytask_submit", "status": "Error", "type": "config", "subtype": "config", "description": "\u914d\u7f6e/\u6587\u4ef6\u7f3a\u5931", "short_log": "et1.11.1: ImportError: Failed to import test module: test_OMS_Admin_Batchquerytask_submit\nTraceback (most recent call last):\n  File \"/usr/local/lib/python3.11/unittest/loader.py\", line 419, in _find_test_path\n    module = self._get_module_from_name(name)\n             ^^^^^^^^^^^^^^^^^^^^^^^^^^^^^^^^\n  File \"/usr/local/lib/python3.11/unittest/loader.py\", line 362, in _get_module_from_name\n    __import__(name)\n  File \"/var/lib/jenkins/workspace/SpeedxSeldom@2/speedxseldom/test_dir/api/oms/testcase/test_OMS_Admin_Batchquerytask_submit.py\", line 1, in <module>\n    from turtledemo.penrose import start\n  File \"/usr/local/lib/python3.11/turtledemo/penrose.py\", line 18, in <module>\n    from turtle import *\n  File \"/usr/local/lib/python3.11/turtle.py\", line 107, in <module>\n    import tkinter as TK", "key_log_info": "et1.11.1: ImportError: Failed to import test module: test_OMS_Admin_Batchquerytask_submit\nTraceback (most recent call last):\nimport _tkinter # If this fails your Python may not be configured for Tk\nImportError: libtk8.6.so: cannot open shared object file: No such file or directory"}, {"test_name": "test_OMS_Admin_Dsp_dsps_06", "status": "Fail", "type": "bug", "subtype": "assertion", "description": "\u65ad\u8a00\u5931\u8d25 (\u529f\u80fd\u7f3a\u9677)", "short_log": "ft1.20.4: 2026-02-13 07:50:01 | INFO     | http.py | MainThread | \u51fd\u6570 dsp_dsps \u8c03\u7528api_request, \u5c1d\u8bd5\u7b2c 1 \u6b21\n2026-02-13 07:50:01 | INFO     | request.py | MainThread | -------------- [\ud83d\udce4] Request -----------------\n2026-02-13 07:50:01 | INFO     | request.py | MainThread | [method]: GET      [url]: https://shipping-admin-uat.speedx.io/oms-api/admin/dsp/dsps \n2026-02-13 07:50:01 | DEBUG    | request.py | MainThread | [headers]:\n{\n  \"Content-Type\": \"application/json\",\n  \"Accept\": \"application/json\",\n  \"inner-api-key\": \"8BMZDwKUpT8sDQweZrgTN7Em8tqkKQQHjBgp\",\n  \"Authorization\": \"Bearer 2af64dba-b5a1-4938-b1c0-fdf0017ea122\",\n  \"api-key\": \"152cc9-d95b32-77fb4c-e219a1-5bdf71\"\n}\n2026-02-13 07:50:01 | DEBUG    | request.py | MainThread | [params]:\n{\n  \"country\": \"\"\n}\n2026-02-13 07:50:01 | INFO     | request.", "key_log_info": "2026-02-13 07:50:01 | INFO     | request.py | MainThread | successful with status 200\n2026-02-13 07:50:01 | DEBUG    | request.py | MainThread | [response]:\nTraceback (most recent call last):\nself.assertEqual(len(response.get('data')) > 0, True)\nAssertionError: False != True"}, {"test_name": "test_OMS_Admin_batchquerytask_01", "status": "Fail", "type": "bug", "subtype": "assertion", "description": "\u65ad\u8a00\u5931\u8d25 (\u529f\u80fd\u7f3a\u9677)", "short_log": "ft1.36.1: 2026-02-13 07:50:11 | INFO     | http.py | MainThread | \u51fd\u6570 batchquerytask \u8c03\u7528api_request, \u5c1d\u8bd5\u7b2c 1 \u6b21\n2026-02-13 07:50:11 | INFO     | request.py | MainThread | -------------- [\ud83d\udce4] Request -----------------\n2026-02-13 07:50:11 | INFO     | request.py | MainThread | [method]: GET      [url]: https://shipping-admin-uat.speedx.io/oms-api/admin/batchquerytask/43 \n2026-02-13 07:50:11 | DEBUG    | request.py | MainThread | [headers]:\n{\n  \"Accept\": \"application/json\",\n  \"inner-api-key\": \"8BMZDwKUpT8sDQweZrgTN7Em8tqkKQQHjBgp\",\n  \"Authorization\": \"Bearer 2af64dba-b5a1-4938-b1c0-fdf0017ea122\",\n  \"api-key\": \"152cc9-d95b32-77fb4c-e219a1-5bdf71\",\n  \"Content-Type\": \"application/json\"\n}\n2026-02-13 07:50:11 | INFO     | request.py | MainThread | -------------- [\ud83d\udce8] Response ----------------\n2026-02-13", "key_log_info": "2026-02-13 07:50:11 | INFO     | request.py | MainThread | successful with status 200\n2026-02-13 07:50:11 | DEBUG    | request.py | MainThread | [response]:\n\"failedCount\": 0,\n\"status\": \"COMPLETED\",\n\"failedReportUrl\": null,\n\"errorMessage\": null,\n2026-02-13 07:50:11 | INFO     | base_assert.py | MainThread | \ud83d\udc40 assertEqual  -> (0, 0, '\u5931\u8d25\u6570\u5e94\u4e3a0')\nTraceback (most recent call last):\nAssertionError: 'oms/batch_exports/LM_Test_Auto_43_1770968995801.csv' != 'oms/batch_exports/LM_Test_Auto_43_1768479198501.csv'"}, {"test_name": "test_oms_create_label_01", "status": "Fail", "type": "environment", "subtype": "service", "description": "\u670d\u52a1\u4e0d\u53ef\u7528/50x\u9519\u8bef", "short_log": "ft1.38.1: 2026-02-13 07:50:12 | INFO     | test_OMS_Create_Label.py | MainThread | Starting test_oms_create_label_01\n2026-02-13 07:50:12 | INFO     | DbHandle.py | MainThread | \u6267\u884csql\uff1aSELECT * FROM rps_db.lm_subscribers WHERE org_id = '421'  ORDER BY id DESC LIMIT 100;\n2026-02-13 07:50:12 | INFO     | DbHandle.py | MainThread | \u6267\u884csql\uff1aSELECT * FROM rps_db.lm_subscribers WHERE orgkey = '41fa44-1c8689-9bd1a5-8f62a2-1ab614'  ORDER BY id DESC LIMIT 100;\n2026-02-13 07:50:12 | INFO     | DbHandle.py | MainThread | \u6267\u884csql\uff1aSELECT * FROM rps_db.rps_subscribers_ext WHERE org_id = 421  ORDER BY id DESC LIMIT 100;\n2026-02-13 07:50:12 | INFO     | cache.py | MainThread | \ud83d\udcbe Get cache data: 41fa44-1c8689-9bd1a5-8f62a2-1ab614 = {'poe': 'LAX', 'courier_code': 'DGD', 'zip_code': '92502'}\n2026-02-13 07:50:12 |", "key_log_info": "2026-02-13 07:50:12 | INFO     | request.py | MainThread | successful with status 200\n2026-02-13 07:50:12 | DEBUG    | request.py | MainThread | [response]:\n\"message\": \"ProductMatrixError, PickupID:421 - Products found for account 421 with product code RET, facility code LAX and country code US, but none match zip code 90746.\",\n2026-02-13 07:50:12 | ERROR    | test_OMS_Create_Label.py | MainThread | An error occurred during label creation: 500 != 200\nTraceback (most recent call last):\nAssertionError: 500 != 200"}, {"test_name": "test_OMS_Label_Check_vas_08", "status": "Error", "type": "bug", "subtype": "logic", "description": "\u4ee3\u7801\u903b\u8f91/\u7c7b\u578b\u9519\u8bef", "short_log": "et1.43.8: 2026-02-13 07:50:38 | INFO     | http.py | MainThread | \u51fd\u6570 create_label_origin \u8c03\u7528api_request, \u5c1d\u8bd5\u7b2c 1 \u6b21\n2026-02-13 07:50:38 | INFO     | request.py | MainThread | -------------- [\ud83d\udce4] Request -----------------\n2026-02-13 07:50:38 | INFO     | request.py | MainThread | [method]: POST      [url]: https://gw-uat.speedx.io/rps-api/label/create-label \n2026-02-13 07:50:38 | DEBUG    | request.py | MainThread | [headers]:\n{\n  \"Accept\": \"application/json\",\n  \"inner-api-key\": \"8BMZDwKUpT8sDQweZrgTN7Em8tqkKQQHjBgp\",\n  \"Authorization\": \"Bearer 2af64dba-b5a1-4938-b1c0-fdf0017ea122\",\n  \"api-key\": \"41fa44-1c8689-9bd1a5-8f62a2-1ab614\",\n  \"Content-Type\": \"application/json\"\n}\n2026-02-13 07:50:38 | DEBUG    | request.py | MainThread | [json]:\n{\n  \"courierCode\": \"DGD\",\n  \"portOfEntry\": \"ATL\",\n  \"weight", "key_log_info": "2026-02-13 07:50:38 | INFO     | request.py | MainThread | successful with status 200\n2026-02-13 07:50:38 | DEBUG    | request.py | MainThread | [response]:\n\"message\": \"ProductMatrixError, PickupID:421 - Products found for account 421 with product code RET, but none match facility code ATL.\",\n2026-02-13 07:50:38 | ERROR    | spx_utils.py | MainThread | Attempt 1 failed: 'payload'\n2026-02-13 07:50:42 | ERROR    | spx_utils.py | MainThread | Attempt 2 failed: 'payload'\n2026-02-13 07:50:46 | ERROR    | spx_utils.py | MainThread | Attempt 3 failed: 'payload'\n2026-02-13 07:50:50 | ERROR    | spx_utils.py | MainThread | Attempt 4 failed: 'payload'\n2026-02-13 07:50:54 | ERROR    | spx_utils.py | MainThread | Attempt 5 failed: 'payload'\n2026-02-13 07:50:58 | ERROR    | spx_utils.py | MainThread | Attempt 6 failed: 'payload'\n2026-02-13 07:51:02 | ERROR    | spx_utils.py | MainThread | Attempt 7 failed: 'payload'\n2026-02-13 07:51:06 | ERROR    | spx_utils.py | MainThread | Attempt 8 failed: 'payload'\n2026-02-13 07:51:10 | ERROR    | spx_utils.py | MainThread | Attempt 9 failed: 'payload'\n2026-02-13 07:51:14 | ERROR    | spx_utils.py | MainThread | Attempt 10 failed: 'payload'\n2026-02-13 07:51:14 | ERROR    | spx_utils.py | MainThread | Operation failed after 10 attempts\nTraceback (most recent call last):\nKeyError: 'payload'"}, {"test_name": "test_OMS_Label_Check_vas_09", "status": "Error", "type": "bug", "subtype": "logic", "description": "\u4ee3\u7801\u903b\u8f91/\u7c7b\u578b\u9519\u8bef", "short_log": "et1.43.9: 2026-02-13 07:51:14 | INFO     | http.py | MainThread | \u51fd\u6570 create_label_origin \u8c03\u7528api_request, \u5c1d\u8bd5\u7b2c 1 \u6b21\n2026-02-13 07:51:14 | INFO     | request.py | MainThread | -------------- [\ud83d\udce4] Request -----------------\n2026-02-13 07:51:14 | INFO     | request.py | MainThread | [method]: POST      [url]: https://gw-uat.speedx.io/rps-api/label/create-label \n2026-02-13 07:51:14 | DEBUG    | request.py | MainThread | [headers]:\n{\n  \"Accept\": \"application/json\",\n  \"inner-api-key\": \"8BMZDwKUpT8sDQweZrgTN7Em8tqkKQQHjBgp\",\n  \"Authorization\": \"Bearer 2af64dba-b5a1-4938-b1c0-fdf0017ea122\",\n  \"api-key\": \"41fa44-1c8689-9bd1a5-8f62a2-1ab614\",\n  \"Content-Type\": \"application/json\"\n}\n2026-02-13 07:51:14 | DEBUG    | request.py | MainThread | [json]:\n{\n  \"courierCode\": \"DGD\",\n  \"portOfEntry\": \"ATL\",\n  \"weight", "key_log_info": "2026-02-13 07:51:14 | INFO     | request.py | MainThread | successful with status 200\n2026-02-13 07:51:14 | DEBUG    | request.py | MainThread | [response]:\n\"message\": \"ProductMatrixError, PickupID:421 - Products found for account 421 with product code RET, but none match facility code ATL.\",\n2026-02-13 07:51:14 | ERROR    | spx_utils.py | MainThread | Attempt 1 failed: 'payload'\n2026-02-13 07:51:18 | ERROR    | spx_utils.py | MainThread | Attempt 2 failed: 'payload'\n2026-02-13 07:51:22 | ERROR    | spx_utils.py | MainThread | Attempt 3 failed: 'payload'\n2026-02-13 07:51:26 | ERROR    | spx_utils.py | MainThread | Attempt 4 failed: 'payload'\n2026-02-13 07:51:30 | ERROR    | spx_utils.py | MainThread | Attempt 5 failed: 'payload'\n2026-02-13 07:51:34 | ERROR    | spx_utils.py | MainThread | Attempt 6 failed: 'payload'\n2026-02-13 07:51:38 | ERROR    | spx_utils.py | MainThread | Attempt 7 failed: 'payload'\n2026-02-13 07:51:42 | ERROR    | spx_utils.py | MainThread | Attempt 8 failed: 'payload'\n2026-02-13 07:51:46 | ERROR    | spx_utils.py | MainThread | Attempt 9 failed: 'payload'\n2026-02-13 07:51:50 | ERROR    | spx_utils.py | MainThread | Attempt 10 failed: 'payload'\n2026-02-13 07:51:50 | ERROR    | spx_utils.py | MainThread | Operation failed after 10 attempts\nTraceback (most recent call last):\nKeyError: 'payload'"}, {"test_name": "test_OMS_Label_Check_vas_10", "status": "Error", "type": "bug", "subtype": "logic", "description": "\u4ee3\u7801\u903b\u8f91/\u7c7b\u578b\u9519\u8bef", "short_log": "et1.43.10: 2026-02-13 07:51:50 | INFO     | http.py | MainThread | \u51fd\u6570 create_label_origin \u8c03\u7528api_request, \u5c1d\u8bd5\u7b2c 1 \u6b21\n2026-02-13 07:51:50 | INFO     | request.py | MainThread | -------------- [\ud83d\udce4] Request -----------------\n2026-02-13 07:51:50 | INFO     | request.py | MainThread | [method]: POST      [url]: https://gw-uat.speedx.io/rps-api/label/create-label \n2026-02-13 07:51:50 | DEBUG    | request.py | MainThread | [headers]:\n{\n  \"Accept\": \"application/json\",\n  \"inner-api-key\": \"8BMZDwKUpT8sDQweZrgTN7Em8tqkKQQHjBgp\",\n  \"Authorization\": \"Bearer 2af64dba-b5a1-4938-b1c0-fdf0017ea122\",\n  \"api-key\": \"41fa44-1c8689-9bd1a5-8f62a2-1ab614\",\n  \"Content-Type\": \"application/json\"\n}\n2026-02-13 07:51:50 | DEBUG    | request.py | MainThread | [json]:\n{\n  \"courierCode\": \"DGD\",\n  \"portOfEntry\": \"ATL\",\n  \"weigh", "key_log_info": "2026-02-13 07:51:50 | INFO     | request.py | MainThread | successful with status 200\n2026-02-13 07:51:50 | DEBUG    | request.py | MainThread | [response]:\n\"message\": \"ProductMatrixError, PickupID:421 - Products found for account 421 with product code RET, but none match facility code ATL.\",\n2026-02-13 07:51:50 | ERROR    | spx_utils.py | MainThread | Attempt 1 failed: 'payload'\n2026-02-13 07:51:54 | ERROR    | spx_utils.py | MainThread | Attempt 2 failed: 'payload'\n2026-02-13 07:51:58 | ERROR    | spx_utils.py | MainThread | Attempt 3 failed: 'payload'\n2026-02-13 07:52:02 | ERROR    | spx_utils.py | MainThread | Attempt 4 failed: 'payload'\n2026-02-13 07:52:06 | ERROR    | spx_utils.py | MainThread | Attempt 5 failed: 'payload'\n2026-02-13 07:52:10 | ERROR    | spx_utils.py | MainThread | Attempt 6 failed: 'payload'\n2026-02-13 07:52:14 | ERROR    | spx_utils.py | MainThread | Attempt 7 failed: 'payload'\n2026-02-13 07:52:18 | ERROR    | spx_utils.py | MainThread | Attempt 8 failed: 'payload'\n2026-02-13 07:52:22 | ERROR    | spx_utils.py | MainThread | Attempt 9 failed: 'payload'\n2026-02-13 07:52:26 | ERROR    | spx_utils.py | MainThread | Attempt 10 failed: 'payload'\n2026-02-13 07:52:26 | ERROR    | spx_utils.py | MainThread | Operation failed after 10 attempts\nTraceback (most recent call last):\nKeyError: 'payload'"}, {"test_name": "test_OMS_Label_Check_vas_11", "status": "Error", "type": "bug", "subtype": "logic", "description": "\u4ee3\u7801\u903b\u8f91/\u7c7b\u578b\u9519\u8bef", "short_log": "et1.43.11: 2026-02-13 07:52:26 | INFO     | http.py | MainThread | \u51fd\u6570 create_label_origin \u8c03\u7528api_request, \u5c1d\u8bd5\u7b2c 1 \u6b21\n2026-02-13 07:52:26 | INFO     | request.py | MainThread | -------------- [\ud83d\udce4] Request -----------------\n2026-02-13 07:52:26 | INFO     | request.py | MainThread | [method]: POST      [url]: https://gw-uat.speedx.io/rps-api/label/create-label \n2026-02-13 07:52:26 | DEBUG    | request.py | MainThread | [headers]:\n{\n  \"Accept\": \"application/json\",\n  \"inner-api-key\": \"8BMZDwKUpT8sDQweZrgTN7Em8tqkKQQHjBgp\",\n  \"Authorization\": \"Bearer 2af64dba-b5a1-4938-b1c0-fdf0017ea122\",\n  \"api-key\": \"41fa44-1c8689-9bd1a5-8f62a2-1ab614\",\n  \"Content-Type\": \"application/json\"\n}\n2026-02-13 07:52:26 | DEBUG    | request.py | MainThread | [json]:\n{\n  \"courierCode\": \"DGD\",\n  \"portOfEntry\": \"ATL\",\n  \"weigh", "key_log_info": "2026-02-13 07:52:26 | INFO     | request.py | MainThread | successful with status 200\n2026-02-13 07:52:26 | DEBUG    | request.py | MainThread | [response]:\n\"message\": \"ProductMatrixError, PickupID:421 - Products found for account 421 with product code RET, but none match facility code ATL.\",\n2026-02-13 07:52:26 | ERROR    | spx_utils.py | MainThread | Attempt 1 failed: 'payload'\n2026-02-13 07:52:30 | ERROR    | spx_utils.py | MainThread | Attempt 2 failed: 'payload'\n2026-02-13 07:52:34 | ERROR    | spx_utils.py | MainThread | Attempt 3 failed: 'payload'\n2026-02-13 07:52:38 | ERROR    | spx_utils.py | MainThread | Attempt 4 failed: 'payload'\n2026-02-13 07:52:42 | ERROR    | spx_utils.py | MainThread | Attempt 5 failed: 'payload'\n2026-02-13 07:52:46 | ERROR    | spx_utils.py | MainThread | Attempt 6 failed: 'payload'\n2026-02-13 07:52:50 | ERROR    | spx_utils.py | MainThread | Attempt 7 failed: 'payload'\n2026-02-13 07:52:54 | ERROR    | spx_utils.py | MainThread | Attempt 8 failed: 'payload'\n2026-02-13 07:52:58 | ERROR    | spx_utils.py | MainThread | Attempt 9 failed: 'payload'\n2026-02-13 07:53:02 | ERROR    | spx_utils.py | MainThread | Attempt 10 failed: 'payload'\n2026-02-13 07:53:02 | ERROR    | spx_utils.py | MainThread | Operation failed after 10 attempts\nTraceback (most recent call last):\nKeyError: 'payload'"}, {"test_name": "test_parcel_state_ascan", "status": "Error", "type": "bug", "subtype": "logic", "description": "\u4ee3\u7801\u903b\u8f91/\u7c7b\u578b\u9519\u8bef", "short_log": "et1.44.1: 2026-02-13 07:53:02 | INFO     | cache.py | MainThread | \ud83d\udcbe Get cache data: 41fa44-1c8689-9bd1a5-8f62a2-1ab614 = {'poe': 'LAX', 'courier_code': 'DGD', 'zip_code': '92502'}\n2026-02-13 07:53:02 | INFO     | cache.py | MainThread | \ud83d\udcbe Get cache data: 41fa44-1c8689-9bd1a5-8f62a2-1ab614 = {'poe': 'LAX', 'courier_code': 'DGD', 'zip_code': '92502'}\n2026-02-13 07:53:02 | INFO     | rps_sort_code.py | MainThread | \u4ece\u7f13\u5b58\u4e2d\u83b7\u53d6LAX\u7684\u90ae\u7f16\u4fe1\u606f\n2026-02-13 07:53:02 | INFO     | DbHandle.py | MainThread | \u6267\u884csql\uff1aselect * from rps_db.rps_zip_code_info where zip_code='{0}'\n2026-02-13 07:53:02 | INFO     | http.py | MainThread | \u51fd\u6570 create_label_origin \u8c03\u7528api_request, \u5c1d\u8bd5\u7b2c 1 \u6b21\n2026-02-13 07:53:02 | INFO     | request.py | MainThread | -------------- [\ud83d\udce4] Request -----------------\n2026-02-13 07:53:02 | INFO     | req", "key_log_info": "2026-02-13 07:53:02 | INFO     | request.py | MainThread | successful with status 200\n2026-02-13 07:53:02 | DEBUG    | request.py | MainThread | [response]:\n\"message\": \"ProductMatrixError, PickupID:421 - Products found for account 421 with product code RET, facility code LAX and country code US, but none match zip code 90746.\",\nTraceback (most recent call last):\nraise KeyError(\"Missing expected keys in the response\")\nKeyError: 'Missing expected keys in the response'"}, {"test_name": "test_OMS_submit_manifest_01", "status": "Error", "type": "bug", "subtype": "logic", "description": "\u4ee3\u7801\u903b\u8f91/\u7c7b\u578b\u9519\u8bef", "short_log": "et1.50.1: Traceback (most recent call last):\n  File \"/var/lib/jenkins/workspace/SpeedxSeldom@2/speedxseldom/test_dir/api/oms/testcase/test_OMS_Submit_Manifest.py\", line 54, in test_OMS_submit_manifest_01\n    request_body = manifest.assemble_request_body_parcelList([self.tracking_number])\n                                                              ^^^^^^^^^^^^^^^^^^^^\nAttributeError: 'Test_OMS_Submit_Manifest' object has no attribute 'tracking_number'", "key_log_info": "et1.50.1: Traceback (most recent call last):\nAttributeError: 'Test_OMS_Submit_Manifest' object has no attribute 'tracking_number'"}, {"test_name": "test_OMS_submit_manifest_02", "status": "Error", "type": "bug", "subtype": "logic", "description": "\u4ee3\u7801\u903b\u8f91/\u7c7b\u578b\u9519\u8bef", "short_log": "et1.50.2: 2026-02-13 07:53:04 | INFO     | DbHandle.py | MainThread | \u6267\u884csql\uff1aSELECT * FROM rps_db.lm_subscribers WHERE orgkey = '41fa44-1c8689-9bd1a5-8f62a2-1ab614'  ORDER BY id DESC LIMIT 100;\n2026-02-13 07:53:04 | INFO     | DbHandle.py | MainThread | \u6267\u884csql\uff1aSELECT * FROM rps_db.rps_subscribers_ext WHERE org_id = 421  ORDER BY id DESC LIMIT 100;\n2026-02-13 07:53:04 | INFO     | cache.py | MainThread | \ud83d\udcbe Get cache data: 41fa44-1c8689-9bd1a5-8f62a2-1ab614 = {'poe': 'LAX', 'courier_code': 'DGD', 'zip_code': '92502'}\n2026-02-13 07:53:04 | INFO     | cache.py | MainThread | \ud83d\udcbe Get cache data: 41fa44-1c8689-9bd1a5-8f62a2-1ab614 = {'poe': 'LAX', 'courier_code': 'DGD', 'zip_code': '92502'}\n2026-02-13 07:53:04 | INFO     | rps_sort_code.py | MainThread | \u4ece\u7f13\u5b58\u4e2d\u83b7\u53d6LAX\u7684\u90ae\u7f16\u4fe1\u606f\n2026-02-13 07:53:04 | INFO", "key_log_info": "2026-02-13 07:53:04 | INFO     | request.py | MainThread | successful with status 200\n2026-02-13 07:53:04 | DEBUG    | request.py | MainThread | [response]:\n\"message\": \"ProductMatrixError, PickupID:421 - Products found for account 421 with product code RET, facility code LAX and country code US, but none match zip code 90746.\",\nTraceback (most recent call last):\nKeyError: 'payload'"}, {"test_name": "test_OMS_submit_manifest_PickupAccount_01", "status": "Error", "type": "bug", "subtype": "logic", "description": "\u4ee3\u7801\u903b\u8f91/\u7c7b\u578b\u9519\u8bef", "short_log": "et1.50.4: Traceback (most recent call last):\n  File \"/var/lib/jenkins/workspace/SpeedxSeldom@2/speedxseldom/test_dir/api/oms/testcase/test_OMS_Submit_Manifest.py\", line 159, in test_OMS_submit_manifest_PickupAccount_01\n    request_body = manifest.assemble_request_body_parcelList([self.trackingNumber_pickup])\n                                                              ^^^^^^^^^^^^^^^^^^^^^^^^^^\nAttributeError: 'Test_OMS_Submit_Manifest' object has no attribute 'trackingNumber_pickup'", "key_log_info": "et1.50.4: Traceback (most recent call last):\nAttributeError: 'Test_OMS_Submit_Manifest' object has no attribute 'trackingNumber_pickup'"}, {"test_name": "test_OMS_Update_Label_02", "status": "Error", "type": "bug", "subtype": "logic", "description": "\u4ee3\u7801\u903b\u8f91/\u7c7b\u578b\u9519\u8bef", "short_log": "et1.51.2: 2026-02-13 07:53:23 | INFO     | cache.py | MainThread | \ud83d\udcbe Get cache data: 41fa44-1c8689-9bd1a5-8f62a2-1ab614 = {'poe': 'LAX', 'courier_code': 'DGD', 'zip_code': '92502'}\n2026-02-13 07:53:23 | INFO     | cache.py | MainThread | \ud83d\udcbe Get cache data: 41fa44-1c8689-9bd1a5-8f62a2-1ab614 = {'poe': 'LAX', 'courier_code': 'DGD', 'zip_code': '92502'}\n2026-02-13 07:53:23 | INFO     | rps_sort_code.py | MainThread | \u4ece\u7f13\u5b58\u4e2d\u83b7\u53d6LAX\u7684\u90ae\u7f16\u4fe1\u606f\n2026-02-13 07:53:23 | INFO     | DbHandle.py | MainThread | \u6267\u884csql\uff1aselect * from rps_db.rps_zip_code_info where zip_code='{0}'\n2026-02-13 07:53:23 | INFO     | http.py | MainThread | \u51fd\u6570 create_label_origin \u8c03\u7528api_request, \u5c1d\u8bd5\u7b2c 1 \u6b21\n2026-02-13 07:53:23 | INFO     | request.py | MainThread | -------------- [\ud83d\udce4] Request -----------------\n2026-02-13 07:53:23 | INFO     | req", "key_log_info": "2026-02-13 07:53:23 | INFO     | request.py | MainThread | successful with status 200\n2026-02-13 07:53:23 | DEBUG    | request.py | MainThread | [response]:\n\"message\": \"ProductMatrixError, PickupID:421 - Products found for account 421 with product code RET, facility code LAX and country code US, but none match zip code 90746.\",\nTraceback (most recent call last):\nKeyError: 'payload'"}, {"test_name": "test_OMS_Update_Label_03", "status": "Error", "type": "bug", "subtype": "logic", "description": "\u4ee3\u7801\u903b\u8f91/\u7c7b\u578b\u9519\u8bef", "short_log": "et1.51.3: 2026-02-13 07:53:23 | INFO     | test_OMS_Update_Label.py | MainThread | Starting test_oms_create_label_03\n2026-02-13 07:53:23 | INFO     | DbHandle.py | MainThread | \u6267\u884csql\uff1aSELECT * FROM rps_db.lm_subscribers WHERE orgkey = '41fa44-1c8689-9bd1a5-8f62a2-1ab614'  ORDER BY id DESC LIMIT 100;\n2026-02-13 07:53:23 | INFO     | DbHandle.py | MainThread | \u6267\u884csql\uff1aSELECT * FROM rps_db.rps_subscribers_ext WHERE org_id = 421  ORDER BY id DESC LIMIT 100;\n2026-02-13 07:53:23 | INFO     | DbHandle.py | MainThread | \u6267\u884csql\uff1aSelect gsub.org_id , gsub.orgkey, ext.courier_code, ext.product_code, sort.origin_poe, sort.port_of_entry, sort.sort_code, sort.zip_code\n                    from rps_db.lm_subscribers gsub\n                    INNER JOIN rps_db.lm_subscriber_poes gsp ON gsub.org_id = gsp.org_id", "key_log_info": "where gs.status = 'A'\n2026-02-13 07:53:24 | INFO     | request.py | MainThread | successful with status 200\n2026-02-13 07:53:24 | DEBUG    | request.py | MainThread | [response]:\n\"message\": \"ProductMatrixError, PickupID:421 - Products found for account 421 with product code RET, but none match facility code ATL.\",\nTraceback (most recent call last):\nKeyError: 'payload'"}, {"test_name": "test_oms_void_label_02", "status": "Error", "type": "bug", "subtype": "logic", "description": "\u4ee3\u7801\u903b\u8f91/\u7c7b\u578b\u9519\u8bef", "short_log": "et1.52.2: 2026-02-13 07:53:37 | INFO     | cache.py | MainThread | \ud83d\udcbe Get cache data: 41fa44-1c8689-9bd1a5-8f62a2-1ab614 = {'poe': 'LAX', 'courier_code': 'DGD', 'zip_code': '92502'}\n2026-02-13 07:53:37 | INFO     | cache.py | MainThread | \ud83d\udcbe Get cache data: 41fa44-1c8689-9bd1a5-8f62a2-1ab614 = {'poe': 'LAX', 'courier_code': 'DGD', 'zip_code': '92502'}\n2026-02-13 07:53:37 | INFO     | rps_sort_code.py | MainThread | \u4ece\u7f13\u5b58\u4e2d\u83b7\u53d6LAX\u7684\u90ae\u7f16\u4fe1\u606f\n2026-02-13 07:53:37 | INFO     | DbHandle.py | MainThread | \u6267\u884csql\uff1aselect * from rps_db.rps_zip_code_info where zip_code='{0}'\n2026-02-13 07:53:37 | INFO     | http.py | MainThread | \u51fd\u6570 create_label_origin \u8c03\u7528api_request, \u5c1d\u8bd5\u7b2c 1 \u6b21\n2026-02-13 07:53:37 | INFO     | request.py | MainThread | -------------- [\ud83d\udce4] Request -----------------\n2026-02-13 07:53:37 | INFO     | req", "key_log_info": "2026-02-13 07:53:37 | INFO     | request.py | MainThread | successful with status 200\n2026-02-13 07:53:37 | DEBUG    | request.py | MainThread | [response]:\n\"message\": \"ProductMatrixError, PickupID:421 - Products found for account 421 with product code RET, facility code LAX and country code US, but none match zip code 90746.\",\nTraceback (most recent call last):\nKeyError: 'payload'"}, {"test_name": "test_oms_void_label_03", "status": "Error", "type": "bug", "subtype": "logic", "description": "\u4ee3\u7801\u903b\u8f91/\u7c7b\u578b\u9519\u8bef", "short_log": "et1.52.3: 2026-02-13 07:53:37 | INFO     | test_OMS_Void_Label.py | MainThread | Starting test_oms_create_label_03\n2026-02-13 07:53:37 | INFO     | DbHandle.py | MainThread | \u6267\u884csql\uff1aSELECT * FROM rps_db.lm_subscribers WHERE orgkey = '41fa44-1c8689-9bd1a5-8f62a2-1ab614'  ORDER BY id DESC LIMIT 100;\n2026-02-13 07:53:38 | INFO     | DbHandle.py | MainThread | \u6267\u884csql\uff1aSELECT * FROM rps_db.rps_subscribers_ext WHERE org_id = 421  ORDER BY id DESC LIMIT 100;\n2026-02-13 07:53:38 | INFO     | DbHandle.py | MainThread | \u6267\u884csql\uff1aSelect gsub.org_id , gsub.orgkey, ext.courier_code, ext.product_code, sort.origin_poe, sort.port_of_entry, sort.sort_code, sort.zip_code\n                    from rps_db.lm_subscribers gsub\n                    INNER JOIN rps_db.lm_subscriber_poes gsp ON gsub.org_id = gsp.org_id", "key_log_info": "where gs.status = 'A'\n2026-02-13 07:53:38 | INFO     | request.py | MainThread | successful with status 200\n2026-02-13 07:53:38 | DEBUG    | request.py | MainThread | [response]:\n\"message\": \"ProductMatrixError, PickupID:421 - Products found for account 421 with product code RET, but none match facility code ATL.\",\nTraceback (most recent call last):\nKeyError: 'payload'"}, {"test_name": "test_oms_void_label_cainiao_01", "status": "Fail", "type": "bug", "subtype": "assertion", "description": "\u65ad\u8a00\u5931\u8d25 (\u529f\u80fd\u7f3a\u9677)", "short_log": "ft1.52.5: 2026-02-13 07:53:47 | INFO     | cainiao_service.py | MainThread | \u5f00\u59cb\u8c03\u7528\u51fd\u6570\uff1acreate_label_origin\n2026-02-13 07:53:47 | INFO     | request.py | MainThread | -------------- [\ud83d\udce4] Request -----------------\n2026-02-13 07:53:47 | INFO     | request.py | MainThread | [method]: POST      [url]: https://gw-uat.speedx.io/rps-api/cainiao/notify \n2026-02-13 07:53:47 | DEBUG    | request.py | MainThread | [files]:\n{'msg_type': (None, 'CAINIAO_GLOBAL_LASTMILE_ASN'), 'msg_id': (None, 'LP20260213075347'), 'from_code': (None, 'CNGFC'), 'partner_code': (None, 'DISTRIBUTOR_31201800'), 'data_digest': (None, 'oS7no4ndqKpzWs4xngkUhQ=='), 'logistics_interface': (None, '{\"preCPResCode\": \"TRUNK_31205818\", \"parcel\": {\"priceUnit\": \"CENT\", \"parcelQuantity\": \"1\", \"priceCurrency\": \"USD\", \"price\": \"6\", \"bigBagWeig", "key_log_info": "2026-02-13 07:53:47 | INFO     | request.py | MainThread | successful with status 200\n2026-02-13 07:53:47 | DEBUG    | request.py | MainThread | [response]:\n\"errorCode\": null,\n\"errorMsg\": null\n2026-02-13 07:53:47 | ERROR    | spx_utils.py | MainThread | Attempt 1 failed: tuple index out of range\n2026-02-13 07:53:51 | ERROR    | spx_utils.py | MainThread | Attempt 2 failed: Operation returned False\n2026-02-13 07:53:55 | ERROR    | spx_utils.py | MainThread | Attempt 3 failed: Operation returned False\n2026-02-13 07:53:59 | ERROR    | spx_utils.py | MainThread | Attempt 4 failed: Operation returned False\n2026-02-13 07:54:03 | ERROR    | spx_utils.py | MainThread | Attempt 5 failed: Operation returned False\n2026-02-13 07:54:07 | ERROR    | spx_utils.py | MainThread | Attempt 6 failed: Operation returned False\n2026-02-13 07:54:11 | ERROR    | spx_utils.py | MainThread | Attempt 7 failed: Operation returned False\n2026-02-13 07:54:15 | ERROR    | spx_utils.py | MainThread | Attempt 8 failed: Operation returned False\n2026-02-13 07:54:19 | ERROR    | spx_utils.py | MainThread | Attempt 9 failed: Operation returned False\n2026-02-13 07:54:24 | ERROR    | spx_utils.py | MainThread | Attempt 10 failed: Operation returned False\n2026-02-13 07:54:24 | ERROR    | spx_utils.py | MainThread | Operation failed after 10 attempts\nTraceback (most recent call last):\nAssertionError: True != False"}, {"test_name": "test_oms_void_label_customerRefId_02", "status": "Error", "type": "bug", "subtype": "logic", "description": "\u4ee3\u7801\u903b\u8f91/\u7c7b\u578b\u9519\u8bef", "short_log": "et1.53.2: 2026-02-13 07:54:37 | INFO     | cache.py | MainThread | \ud83d\udcbe Get cache data: 41fa44-1c8689-9bd1a5-8f62a2-1ab614 = {'poe': 'LAX', 'courier_code': 'DGD', 'zip_code': '92502'}\n2026-02-13 07:54:37 | INFO     | cache.py | MainThread | \ud83d\udcbe Get cache data: 41fa44-1c8689-9bd1a5-8f62a2-1ab614 = {'poe': 'LAX', 'courier_code': 'DGD', 'zip_code': '92502'}\n2026-02-13 07:54:37 | INFO     | rps_sort_code.py | MainThread | \u4ece\u7f13\u5b58\u4e2d\u83b7\u53d6LAX\u7684\u90ae\u7f16\u4fe1\u606f\n2026-02-13 07:54:37 | INFO     | DbHandle.py | MainThread | \u6267\u884csql\uff1aselect * from rps_db.rps_zip_code_info where zip_code='{0}'\n2026-02-13 07:54:37 | INFO     | http.py | MainThread | \u51fd\u6570 create_label_origin \u8c03\u7528api_request, \u5c1d\u8bd5\u7b2c 1 \u6b21\n2026-02-13 07:54:37 | INFO     | request.py | MainThread | -------------- [\ud83d\udce4] Request -----------------\n2026-02-13 07:54:37 | INFO     | req", "key_log_info": "2026-02-13 07:54:37 | INFO     | request.py | MainThread | successful with status 200\n2026-02-13 07:54:37 | DEBUG    | request.py | MainThread | [response]:\n\"message\": \"ProductMatrixError, PickupID:421 - Products found for account 421 with product code RET, facility code LAX and country code US, but none match zip code 90746.\",\nTraceback (most recent call last):\nKeyError: 'payload'"}, {"test_name": "test_oms_void_label_customerRefId_03", "status": "Error", "type": "bug", "subtype": "logic", "description": "\u4ee3\u7801\u903b\u8f91/\u7c7b\u578b\u9519\u8bef", "short_log": "et1.53.3: 2026-02-13 07:54:37 | INFO     | test_OMS_Void_Label_By_Ref_ID.py | MainThread | Starting test_oms_create_label_03\n2026-02-13 07:54:37 | INFO     | DbHandle.py | MainThread | \u6267\u884csql\uff1aSELECT * FROM rps_db.lm_subscribers WHERE orgkey = '41fa44-1c8689-9bd1a5-8f62a2-1ab614'  ORDER BY id DESC LIMIT 100;\n2026-02-13 07:54:37 | INFO     | DbHandle.py | MainThread | \u6267\u884csql\uff1aSELECT * FROM rps_db.rps_subscribers_ext WHERE org_id = 421  ORDER BY id DESC LIMIT 100;\n2026-02-13 07:54:37 | INFO     | DbHandle.py | MainThread | \u6267\u884csql\uff1aSelect gsub.org_id , gsub.orgkey, ext.courier_code, ext.product_code, sort.origin_poe, sort.port_of_entry, sort.sort_code, sort.zip_code\n                    from rps_db.lm_subscribers gsub\n                    INNER JOIN rps_db.lm_subscriber_poes gsp ON gsub.org_id = gsp.", "key_log_info": "where gs.status = 'A'\n2026-02-13 07:54:37 | INFO     | request.py | MainThread | successful with status 200\n2026-02-13 07:54:37 | DEBUG    | request.py | MainThread | [response]:\n\"message\": \"ProductMatrixError, PickupID:421 - Products found for account 421 with product code RET, but none match facility code ATL.\",\nTraceback (most recent call last):\nKeyError: 'payload'"}, {"test_name": "test_oms_void_label_customerRefId_06", "status": "Fail", "type": "bug", "subtype": "assertion", "description": "\u65ad\u8a00\u5931\u8d25 (\u529f\u80fd\u7f3a\u9677)", "short_log": "ft1.53.6: 2026-02-13 07:54:51 | INFO     | DbHandle.py | MainThread | \u6267\u884csql\uff1aSELECT * FROM rps_db.lm_subscribers WHERE orgkey = '41fa44-1c8689-9bd1a5-8f62a2-1ab614'  ORDER BY id DESC LIMIT 100;\n2026-02-13 07:54:51 | INFO     | DbHandle.py | MainThread | \u6267\u884csql\uff1aSELECT * FROM rps_db.rps_subscribers_ext WHERE org_id = 421  ORDER BY id DESC LIMIT 100;\n2026-02-13 07:54:51 | INFO     | DbHandle.py | MainThread | \u6267\u884csql\uff1aSelect gsub.org_id , gsub.orgkey, ext.courier_code, ext.product_code, sort.origin_poe, sort.port_of_entry, sort.sort_code, sort.zip_code\n                    from rps_db.lm_subscribers gsub\n                    INNER JOIN rps_db.lm_subscriber_poes gsp ON gsub.org_id = gsp.org_id\n                    INNER JOIN rps_db.lm_subscriptions gs ON gsub.org_id = gs.subscriber_id", "key_log_info": "where gs.status = 'A'\n2026-02-13 07:54:52 | INFO     | request.py | MainThread | successful with status 200\n2026-02-13 07:54:52 | DEBUG    | request.py | MainThread | [response]:\n2026-02-13 07:54:52 | ERROR    | spx_utils.py | MainThread | Attempt 1 failed: Operation returned False\n2026-02-13 07:54:56 | ERROR    | spx_utils.py | MainThread | Attempt 2 failed: Operation returned False\n2026-02-13 07:55:00 | ERROR    | spx_utils.py | MainThread | Attempt 3 failed: Operation returned False\n2026-02-13 07:55:04 | ERROR    | spx_utils.py | MainThread | Attempt 4 failed: Operation returned False\n2026-02-13 07:55:08 | ERROR    | spx_utils.py | MainThread | Attempt 5 failed: Operation returned False\n2026-02-13 07:55:12 | ERROR    | spx_utils.py | MainThread | Attempt 6 failed: Operation returned False\n2026-02-13 07:55:16 | ERROR    | spx_utils.py | MainThread | Attempt 7 failed: Operation returned False\n2026-02-13 07:55:20 | ERROR    | spx_utils.py | MainThread | Attempt 8 failed: Operation returned False\n2026-02-13 07:55:24 | ERROR    | spx_utils.py | MainThread | Attempt 9 failed: Operation returned False\n2026-02-13 07:55:28 | ERROR    | spx_utils.py | MainThread | Attempt 10 failed: Operation returned False\n2026-02-13 07:55:28 | ERROR    | spx_utils.py | MainThread | Operation failed after 10 attempts\nTraceback (most recent call last):\nAssertionError: True != False"}, {"test_name": "test_OMS_inboundScan_balance_01", "status": "Error", "type": "bug", "subtype": "logic", "description": "\u4ee3\u7801\u903b\u8f91/\u7c7b\u578b\u9519\u8bef", "short_log": "et1.57.1: 2026-02-13 07:55:29 | INFO     | DbHandle.py | MainThread | \u6267\u884csql\uff1aSELECT * FROM oms.customer_balance WHERE deleted = 0 AND customer_id = '421' AND currency_code = 'USD'  ORDER BY id DESC LIMIT 100;\nTraceback (most recent call last):\n  File \"/var/lib/jenkins/workspace/SpeedxSeldom@2/speedxseldom/test_dir/api/oms/testcase/test_OMS_inboundScan_balance.py\", line 47, in test_OMS_inboundScan_balance_01\n    scan.batch_ParentScan(self.parent_batch_code, self.tracking_number)\n                          ^^^^^^^^^^^^^^^^^^^^^^\nAttributeError: 'Test_OMS_inboundScan_balance' object has no attribute 'parent_batch_code'", "key_log_info": "Traceback (most recent call last):\nAttributeError: 'Test_OMS_inboundScan_balance' object has no attribute 'parent_batch_code'"}, {"test_name": "test_OMS_inboundScan_balance_02", "status": "Error", "type": "environment", "subtype": "service", "description": "\u670d\u52a1\u4e0d\u53ef\u7528/50x\u9519\u8bef", "short_log": "et1.57.2: 2026-02-13 07:55:29 | INFO     | cache.py | MainThread | cache_data is None\n2026-02-13 07:55:29 | INFO     | login.py | MainThread | \u5f00\u59cb\u8c03\u7528\u51fd\u6570\uff1aget_login_origin\n2026-02-13 07:55:29 | INFO     | request.py | MainThread | -------------- [\ud83d\udce4] Request -----------------\n2026-02-13 07:55:29 | INFO     | request.py | MainThread | [method]: POST      [url]: https://gw-uat.speedx.io/pos-exchange-api/login/login \n2026-02-13 07:55:29 | DEBUG    | request.py | MainThread | [json]:\n{\n  \"facilityCode\": \"\",\n  \"loginName\": \"sfo_test\",\n  \"passwd\": \"admin1\",\n  \"verifyCode\": \"8888\"\n}\n2026-02-13 07:55:29 | INFO     | request.py | MainThread | -------------- [\ud83d\udce8] Response ----------------\n2026-02-13 07:55:29 | INFO     | request.py | MainThread | successful with status 200\n2026-02-13 07:55:29 | DEBUG    |", "key_log_info": "2026-02-13 07:55:29 | INFO     | request.py | MainThread | successful with status 200\n2026-02-13 07:55:29 | DEBUG    | request.py | MainThread | [response]:\nTraceback (most recent call last):\nAttributeError: 'Test_OMS_inboundScan_balance' object has no attribute 'tracking_number'"}]}}};
        const BASE_URL = "https://repot-test.speedx.io/";

        function initCharts() {
            // 1. 柱状图
            const trendChart = echarts.init(document.getElementById('trendChart'));
            const modules = Object.keys(reportData).sort();
            const rates = modules.map(m => parseFloat(reportData[m].stats.rate.replace('%','')));
            
            trendChart.setOption({
                tooltip: { trigger: 'axis' },
                grid: { left: '3%', right: '4%', bottom: '3%', containLabel: true },
                xAxis: { type: 'category', data: modules, axisLabel: { rotate: 30, interval: 0 } },
                yAxis: { type: 'value', max: 100 },
                series: [{
                    data: rates,
                    type: 'bar',
                    itemStyle: {
                        color: function(params) {
                            return params.value < 100 ? '#ff7675' : '#55efc4';
                        },
                        borderRadius: [5, 5, 0, 0]
                    },
                    label: { show: true, position: 'top', formatter: '{c}%' }
                }]
            });

            // 2. 饼图 - 失败原因
            let failureCounts = {};
            Object.values(reportData).forEach(m => {
                m.stats.failure_details.forEach(f => {
                    let key = f.description || '未知';
                    failureCounts[key] = (failureCounts[key] || 0) + 1;
                });
            });
            
            const pieData = Object.entries(failureCounts).map(([k, v]) => ({ value: v, name: k }));
            const pieChart = echarts.init(document.getElementById('failurePieChart'));
            
            if (pieData.length > 0) {
                pieChart.setOption({
                    tooltip: { trigger: 'item' },
                    legend: { bottom: '0', type: 'scroll' },
                    series: [{
                        type: 'pie',
                        radius: ['40%', '70%'],
                        avoidLabelOverlap: false,
                        itemStyle: { borderRadius: 10, borderColor: '#fff', borderWidth: 2 },
                        label: { show: false },
                        data: pieData
                    }]
                });
            } else {
                document.getElementById('failurePieChart').innerHTML = '<div class="d-flex justify-content-center align-items-center h-100 text-muted">🎉 暂无失败用例</div>';
            }
            
            window.onresize = function() {
                trendChart.resize();
                pieChart.resize();
            };
        }

        function renderTable(filterText = '') {
            const tbody = document.getElementById('reportTableBody');
            tbody.innerHTML = '';
            
            const sortedKeys = Object.keys(reportData).sort();
            
            sortedKeys.forEach(key => {
                if (filterText && !key.toLowerCase().includes(filterText.toLowerCase())) return;
                
                const item = reportData[key];
                const stats = item.stats;
                const rateVal = parseFloat(stats.rate.replace('%', ''));
                
                const tr = document.createElement('tr');
                tr.innerHTML = `
                    <td class="ps-3 fw-bold">${key}</td>
                    <td class="text-muted">${item.timestamp.replace(/_/g, ':')}</td>
                    <td class="text-center fw-bold">${stats.total}</td>
                    <td class="text-center text-success">${stats.pass}</td>
                    <td class="text-center ${stats.fail > 0 ? 'text-danger fw-bold' : 'text-muted'}">${stats.fail}</td>
                    <td class="text-center ${stats.error > 0 ? 'text-warning fw-bold' : 'text-muted'}">${stats.error}</td>
                    <td class="text-center">
                        <span class="${rateVal === 100 ? 'pass-badge' : 'fail-badge'}">${stats.rate}</span>
                    </td>
                    <td><a href="${BASE_URL}${item.filename}" target="_blank" class="btn btn-sm btn-outline-primary"><i class="bi bi-link-45deg"></i> 报告</a></td>
                    <td>
                        ${(stats.fail > 0 || stats.error > 0) ?
                        `<button class="btn btn-sm btn-danger" onclick="showFailures('${key}')"><i class="bi bi-search"></i> 分析</button>`
                        : '<span class="text-muted">-</span>'}
                    </td>
                `;
                tbody.appendChild(tr);
            });
        }

        function highlightKeyInfo(logText) {
            if (!logText) return "";
            
            // 定义需要高亮的关键字模式
            const keyPatterns = [
                /(ERROR|Error|error)/g,
                /(FAIL|Fail|fail)/g,
                /(Exception|exception)/g,
                /(Traceback)/g,
                /(AssertionError)/g,
                /(失败)/g,
                /(断言)/g
            ];
            
            let highlightedLog = logText;
            keyPatterns.forEach(pattern => {
                highlightedLog = highlightedLog.replace(pattern, '<span class="key-log-line">$&</span>');
            });
            
            return highlightedLog;
        }

        function showFailures(moduleName) {
            const details = reportData[moduleName].stats.failure_details;
            const modalBody = document.getElementById('modalContent');
            
            if (!details || details.length === 0) {
                modalBody.innerHTML = '<p class="text-muted">没有详细的失败信息提取。</p>';
            } else {
                let html = '<div class="accordion" id="failAccordion">';
                details.forEach((d, index) => {
                    let badgeClass = 'bg-secondary';
                    if (d.type === 'bug') badgeClass = 'bg-danger';
                    if (d.type === 'environment') badgeClass = 'bg-warning text-dark';
                    if (d.type === 'ui_error') badgeClass = 'bg-info text-dark';
                    
                    let statusBadge = d.status === 'Error' 
                        ? '<span class="badge bg-danger me-2">Error</span>' 
                        : '<span class="badge bg-warning text-dark me-2">Fail</span>';

                    // 使用提取的关键日志信息
                    let displayLog = d.key_log_info || d.short_log || '无详细日志';

                    html += `
                        <div class="accordion-item">
                            <h2 class="accordion-header">
                                <button class="accordion-button collapsed" type="button" data-bs-toggle="collapse" data-bs-target="#collapse${index}">
                                    ${statusBadge}
                                    <span class="badge ${badgeClass} me-2">${d.description}</span>
                                    ${d.test_name}
                                </button>
                            </h2>
                            <div id="collapse${index}" class="accordion-collapse collapse" data-bs-parent="#failAccordion">
                                <div class="accordion-body">
                                    <p><strong>状态:</strong> ${d.status} | <strong>失败类型:</strong> ${d.subtype}</p>
                                    ${displayLog ? `<div class="log-preview" style="display:block"><pre>${highlightKeyInfo(displayLog)}</pre></div>` : '<p class="text-muted">无详细日志</p>'}
                                    <button class="btn btn-sm btn-outline-secondary mt-2" onclick="toggleFullLog(this, ${index})">显示完整日志</button>
                                    <div id="fullLog${index}" class="log-preview mt-2" style="display:none"><pre>${d.short_log || '无完整日志'}</pre></div>
                                </div>
                            </div>
                        </div>
                    `;
                });
                html += '</div>';
                modalBody.innerHTML = html;
            }
            
            new bootstrap.Modal(document.getElementById('failureModal')).show();
        }

        function toggleFullLog(button, index) {
            const fullLogDiv = document.getElementById(`fullLog${index}`);
            if (fullLogDiv.style.display === 'none') {
                fullLogDiv.style.display = 'block';
                button.textContent = '隐藏完整日志';
            } else {
                fullLogDiv.style.display = 'none';
                button.textContent = '显示完整日志';
            }
        }

        document.getElementById('searchInput').addEventListener('input', (e) => {
            renderTable(e.target.value);
        });

        initCharts();
        renderTable();

    </script>
    <script src="https://cdn.jsdelivr.net/npm/bootstrap@5.1.3/dist/js/bootstrap.bundle.min.js"></script>
</body>
</html>